                              1 ;--------------------------------------------------------
                              2 ; File Created by SDCC : free open source ANSI-C Compiler
                              3 ; Version 3.5.0 #9253 (Sep 22 2015) (CYGWIN)
                              4 ; This file was generated Sat Oct 17 18:00:21 2015
                              5 ;--------------------------------------------------------
                              6 	.module gladis
                              7 	.optsdcc -mz80
                              8 	
                              9 ;--------------------------------------------------------
                             10 ; Public variables in this module
                             11 ;--------------------------------------------------------
                             12 	.globl _gladis_atk_arriba
                             13 	.globl _gladis_atk_abajo
                             14 	.globl _gladis_abajo
                             15 	.globl _gladis_arriba
                             16 	.globl _gladis_atk_izda
                             17 	.globl _gladis_atk_dcha
                             18 	.globl _gladis_quieto_izda
                             19 	.globl _gladis_quieto_dcha
                             20 ;--------------------------------------------------------
                             21 ; special function registers
                             22 ;--------------------------------------------------------
                             23 ;--------------------------------------------------------
                             24 ; ram data
                             25 ;--------------------------------------------------------
                             26 	.area _DATA
                             27 ;--------------------------------------------------------
                             28 ; ram data
                             29 ;--------------------------------------------------------
                             30 	.area _INITIALIZED
                             31 ;--------------------------------------------------------
                             32 ; absolute external ram data
                             33 ;--------------------------------------------------------
                             34 	.area _DABS (ABS)
                             35 ;--------------------------------------------------------
                             36 ; global & static initialisations
                             37 ;--------------------------------------------------------
                             38 	.area _HOME
                             39 	.area _GSINIT
                             40 	.area _GSFINAL
                             41 	.area _GSINIT
                             42 ;--------------------------------------------------------
                             43 ; Home
                             44 ;--------------------------------------------------------
                             45 	.area _HOME
                             46 	.area _HOME
                             47 ;--------------------------------------------------------
                             48 ; code
                             49 ;--------------------------------------------------------
                             50 	.area _CODE
                             51 	.area _CODE
   0000                      52 _gladis_quieto_dcha:
   0000 FF                   53 	.db #0xFF	; 255
   0001 00                   54 	.db #0x00	; 0
   0002 FF                   55 	.db #0xFF	; 255
   0003 00                   56 	.db #0x00	; 0
   0004 FF                   57 	.db #0xFF	; 255
   0005 00                   58 	.db #0x00	; 0
   0006 FF                   59 	.db #0xFF	; 255
   0007 00                   60 	.db #0x00	; 0
   0008 FF                   61 	.db #0xFF	; 255
   0009 00                   62 	.db #0x00	; 0
   000A 00                   63 	.db #0x00	; 0
   000B 0C                   64 	.db #0x0C	; 12
   000C 00                   65 	.db #0x00	; 0
   000D 0C                   66 	.db #0x0C	; 12
   000E FF                   67 	.db #0xFF	; 255
   000F 00                   68 	.db #0x00	; 0
   0010 FF                   69 	.db #0xFF	; 255
   0011 00                   70 	.db #0x00	; 0
   0012 00                   71 	.db #0x00	; 0
   0013 0C                   72 	.db #0x0C	; 12
   0014 00                   73 	.db #0x00	; 0
   0015 C0                   74 	.db #0xC0	; 192
   0016 FF                   75 	.db #0xFF	; 255
   0017 00                   76 	.db #0x00	; 0
   0018 FF                   77 	.db #0xFF	; 255
   0019 00                   78 	.db #0x00	; 0
   001A 00                   79 	.db #0x00	; 0
   001B 48                   80 	.db #0x48	; 72	'H'
   001C AA                   81 	.db #0xAA	; 170
   001D 40                   82 	.db #0x40	; 64
   001E FF                   83 	.db #0xFF	; 255
   001F 00                   84 	.db #0x00	; 0
   0020 FF                   85 	.db #0xFF	; 255
   0021 00                   86 	.db #0x00	; 0
   0022 00                   87 	.db #0x00	; 0
   0023 48                   88 	.db #0x48	; 72	'H'
   0024 00                   89 	.db #0x00	; 0
   0025 C0                   90 	.db #0xC0	; 192
   0026 FF                   91 	.db #0xFF	; 255
   0027 00                   92 	.db #0x00	; 0
   0028 FF                   93 	.db #0xFF	; 255
   0029 00                   94 	.db #0x00	; 0
   002A 00                   95 	.db #0x00	; 0
   002B C0                   96 	.db #0xC0	; 192
   002C 00                   97 	.db #0x00	; 0
   002D C0                   98 	.db #0xC0	; 192
   002E FF                   99 	.db #0xFF	; 255
   002F 00                  100 	.db #0x00	; 0
   0030 FF                  101 	.db #0xFF	; 255
   0031 00                  102 	.db #0x00	; 0
   0032 AA                  103 	.db #0xAA	; 170
   0033 44                  104 	.db #0x44	; 68	'D'
   0034 55                  105 	.db #0x55	; 85	'U'
   0035 80                  106 	.db #0x80	; 128
   0036 FF                  107 	.db #0xFF	; 255
   0037 00                  108 	.db #0x00	; 0
   0038 FF                  109 	.db #0xFF	; 255
   0039 00                  110 	.db #0x00	; 0
   003A 00                  111 	.db #0x00	; 0
   003B CC                  112 	.db #0xCC	; 204
   003C 00                  113 	.db #0x00	; 0
   003D C4                  114 	.db #0xC4	; 196
   003E AA                  115 	.db #0xAA	; 170
   003F 40                  116 	.db #0x40	; 64
   0040 00                  117 	.db #0x00	; 0
   0041 CC                  118 	.db #0xCC	; 204
   0042 00                  119 	.db #0x00	; 0
   0043 CC                  120 	.db #0xCC	; 204
   0044 00                  121 	.db #0x00	; 0
   0045 C4                  122 	.db #0xC4	; 196
   0046 00                  123 	.db #0x00	; 0
   0047 CC                  124 	.db #0xCC	; 204
   0048 55                  125 	.db #0x55	; 85	'U'
   0049 80                  126 	.db #0x80	; 128
   004A 00                  127 	.db #0x00	; 0
   004B CC                  128 	.db #0xCC	; 204
   004C 00                  129 	.db #0x00	; 0
   004D C4                  130 	.db #0xC4	; 196
   004E FF                  131 	.db #0xFF	; 255
   004F 00                  132 	.db #0x00	; 0
   0050 FF                  133 	.db #0xFF	; 255
   0051 00                  134 	.db #0x00	; 0
   0052 00                  135 	.db #0x00	; 0
   0053 CC                  136 	.db #0xCC	; 204
   0054 00                  137 	.db #0x00	; 0
   0055 C4                  138 	.db #0xC4	; 196
   0056 FF                  139 	.db #0xFF	; 255
   0057 00                  140 	.db #0x00	; 0
   0058 FF                  141 	.db #0xFF	; 255
   0059 00                  142 	.db #0x00	; 0
   005A 00                  143 	.db #0x00	; 0
   005B 0C                  144 	.db #0x0C	; 12
   005C 00                  145 	.db #0x00	; 0
   005D 0C                  146 	.db #0x0C	; 12
   005E FF                  147 	.db #0xFF	; 255
   005F 00                  148 	.db #0x00	; 0
   0060 FF                  149 	.db #0xFF	; 255
   0061 00                  150 	.db #0x00	; 0
   0062 55                  151 	.db #0x55	; 85	'U'
   0063 08                  152 	.db #0x08	; 8
   0064 AA                  153 	.db #0xAA	; 170
   0065 04                  154 	.db #0x04	; 4
   0066 FF                  155 	.db #0xFF	; 255
   0067 00                  156 	.db #0x00	; 0
   0068 AA                  157 	.db #0xAA	; 170
   0069 04                  158 	.db #0x04	; 4
   006A 55                  159 	.db #0x55	; 85	'U'
   006B 08                  160 	.db #0x08	; 8
   006C AA                  161 	.db #0xAA	; 170
   006D 04                  162 	.db #0x04	; 4
   006E 55                  163 	.db #0x55	; 85	'U'
   006F 08                  164 	.db #0x08	; 8
   0070 AA                  165 	.db #0xAA	; 170
   0071 04                  166 	.db #0x04	; 4
   0072 FF                  167 	.db #0xFF	; 255
   0073 00                  168 	.db #0x00	; 0
   0074 FF                  169 	.db #0xFF	; 255
   0075 00                  170 	.db #0x00	; 0
   0076 55                  171 	.db #0x55	; 85	'U'
   0077 08                  172 	.db #0x08	; 8
   0078 AA                  173 	.db #0xAA	; 170
   0079 40                  174 	.db #0x40	; 64
   007A 55                  175 	.db #0x55	; 85	'U'
   007B 80                  176 	.db #0x80	; 128
   007C FF                  177 	.db #0xFF	; 255
   007D 00                  178 	.db #0x00	; 0
   007E 00                  179 	.db #0x00	; 0
   007F C0                  180 	.db #0xC0	; 192
   0080                     181 _gladis_quieto_izda:
   0080 FF                  182 	.db #0xFF	; 255
   0081 00                  183 	.db #0x00	; 0
   0082 FF                  184 	.db #0xFF	; 255
   0083 00                  185 	.db #0x00	; 0
   0084 FF                  186 	.db #0xFF	; 255
   0085 00                  187 	.db #0x00	; 0
   0086 FF                  188 	.db #0xFF	; 255
   0087 00                  189 	.db #0x00	; 0
   0088 FF                  190 	.db #0xFF	; 255
   0089 00                  191 	.db #0x00	; 0
   008A 00                  192 	.db #0x00	; 0
   008B 0C                  193 	.db #0x0C	; 12
   008C 00                  194 	.db #0x00	; 0
   008D 0C                  195 	.db #0x0C	; 12
   008E FF                  196 	.db #0xFF	; 255
   008F 00                  197 	.db #0x00	; 0
   0090 FF                  198 	.db #0xFF	; 255
   0091 00                  199 	.db #0x00	; 0
   0092 00                  200 	.db #0x00	; 0
   0093 C0                  201 	.db #0xC0	; 192
   0094 00                  202 	.db #0x00	; 0
   0095 0C                  203 	.db #0x0C	; 12
   0096 FF                  204 	.db #0xFF	; 255
   0097 00                  205 	.db #0x00	; 0
   0098 FF                  206 	.db #0xFF	; 255
   0099 00                  207 	.db #0x00	; 0
   009A 55                  208 	.db #0x55	; 85	'U'
   009B 80                  209 	.db #0x80	; 128
   009C 00                  210 	.db #0x00	; 0
   009D 84                  211 	.db #0x84	; 132
   009E FF                  212 	.db #0xFF	; 255
   009F 00                  213 	.db #0x00	; 0
   00A0 FF                  214 	.db #0xFF	; 255
   00A1 00                  215 	.db #0x00	; 0
   00A2 00                  216 	.db #0x00	; 0
   00A3 C0                  217 	.db #0xC0	; 192
   00A4 00                  218 	.db #0x00	; 0
   00A5 84                  219 	.db #0x84	; 132
   00A6 FF                  220 	.db #0xFF	; 255
   00A7 00                  221 	.db #0x00	; 0
   00A8 FF                  222 	.db #0xFF	; 255
   00A9 00                  223 	.db #0x00	; 0
   00AA 00                  224 	.db #0x00	; 0
   00AB C0                  225 	.db #0xC0	; 192
   00AC 00                  226 	.db #0x00	; 0
   00AD C0                  227 	.db #0xC0	; 192
   00AE FF                  228 	.db #0xFF	; 255
   00AF 00                  229 	.db #0x00	; 0
   00B0 FF                  230 	.db #0xFF	; 255
   00B1 00                  231 	.db #0x00	; 0
   00B2 AA                  232 	.db #0xAA	; 170
   00B3 40                  233 	.db #0x40	; 64
   00B4 55                  234 	.db #0x55	; 85	'U'
   00B5 88                  235 	.db #0x88	; 136
   00B6 FF                  236 	.db #0xFF	; 255
   00B7 00                  237 	.db #0x00	; 0
   00B8 55                  238 	.db #0x55	; 85	'U'
   00B9 80                  239 	.db #0x80	; 128
   00BA 00                  240 	.db #0x00	; 0
   00BB C8                  241 	.db #0xC8	; 200
   00BC 00                  242 	.db #0x00	; 0
   00BD CC                  243 	.db #0xCC	; 204
   00BE FF                  244 	.db #0xFF	; 255
   00BF 00                  245 	.db #0x00	; 0
   00C0 00                  246 	.db #0x00	; 0
   00C1 CC                  247 	.db #0xCC	; 204
   00C2 00                  248 	.db #0x00	; 0
   00C3 C8                  249 	.db #0xC8	; 200
   00C4 00                  250 	.db #0x00	; 0
   00C5 CC                  251 	.db #0xCC	; 204
   00C6 00                  252 	.db #0x00	; 0
   00C7 CC                  253 	.db #0xCC	; 204
   00C8 FF                  254 	.db #0xFF	; 255
   00C9 00                  255 	.db #0x00	; 0
   00CA 00                  256 	.db #0x00	; 0
   00CB C8                  257 	.db #0xC8	; 200
   00CC 00                  258 	.db #0x00	; 0
   00CD CC                  259 	.db #0xCC	; 204
   00CE AA                  260 	.db #0xAA	; 170
   00CF 40                  261 	.db #0x40	; 64
   00D0 FF                  262 	.db #0xFF	; 255
   00D1 00                  263 	.db #0x00	; 0
   00D2 00                  264 	.db #0x00	; 0
   00D3 C8                  265 	.db #0xC8	; 200
   00D4 00                  266 	.db #0x00	; 0
   00D5 CC                  267 	.db #0xCC	; 204
   00D6 FF                  268 	.db #0xFF	; 255
   00D7 00                  269 	.db #0x00	; 0
   00D8 FF                  270 	.db #0xFF	; 255
   00D9 00                  271 	.db #0x00	; 0
   00DA 00                  272 	.db #0x00	; 0
   00DB 0C                  273 	.db #0x0C	; 12
   00DC 00                  274 	.db #0x00	; 0
   00DD 0C                  275 	.db #0x0C	; 12
   00DE FF                  276 	.db #0xFF	; 255
   00DF 00                  277 	.db #0x00	; 0
   00E0 FF                  278 	.db #0xFF	; 255
   00E1 00                  279 	.db #0x00	; 0
   00E2 55                  280 	.db #0x55	; 85	'U'
   00E3 08                  281 	.db #0x08	; 8
   00E4 AA                  282 	.db #0xAA	; 170
   00E5 04                  283 	.db #0x04	; 4
   00E6 FF                  284 	.db #0xFF	; 255
   00E7 00                  285 	.db #0x00	; 0
   00E8 AA                  286 	.db #0xAA	; 170
   00E9 04                  287 	.db #0x04	; 4
   00EA 55                  288 	.db #0x55	; 85	'U'
   00EB 08                  289 	.db #0x08	; 8
   00EC AA                  290 	.db #0xAA	; 170
   00ED 04                  291 	.db #0x04	; 4
   00EE 55                  292 	.db #0x55	; 85	'U'
   00EF 08                  293 	.db #0x08	; 8
   00F0 AA                  294 	.db #0xAA	; 170
   00F1 04                  295 	.db #0x04	; 4
   00F2 FF                  296 	.db #0xFF	; 255
   00F3 00                  297 	.db #0x00	; 0
   00F4 FF                  298 	.db #0xFF	; 255
   00F5 00                  299 	.db #0x00	; 0
   00F6 55                  300 	.db #0x55	; 85	'U'
   00F7 08                  301 	.db #0x08	; 8
   00F8 00                  302 	.db #0x00	; 0
   00F9 C0                  303 	.db #0xC0	; 192
   00FA FF                  304 	.db #0xFF	; 255
   00FB 00                  305 	.db #0x00	; 0
   00FC AA                  306 	.db #0xAA	; 170
   00FD 40                  307 	.db #0x40	; 64
   00FE 55                  308 	.db #0x55	; 85	'U'
   00FF 80                  309 	.db #0x80	; 128
   0100                     310 _gladis_atk_dcha:
   0100 FF                  311 	.db #0xFF	; 255
   0101 00                  312 	.db #0x00	; 0
   0102 FF                  313 	.db #0xFF	; 255
   0103 00                  314 	.db #0x00	; 0
   0104 FF                  315 	.db #0xFF	; 255
   0105 00                  316 	.db #0x00	; 0
   0106 FF                  317 	.db #0xFF	; 255
   0107 00                  318 	.db #0x00	; 0
   0108 FF                  319 	.db #0xFF	; 255
   0109 00                  320 	.db #0x00	; 0
   010A AA                  321 	.db #0xAA	; 170
   010B 04                  322 	.db #0x04	; 4
   010C 00                  323 	.db #0x00	; 0
   010D 0C                  324 	.db #0x0C	; 12
   010E 55                  325 	.db #0x55	; 85	'U'
   010F 08                  326 	.db #0x08	; 8
   0110 FF                  327 	.db #0xFF	; 255
   0111 00                  328 	.db #0x00	; 0
   0112 FF                  329 	.db #0xFF	; 255
   0113 00                  330 	.db #0x00	; 0
   0114 AA                  331 	.db #0xAA	; 170
   0115 04                  332 	.db #0x04	; 4
   0116 00                  333 	.db #0x00	; 0
   0117 48                  334 	.db #0x48	; 72	'H'
   0118 55                  335 	.db #0x55	; 85	'U'
   0119 80                  336 	.db #0x80	; 128
   011A FF                  337 	.db #0xFF	; 255
   011B 00                  338 	.db #0x00	; 0
   011C FF                  339 	.db #0xFF	; 255
   011D 00                  340 	.db #0x00	; 0
   011E AA                  341 	.db #0xAA	; 170
   011F 04                  342 	.db #0x04	; 4
   0120 55                  343 	.db #0x55	; 85	'U'
   0121 80                  344 	.db #0x80	; 128
   0122 55                  345 	.db #0x55	; 85	'U'
   0123 80                  346 	.db #0x80	; 128
   0124 FF                  347 	.db #0xFF	; 255
   0125 00                  348 	.db #0x00	; 0
   0126 FF                  349 	.db #0xFF	; 255
   0127 00                  350 	.db #0x00	; 0
   0128 AA                  351 	.db #0xAA	; 170
   0129 04                  352 	.db #0x04	; 4
   012A 00                  353 	.db #0x00	; 0
   012B C0                  354 	.db #0xC0	; 192
   012C 55                  355 	.db #0x55	; 85	'U'
   012D 80                  356 	.db #0x80	; 128
   012E FF                  357 	.db #0xFF	; 255
   012F 00                  358 	.db #0x00	; 0
   0130 FF                  359 	.db #0xFF	; 255
   0131 00                  360 	.db #0x00	; 0
   0132 AA                  361 	.db #0xAA	; 170
   0133 40                  362 	.db #0x40	; 64
   0134 00                  363 	.db #0x00	; 0
   0135 C0                  364 	.db #0xC0	; 192
   0136 55                  365 	.db #0x55	; 85	'U'
   0137 80                  366 	.db #0x80	; 128
   0138 FF                  367 	.db #0xFF	; 255
   0139 00                  368 	.db #0x00	; 0
   013A AA                  369 	.db #0xAA	; 170
   013B 40                  370 	.db #0x40	; 64
   013C 55                  371 	.db #0x55	; 85	'U'
   013D 80                  372 	.db #0x80	; 128
   013E 00                  373 	.db #0x00	; 0
   013F C8                  374 	.db #0xC8	; 200
   0140 FF                  375 	.db #0xFF	; 255
   0141 00                  376 	.db #0x00	; 0
   0142 55                  377 	.db #0x55	; 85	'U'
   0143 88                  378 	.db #0x88	; 136
   0144 55                  379 	.db #0x55	; 85	'U'
   0145 80                  380 	.db #0x80	; 128
   0146 00                  381 	.db #0x00	; 0
   0147 CC                  382 	.db #0xCC	; 204
   0148 00                  383 	.db #0x00	; 0
   0149 C8                  384 	.db #0xC8	; 200
   014A 55                  385 	.db #0x55	; 85	'U'
   014B 88                  386 	.db #0x88	; 136
   014C AA                  387 	.db #0xAA	; 170
   014D 44                  388 	.db #0x44	; 68	'D'
   014E FF                  389 	.db #0xFF	; 255
   014F 00                  390 	.db #0x00	; 0
   0150 00                  391 	.db #0x00	; 0
   0151 CC                  392 	.db #0xCC	; 204
   0152 00                  393 	.db #0x00	; 0
   0153 C8                  394 	.db #0xC8	; 200
   0154 00                  395 	.db #0x00	; 0
   0155 CC                  396 	.db #0xCC	; 204
   0156 55                  397 	.db #0x55	; 85	'U'
   0157 80                  398 	.db #0x80	; 128
   0158 55                  399 	.db #0x55	; 85	'U'
   0159 88                  400 	.db #0x88	; 136
   015A AA                  401 	.db #0xAA	; 170
   015B 44                  402 	.db #0x44	; 68	'D'
   015C 00                  403 	.db #0x00	; 0
   015D C8                  404 	.db #0xC8	; 200
   015E 55                  405 	.db #0x55	; 85	'U'
   015F 88                  406 	.db #0x88	; 136
   0160 FF                  407 	.db #0xFF	; 255
   0161 00                  408 	.db #0x00	; 0
   0162 FF                  409 	.db #0xFF	; 255
   0163 00                  410 	.db #0x00	; 0
   0164 AA                  411 	.db #0xAA	; 170
   0165 44                  412 	.db #0x44	; 68	'D'
   0166 00                  413 	.db #0x00	; 0
   0167 C8                  414 	.db #0xC8	; 200
   0168 55                  415 	.db #0x55	; 85	'U'
   0169 88                  416 	.db #0x88	; 136
   016A FF                  417 	.db #0xFF	; 255
   016B 00                  418 	.db #0x00	; 0
   016C FF                  419 	.db #0xFF	; 255
   016D 00                  420 	.db #0x00	; 0
   016E AA                  421 	.db #0xAA	; 170
   016F 04                  422 	.db #0x04	; 4
   0170 00                  423 	.db #0x00	; 0
   0171 0C                  424 	.db #0x0C	; 12
   0172 55                  425 	.db #0x55	; 85	'U'
   0173 08                  426 	.db #0x08	; 8
   0174 FF                  427 	.db #0xFF	; 255
   0175 00                  428 	.db #0x00	; 0
   0176 FF                  429 	.db #0xFF	; 255
   0177 00                  430 	.db #0x00	; 0
   0178 AA                  431 	.db #0xAA	; 170
   0179 04                  432 	.db #0x04	; 4
   017A FF                  433 	.db #0xFF	; 255
   017B 00                  434 	.db #0x00	; 0
   017C 55                  435 	.db #0x55	; 85	'U'
   017D 08                  436 	.db #0x08	; 8
   017E FF                  437 	.db #0xFF	; 255
   017F 00                  438 	.db #0x00	; 0
   0180 FF                  439 	.db #0xFF	; 255
   0181 00                  440 	.db #0x00	; 0
   0182 00                  441 	.db #0x00	; 0
   0183 0C                  442 	.db #0x0C	; 12
   0184 FF                  443 	.db #0xFF	; 255
   0185 00                  444 	.db #0x00	; 0
   0186 00                  445 	.db #0x00	; 0
   0187 0C                  446 	.db #0x0C	; 12
   0188 FF                  447 	.db #0xFF	; 255
   0189 00                  448 	.db #0x00	; 0
   018A FF                  449 	.db #0xFF	; 255
   018B 00                  450 	.db #0x00	; 0
   018C 55                  451 	.db #0x55	; 85	'U'
   018D 08                  452 	.db #0x08	; 8
   018E FF                  453 	.db #0xFF	; 255
   018F 00                  454 	.db #0x00	; 0
   0190 AA                  455 	.db #0xAA	; 170
   0191 04                  456 	.db #0x04	; 4
   0192 FF                  457 	.db #0xFF	; 255
   0193 00                  458 	.db #0x00	; 0
   0194 FF                  459 	.db #0xFF	; 255
   0195 00                  460 	.db #0x00	; 0
   0196 00                  461 	.db #0x00	; 0
   0197 C0                  462 	.db #0xC0	; 192
   0198 FF                  463 	.db #0xFF	; 255
   0199 00                  464 	.db #0x00	; 0
   019A AA                  465 	.db #0xAA	; 170
   019B 40                  466 	.db #0x40	; 64
   019C 55                  467 	.db #0x55	; 85	'U'
   019D 80                  468 	.db #0x80	; 128
   019E FF                  469 	.db #0xFF	; 255
   019F 00                  470 	.db #0x00	; 0
   01A0                     471 _gladis_atk_izda:
   01A0 FF                  472 	.db #0xFF	; 255
   01A1 00                  473 	.db #0x00	; 0
   01A2 FF                  474 	.db #0xFF	; 255
   01A3 00                  475 	.db #0x00	; 0
   01A4 FF                  476 	.db #0xFF	; 255
   01A5 00                  477 	.db #0x00	; 0
   01A6 FF                  478 	.db #0xFF	; 255
   01A7 00                  479 	.db #0x00	; 0
   01A8 FF                  480 	.db #0xFF	; 255
   01A9 00                  481 	.db #0x00	; 0
   01AA FF                  482 	.db #0xFF	; 255
   01AB 00                  483 	.db #0x00	; 0
   01AC FF                  484 	.db #0xFF	; 255
   01AD 00                  485 	.db #0x00	; 0
   01AE AA                  486 	.db #0xAA	; 170
   01AF 04                  487 	.db #0x04	; 4
   01B0 00                  488 	.db #0x00	; 0
   01B1 0C                  489 	.db #0x0C	; 12
   01B2 55                  490 	.db #0x55	; 85	'U'
   01B3 08                  491 	.db #0x08	; 8
   01B4 FF                  492 	.db #0xFF	; 255
   01B5 00                  493 	.db #0x00	; 0
   01B6 FF                  494 	.db #0xFF	; 255
   01B7 00                  495 	.db #0x00	; 0
   01B8 AA                  496 	.db #0xAA	; 170
   01B9 40                  497 	.db #0x40	; 64
   01BA 00                  498 	.db #0x00	; 0
   01BB 84                  499 	.db #0x84	; 132
   01BC 55                  500 	.db #0x55	; 85	'U'
   01BD 08                  501 	.db #0x08	; 8
   01BE FF                  502 	.db #0xFF	; 255
   01BF 00                  503 	.db #0x00	; 0
   01C0 FF                  504 	.db #0xFF	; 255
   01C1 00                  505 	.db #0x00	; 0
   01C2 AA                  506 	.db #0xAA	; 170
   01C3 40                  507 	.db #0x40	; 64
   01C4 AA                  508 	.db #0xAA	; 170
   01C5 40                  509 	.db #0x40	; 64
   01C6 55                  510 	.db #0x55	; 85	'U'
   01C7 08                  511 	.db #0x08	; 8
   01C8 FF                  512 	.db #0xFF	; 255
   01C9 00                  513 	.db #0x00	; 0
   01CA FF                  514 	.db #0xFF	; 255
   01CB 00                  515 	.db #0x00	; 0
   01CC AA                  516 	.db #0xAA	; 170
   01CD 40                  517 	.db #0x40	; 64
   01CE 00                  518 	.db #0x00	; 0
   01CF C0                  519 	.db #0xC0	; 192
   01D0 55                  520 	.db #0x55	; 85	'U'
   01D1 08                  521 	.db #0x08	; 8
   01D2 55                  522 	.db #0x55	; 85	'U'
   01D3 80                  523 	.db #0x80	; 128
   01D4 FF                  524 	.db #0xFF	; 255
   01D5 00                  525 	.db #0x00	; 0
   01D6 AA                  526 	.db #0xAA	; 170
   01D7 40                  527 	.db #0x40	; 64
   01D8 00                  528 	.db #0x00	; 0
   01D9 C0                  529 	.db #0xC0	; 192
   01DA 55                  530 	.db #0x55	; 85	'U'
   01DB 80                  531 	.db #0x80	; 128
   01DC AA                  532 	.db #0xAA	; 170
   01DD 40                  533 	.db #0x40	; 64
   01DE AA                  534 	.db #0xAA	; 170
   01DF 44                  535 	.db #0x44	; 68	'D'
   01E0 FF                  536 	.db #0xFF	; 255
   01E1 00                  537 	.db #0x00	; 0
   01E2 00                  538 	.db #0x00	; 0
   01E3 C4                  539 	.db #0xC4	; 196
   01E4 AA                  540 	.db #0xAA	; 170
   01E5 40                  541 	.db #0x40	; 64
   01E6 FF                  542 	.db #0xFF	; 255
   01E7 00                  543 	.db #0x00	; 0
   01E8 55                  544 	.db #0x55	; 85	'U'
   01E9 88                  545 	.db #0x88	; 136
   01EA AA                  546 	.db #0xAA	; 170
   01EB 44                  547 	.db #0x44	; 68	'D'
   01EC 00                  548 	.db #0x00	; 0
   01ED C4                  549 	.db #0xC4	; 196
   01EE 00                  550 	.db #0x00	; 0
   01EF CC                  551 	.db #0xCC	; 204
   01F0 AA                  552 	.db #0xAA	; 170
   01F1 44                  553 	.db #0x44	; 68	'D'
   01F2 AA                  554 	.db #0xAA	; 170
   01F3 40                  555 	.db #0x40	; 64
   01F4 00                  556 	.db #0x00	; 0
   01F5 CC                  557 	.db #0xCC	; 204
   01F6 00                  558 	.db #0x00	; 0
   01F7 C4                  559 	.db #0xC4	; 196
   01F8 00                  560 	.db #0x00	; 0
   01F9 CC                  561 	.db #0xCC	; 204
   01FA FF                  562 	.db #0xFF	; 255
   01FB 00                  563 	.db #0x00	; 0
   01FC FF                  564 	.db #0xFF	; 255
   01FD 00                  565 	.db #0x00	; 0
   01FE AA                  566 	.db #0xAA	; 170
   01FF 44                  567 	.db #0x44	; 68	'D'
   0200 00                  568 	.db #0x00	; 0
   0201 C4                  569 	.db #0xC4	; 196
   0202 55                  570 	.db #0x55	; 85	'U'
   0203 88                  571 	.db #0x88	; 136
   0204 FF                  572 	.db #0xFF	; 255
   0205 00                  573 	.db #0x00	; 0
   0206 FF                  574 	.db #0xFF	; 255
   0207 00                  575 	.db #0x00	; 0
   0208 AA                  576 	.db #0xAA	; 170
   0209 44                  577 	.db #0x44	; 68	'D'
   020A 00                  578 	.db #0x00	; 0
   020B C4                  579 	.db #0xC4	; 196
   020C 55                  580 	.db #0x55	; 85	'U'
   020D 88                  581 	.db #0x88	; 136
   020E FF                  582 	.db #0xFF	; 255
   020F 00                  583 	.db #0x00	; 0
   0210 FF                  584 	.db #0xFF	; 255
   0211 00                  585 	.db #0x00	; 0
   0212 AA                  586 	.db #0xAA	; 170
   0213 04                  587 	.db #0x04	; 4
   0214 00                  588 	.db #0x00	; 0
   0215 0C                  589 	.db #0x0C	; 12
   0216 55                  590 	.db #0x55	; 85	'U'
   0217 08                  591 	.db #0x08	; 8
   0218 FF                  592 	.db #0xFF	; 255
   0219 00                  593 	.db #0x00	; 0
   021A FF                  594 	.db #0xFF	; 255
   021B 00                  595 	.db #0x00	; 0
   021C AA                  596 	.db #0xAA	; 170
   021D 04                  597 	.db #0x04	; 4
   021E FF                  598 	.db #0xFF	; 255
   021F 00                  599 	.db #0x00	; 0
   0220 55                  600 	.db #0x55	; 85	'U'
   0221 08                  601 	.db #0x08	; 8
   0222 FF                  602 	.db #0xFF	; 255
   0223 00                  603 	.db #0x00	; 0
   0224 FF                  604 	.db #0xFF	; 255
   0225 00                  605 	.db #0x00	; 0
   0226 00                  606 	.db #0x00	; 0
   0227 0C                  607 	.db #0x0C	; 12
   0228 FF                  608 	.db #0xFF	; 255
   0229 00                  609 	.db #0x00	; 0
   022A 00                  610 	.db #0x00	; 0
   022B 0C                  611 	.db #0x0C	; 12
   022C FF                  612 	.db #0xFF	; 255
   022D 00                  613 	.db #0x00	; 0
   022E FF                  614 	.db #0xFF	; 255
   022F 00                  615 	.db #0x00	; 0
   0230 55                  616 	.db #0x55	; 85	'U'
   0231 08                  617 	.db #0x08	; 8
   0232 FF                  618 	.db #0xFF	; 255
   0233 00                  619 	.db #0x00	; 0
   0234 AA                  620 	.db #0xAA	; 170
   0235 04                  621 	.db #0x04	; 4
   0236 FF                  622 	.db #0xFF	; 255
   0237 00                  623 	.db #0x00	; 0
   0238 AA                  624 	.db #0xAA	; 170
   0239 40                  625 	.db #0x40	; 64
   023A 55                  626 	.db #0x55	; 85	'U'
   023B 80                  627 	.db #0x80	; 128
   023C FF                  628 	.db #0xFF	; 255
   023D 00                  629 	.db #0x00	; 0
   023E 00                  630 	.db #0x00	; 0
   023F C0                  631 	.db #0xC0	; 192
   0240                     632 _gladis_arriba:
   0240 FF                  633 	.db #0xFF	; 255
   0241 00                  634 	.db #0x00	; 0
   0242 00                  635 	.db #0x00	; 0
   0243 0C                  636 	.db #0x0C	; 12
   0244 00                  637 	.db #0x00	; 0
   0245 0C                  638 	.db #0x0C	; 12
   0246 55                  639 	.db #0x55	; 85	'U'
   0247 08                  640 	.db #0x08	; 8
   0248 FF                  641 	.db #0xFF	; 255
   0249 00                  642 	.db #0x00	; 0
   024A 00                  643 	.db #0x00	; 0
   024B 0C                  644 	.db #0x0C	; 12
   024C 00                  645 	.db #0x00	; 0
   024D 0C                  646 	.db #0x0C	; 12
   024E 55                  647 	.db #0x55	; 85	'U'
   024F 08                  648 	.db #0x08	; 8
   0250 FF                  649 	.db #0xFF	; 255
   0251 00                  650 	.db #0x00	; 0
   0252 00                  651 	.db #0x00	; 0
   0253 0C                  652 	.db #0x0C	; 12
   0254 00                  653 	.db #0x00	; 0
   0255 0C                  654 	.db #0x0C	; 12
   0256 55                  655 	.db #0x55	; 85	'U'
   0257 08                  656 	.db #0x08	; 8
   0258 FF                  657 	.db #0xFF	; 255
   0259 00                  658 	.db #0x00	; 0
   025A 00                  659 	.db #0x00	; 0
   025B 84                  660 	.db #0x84	; 132
   025C 00                  661 	.db #0x00	; 0
   025D 0C                  662 	.db #0x0C	; 12
   025E 55                  663 	.db #0x55	; 85	'U'
   025F 80                  664 	.db #0x80	; 128
   0260 FF                  665 	.db #0xFF	; 255
   0261 00                  666 	.db #0x00	; 0
   0262 00                  667 	.db #0x00	; 0
   0263 C0                  668 	.db #0xC0	; 192
   0264 00                  669 	.db #0x00	; 0
   0265 C0                  670 	.db #0xC0	; 192
   0266 55                  671 	.db #0x55	; 85	'U'
   0267 80                  672 	.db #0x80	; 128
   0268 FF                  673 	.db #0xFF	; 255
   0269 00                  674 	.db #0x00	; 0
   026A AA                  675 	.db #0xAA	; 170
   026B 44                  676 	.db #0x44	; 68	'D'
   026C 00                  677 	.db #0x00	; 0
   026D CC                  678 	.db #0xCC	; 204
   026E FF                  679 	.db #0xFF	; 255
   026F 00                  680 	.db #0x00	; 0
   0270 FF                  681 	.db #0xFF	; 255
   0271 00                  682 	.db #0x00	; 0
   0272 00                  683 	.db #0x00	; 0
   0273 CC                  684 	.db #0xCC	; 204
   0274 00                  685 	.db #0x00	; 0
   0275 CC                  686 	.db #0xCC	; 204
   0276 55                  687 	.db #0x55	; 85	'U'
   0277 88                  688 	.db #0x88	; 136
   0278 55                  689 	.db #0x55	; 85	'U'
   0279 80                  690 	.db #0x80	; 128
   027A 00                  691 	.db #0x00	; 0
   027B CC                  692 	.db #0xCC	; 204
   027C 00                  693 	.db #0x00	; 0
   027D CC                  694 	.db #0xCC	; 204
   027E 55                  695 	.db #0x55	; 85	'U'
   027F 88                  696 	.db #0x88	; 136
   0280 00                  697 	.db #0x00	; 0
   0281 CC                  698 	.db #0xCC	; 204
   0282 00                  699 	.db #0x00	; 0
   0283 CC                  700 	.db #0xCC	; 204
   0284 00                  701 	.db #0x00	; 0
   0285 CC                  702 	.db #0xCC	; 204
   0286 00                  703 	.db #0x00	; 0
   0287 CC                  704 	.db #0xCC	; 204
   0288 FF                  705 	.db #0xFF	; 255
   0289 00                  706 	.db #0x00	; 0
   028A 00                  707 	.db #0x00	; 0
   028B CC                  708 	.db #0xCC	; 204
   028C 00                  709 	.db #0x00	; 0
   028D CC                  710 	.db #0xCC	; 204
   028E 00                  711 	.db #0x00	; 0
   028F CC                  712 	.db #0xCC	; 204
   0290 FF                  713 	.db #0xFF	; 255
   0291 00                  714 	.db #0x00	; 0
   0292 00                  715 	.db #0x00	; 0
   0293 CC                  716 	.db #0xCC	; 204
   0294 00                  717 	.db #0x00	; 0
   0295 CC                  718 	.db #0xCC	; 204
   0296 00                  719 	.db #0x00	; 0
   0297 C8                  720 	.db #0xC8	; 200
   0298 FF                  721 	.db #0xFF	; 255
   0299 00                  722 	.db #0x00	; 0
   029A 00                  723 	.db #0x00	; 0
   029B 0C                  724 	.db #0x0C	; 12
   029C 00                  725 	.db #0x00	; 0
   029D 0C                  726 	.db #0x0C	; 12
   029E 55                  727 	.db #0x55	; 85	'U'
   029F 08                  728 	.db #0x08	; 8
   02A0 FF                  729 	.db #0xFF	; 255
   02A1 00                  730 	.db #0x00	; 0
   02A2 AA                  731 	.db #0xAA	; 170
   02A3 04                  732 	.db #0x04	; 4
   02A4 AA                  733 	.db #0xAA	; 170
   02A5 04                  734 	.db #0x04	; 4
   02A6 FF                  735 	.db #0xFF	; 255
   02A7 00                  736 	.db #0x00	; 0
   02A8 FF                  737 	.db #0xFF	; 255
   02A9 00                  738 	.db #0x00	; 0
   02AA AA                  739 	.db #0xAA	; 170
   02AB 04                  740 	.db #0x04	; 4
   02AC AA                  741 	.db #0xAA	; 170
   02AD 04                  742 	.db #0x04	; 4
   02AE FF                  743 	.db #0xFF	; 255
   02AF 00                  744 	.db #0x00	; 0
   02B0 FF                  745 	.db #0xFF	; 255
   02B1 00                  746 	.db #0x00	; 0
   02B2 AA                  747 	.db #0xAA	; 170
   02B3 04                  748 	.db #0x04	; 4
   02B4 AA                  749 	.db #0xAA	; 170
   02B5 04                  750 	.db #0x04	; 4
   02B6 FF                  751 	.db #0xFF	; 255
   02B7 00                  752 	.db #0x00	; 0
   02B8 FF                  753 	.db #0xFF	; 255
   02B9 00                  754 	.db #0x00	; 0
   02BA 00                  755 	.db #0x00	; 0
   02BB C0                  756 	.db #0xC0	; 192
   02BC AA                  757 	.db #0xAA	; 170
   02BD 40                  758 	.db #0x40	; 64
   02BE 55                  759 	.db #0x55	; 85	'U'
   02BF 80                  760 	.db #0x80	; 128
   02C0                     761 _gladis_abajo:
   02C0 AA                  762 	.db #0xAA	; 170
   02C1 04                  763 	.db #0x04	; 4
   02C2 00                  764 	.db #0x00	; 0
   02C3 0C                  765 	.db #0x0C	; 12
   02C4 00                  766 	.db #0x00	; 0
   02C5 0C                  767 	.db #0x0C	; 12
   02C6 FF                  768 	.db #0xFF	; 255
   02C7 00                  769 	.db #0x00	; 0
   02C8 AA                  770 	.db #0xAA	; 170
   02C9 04                  771 	.db #0x04	; 4
   02CA 00                  772 	.db #0x00	; 0
   02CB C0                  773 	.db #0xC0	; 192
   02CC 00                  774 	.db #0x00	; 0
   02CD 84                  775 	.db #0x84	; 132
   02CE FF                  776 	.db #0xFF	; 255
   02CF 00                  777 	.db #0x00	; 0
   02D0 AA                  778 	.db #0xAA	; 170
   02D1 40                  779 	.db #0x40	; 64
   02D2 AA                  780 	.db #0xAA	; 170
   02D3 40                  781 	.db #0x40	; 64
   02D4 AA                  782 	.db #0xAA	; 170
   02D5 40                  783 	.db #0x40	; 64
   02D6 FF                  784 	.db #0xFF	; 255
   02D7 00                  785 	.db #0x00	; 0
   02D8 AA                  786 	.db #0xAA	; 170
   02D9 40                  787 	.db #0x40	; 64
   02DA 00                  788 	.db #0x00	; 0
   02DB C0                  789 	.db #0xC0	; 192
   02DC 00                  790 	.db #0x00	; 0
   02DD C0                  791 	.db #0xC0	; 192
   02DE FF                  792 	.db #0xFF	; 255
   02DF 00                  793 	.db #0x00	; 0
   02E0 AA                  794 	.db #0xAA	; 170
   02E1 40                  795 	.db #0x40	; 64
   02E2 00                  796 	.db #0x00	; 0
   02E3 C0                  797 	.db #0xC0	; 192
   02E4 00                  798 	.db #0x00	; 0
   02E5 C0                  799 	.db #0xC0	; 192
   02E6 FF                  800 	.db #0xFF	; 255
   02E7 00                  801 	.db #0x00	; 0
   02E8 FF                  802 	.db #0xFF	; 255
   02E9 00                  803 	.db #0x00	; 0
   02EA 00                  804 	.db #0x00	; 0
   02EB C8                  805 	.db #0xC8	; 200
   02EC 55                  806 	.db #0x55	; 85	'U'
   02ED 88                  807 	.db #0x88	; 136
   02EE FF                  808 	.db #0xFF	; 255
   02EF 00                  809 	.db #0x00	; 0
   02F0 AA                  810 	.db #0xAA	; 170
   02F1 44                  811 	.db #0x44	; 68	'D'
   02F2 00                  812 	.db #0x00	; 0
   02F3 C8                  813 	.db #0xC8	; 200
   02F4 00                  814 	.db #0x00	; 0
   02F5 CC                  815 	.db #0xCC	; 204
   02F6 FF                  816 	.db #0xFF	; 255
   02F7 00                  817 	.db #0x00	; 0
   02F8 AA                  818 	.db #0xAA	; 170
   02F9 44                  819 	.db #0x44	; 68	'D'
   02FA 00                  820 	.db #0x00	; 0
   02FB C8                  821 	.db #0xC8	; 200
   02FC 00                  822 	.db #0x00	; 0
   02FD CC                  823 	.db #0xCC	; 204
   02FE AA                  824 	.db #0xAA	; 170
   02FF 40                  825 	.db #0x40	; 64
   0300 00                  826 	.db #0x00	; 0
   0301 CC                  827 	.db #0xCC	; 204
   0302 00                  828 	.db #0x00	; 0
   0303 C8                  829 	.db #0xC8	; 200
   0304 00                  830 	.db #0x00	; 0
   0305 CC                  831 	.db #0xCC	; 204
   0306 00                  832 	.db #0x00	; 0
   0307 CC                  833 	.db #0xCC	; 204
   0308 00                  834 	.db #0x00	; 0
   0309 CC                  835 	.db #0xCC	; 204
   030A 00                  836 	.db #0x00	; 0
   030B C8                  837 	.db #0xC8	; 200
   030C 00                  838 	.db #0x00	; 0
   030D CC                  839 	.db #0xCC	; 204
   030E FF                  840 	.db #0xFF	; 255
   030F 00                  841 	.db #0x00	; 0
   0310 00                  842 	.db #0x00	; 0
   0311 C4                  843 	.db #0xC4	; 196
   0312 00                  844 	.db #0x00	; 0
   0313 C8                  845 	.db #0xC8	; 200
   0314 00                  846 	.db #0x00	; 0
   0315 CC                  847 	.db #0xCC	; 204
   0316 FF                  848 	.db #0xFF	; 255
   0317 00                  849 	.db #0x00	; 0
   0318 AA                  850 	.db #0xAA	; 170
   0319 04                  851 	.db #0x04	; 4
   031A 00                  852 	.db #0x00	; 0
   031B 0C                  853 	.db #0x0C	; 12
   031C 00                  854 	.db #0x00	; 0
   031D 0C                  855 	.db #0x0C	; 12
   031E FF                  856 	.db #0xFF	; 255
   031F 00                  857 	.db #0x00	; 0
   0320 FF                  858 	.db #0xFF	; 255
   0321 00                  859 	.db #0x00	; 0
   0322 55                  860 	.db #0x55	; 85	'U'
   0323 08                  861 	.db #0x08	; 8
   0324 55                  862 	.db #0x55	; 85	'U'
   0325 08                  863 	.db #0x08	; 8
   0326 FF                  864 	.db #0xFF	; 255
   0327 00                  865 	.db #0x00	; 0
   0328 FF                  866 	.db #0xFF	; 255
   0329 00                  867 	.db #0x00	; 0
   032A 55                  868 	.db #0x55	; 85	'U'
   032B 08                  869 	.db #0x08	; 8
   032C 55                  870 	.db #0x55	; 85	'U'
   032D 08                  871 	.db #0x08	; 8
   032E FF                  872 	.db #0xFF	; 255
   032F 00                  873 	.db #0x00	; 0
   0330 FF                  874 	.db #0xFF	; 255
   0331 00                  875 	.db #0x00	; 0
   0332 55                  876 	.db #0x55	; 85	'U'
   0333 08                  877 	.db #0x08	; 8
   0334 55                  878 	.db #0x55	; 85	'U'
   0335 08                  879 	.db #0x08	; 8
   0336 FF                  880 	.db #0xFF	; 255
   0337 00                  881 	.db #0x00	; 0
   0338 AA                  882 	.db #0xAA	; 170
   0339 40                  883 	.db #0x40	; 64
   033A 55                  884 	.db #0x55	; 85	'U'
   033B 80                  885 	.db #0x80	; 128
   033C 00                  886 	.db #0x00	; 0
   033D C0                  887 	.db #0xC0	; 192
   033E FF                  888 	.db #0xFF	; 255
   033F 00                  889 	.db #0x00	; 0
   0340                     890 _gladis_atk_abajo:
   0340 FF                  891 	.db #0xFF	; 255
   0341 00                  892 	.db #0x00	; 0
   0342 FF                  893 	.db #0xFF	; 255
   0343 00                  894 	.db #0x00	; 0
   0344 FF                  895 	.db #0xFF	; 255
   0345 00                  896 	.db #0x00	; 0
   0346 FF                  897 	.db #0xFF	; 255
   0347 00                  898 	.db #0x00	; 0
   0348 FF                  899 	.db #0xFF	; 255
   0349 00                  900 	.db #0x00	; 0
   034A 00                  901 	.db #0x00	; 0
   034B 0C                  902 	.db #0x0C	; 12
   034C 00                  903 	.db #0x00	; 0
   034D 0C                  904 	.db #0x0C	; 12
   034E 55                  905 	.db #0x55	; 85	'U'
   034F 08                  906 	.db #0x08	; 8
   0350 FF                  907 	.db #0xFF	; 255
   0351 00                  908 	.db #0x00	; 0
   0352 00                  909 	.db #0x00	; 0
   0353 48                  910 	.db #0x48	; 72	'H'
   0354 00                  911 	.db #0x00	; 0
   0355 C0                  912 	.db #0xC0	; 192
   0356 55                  913 	.db #0x55	; 85	'U'
   0357 08                  914 	.db #0x08	; 8
   0358 FF                  915 	.db #0xFF	; 255
   0359 00                  916 	.db #0x00	; 0
   035A 55                  917 	.db #0x55	; 85	'U'
   035B 80                  918 	.db #0x80	; 128
   035C 55                  919 	.db #0x55	; 85	'U'
   035D 80                  920 	.db #0x80	; 128
   035E 55                  921 	.db #0x55	; 85	'U'
   035F 80                  922 	.db #0x80	; 128
   0360 FF                  923 	.db #0xFF	; 255
   0361 00                  924 	.db #0x00	; 0
   0362 00                  925 	.db #0x00	; 0
   0363 C0                  926 	.db #0xC0	; 192
   0364 00                  927 	.db #0x00	; 0
   0365 C0                  928 	.db #0xC0	; 192
   0366 55                  929 	.db #0x55	; 85	'U'
   0367 80                  930 	.db #0x80	; 128
   0368 FF                  931 	.db #0xFF	; 255
   0369 00                  932 	.db #0x00	; 0
   036A 00                  933 	.db #0x00	; 0
   036B C0                  934 	.db #0xC0	; 192
   036C 00                  935 	.db #0x00	; 0
   036D C0                  936 	.db #0xC0	; 192
   036E 55                  937 	.db #0x55	; 85	'U'
   036F 80                  938 	.db #0x80	; 128
   0370 FF                  939 	.db #0xFF	; 255
   0371 00                  940 	.db #0x00	; 0
   0372 AA                  941 	.db #0xAA	; 170
   0373 44                  942 	.db #0x44	; 68	'D'
   0374 00                  943 	.db #0x00	; 0
   0375 C4                  944 	.db #0xC4	; 196
   0376 FF                  945 	.db #0xFF	; 255
   0377 00                  946 	.db #0x00	; 0
   0378 FF                  947 	.db #0xFF	; 255
   0379 00                  948 	.db #0x00	; 0
   037A 00                  949 	.db #0x00	; 0
   037B CC                  950 	.db #0xCC	; 204
   037C 00                  951 	.db #0x00	; 0
   037D C4                  952 	.db #0xC4	; 196
   037E 55                  953 	.db #0x55	; 85	'U'
   037F 88                  954 	.db #0x88	; 136
   0380 FF                  955 	.db #0xFF	; 255
   0381 00                  956 	.db #0x00	; 0
   0382 00                  957 	.db #0x00	; 0
   0383 CC                  958 	.db #0xCC	; 204
   0384 00                  959 	.db #0x00	; 0
   0385 C4                  960 	.db #0xC4	; 196
   0386 55                  961 	.db #0x55	; 85	'U'
   0387 88                  962 	.db #0x88	; 136
   0388 AA                  963 	.db #0xAA	; 170
   0389 44                  964 	.db #0x44	; 68	'D'
   038A 00                  965 	.db #0x00	; 0
   038B CC                  966 	.db #0xCC	; 204
   038C 00                  967 	.db #0x00	; 0
   038D C4                  968 	.db #0xC4	; 196
   038E 00                  969 	.db #0x00	; 0
   038F CC                  970 	.db #0xCC	; 204
   0390 00                  971 	.db #0x00	; 0
   0391 C4                  972 	.db #0xC4	; 196
   0392 00                  973 	.db #0x00	; 0
   0393 CC                  974 	.db #0xCC	; 204
   0394 00                  975 	.db #0x00	; 0
   0395 C4                  976 	.db #0xC4	; 196
   0396 00                  977 	.db #0x00	; 0
   0397 CC                  978 	.db #0xCC	; 204
   0398 55                  979 	.db #0x55	; 85	'U'
   0399 80                  980 	.db #0x80	; 128
   039A 00                  981 	.db #0x00	; 0
   039B CC                  982 	.db #0xCC	; 204
   039C 00                  983 	.db #0x00	; 0
   039D C4                  984 	.db #0xC4	; 196
   039E 00                  985 	.db #0x00	; 0
   039F C8                  986 	.db #0xC8	; 200
   03A0 55                  987 	.db #0x55	; 85	'U'
   03A1 80                  988 	.db #0x80	; 128
   03A2 00                  989 	.db #0x00	; 0
   03A3 0C                  990 	.db #0x0C	; 12
   03A4 00                  991 	.db #0x00	; 0
   03A5 0C                  992 	.db #0x0C	; 12
   03A6 55                  993 	.db #0x55	; 85	'U'
   03A7 08                  994 	.db #0x08	; 8
   03A8 55                  995 	.db #0x55	; 85	'U'
   03A9 80                  996 	.db #0x80	; 128
   03AA AA                  997 	.db #0xAA	; 170
   03AB 04                  998 	.db #0x04	; 4
   03AC AA                  999 	.db #0xAA	; 170
   03AD 04                 1000 	.db #0x04	; 4
   03AE FF                 1001 	.db #0xFF	; 255
   03AF 00                 1002 	.db #0x00	; 0
   03B0 FF                 1003 	.db #0xFF	; 255
   03B1 00                 1004 	.db #0x00	; 0
   03B2 AA                 1005 	.db #0xAA	; 170
   03B3 04                 1006 	.db #0x04	; 4
   03B4 AA                 1007 	.db #0xAA	; 170
   03B5 40                 1008 	.db #0x40	; 64
   03B6 55                 1009 	.db #0x55	; 85	'U'
   03B7 80                 1010 	.db #0x80	; 128
   03B8 FF                 1011 	.db #0xFF	; 255
   03B9 00                 1012 	.db #0x00	; 0
   03BA 00                 1013 	.db #0x00	; 0
   03BB C0                 1014 	.db #0xC0	; 192
   03BC FF                 1015 	.db #0xFF	; 255
   03BD 00                 1016 	.db #0x00	; 0
   03BE FF                 1017 	.db #0xFF	; 255
   03BF 00                 1018 	.db #0x00	; 0
   03C0                    1019 _gladis_atk_arriba:
   03C0 AA                 1020 	.db #0xAA	; 170
   03C1 04                 1021 	.db #0x04	; 4
   03C2 00                 1022 	.db #0x00	; 0
   03C3 0C                 1023 	.db #0x0C	; 12
   03C4 00                 1024 	.db #0x00	; 0
   03C5 0C                 1025 	.db #0x0C	; 12
   03C6 FF                 1026 	.db #0xFF	; 255
   03C7 00                 1027 	.db #0x00	; 0
   03C8 AA                 1028 	.db #0xAA	; 170
   03C9 04                 1029 	.db #0x04	; 4
   03CA 00                 1030 	.db #0x00	; 0
   03CB 0C                 1031 	.db #0x0C	; 12
   03CC 00                 1032 	.db #0x00	; 0
   03CD 0C                 1033 	.db #0x0C	; 12
   03CE AA                 1034 	.db #0xAA	; 170
   03CF 40                 1035 	.db #0x40	; 64
   03D0 AA                 1036 	.db #0xAA	; 170
   03D1 04                 1037 	.db #0x04	; 4
   03D2 00                 1038 	.db #0x00	; 0
   03D3 0C                 1039 	.db #0x0C	; 12
   03D4 00                 1040 	.db #0x00	; 0
   03D5 0C                 1041 	.db #0x0C	; 12
   03D6 AA                 1042 	.db #0xAA	; 170
   03D7 40                 1043 	.db #0x40	; 64
   03D8 AA                 1044 	.db #0xAA	; 170
   03D9 40                 1045 	.db #0x40	; 64
   03DA 00                 1046 	.db #0x00	; 0
   03DB 0C                 1047 	.db #0x0C	; 12
   03DC 00                 1048 	.db #0x00	; 0
   03DD 48                 1049 	.db #0x48	; 72	'H'
   03DE AA                 1050 	.db #0xAA	; 170
   03DF 40                 1051 	.db #0x40	; 64
   03E0 AA                 1052 	.db #0xAA	; 170
   03E1 40                 1053 	.db #0x40	; 64
   03E2 00                 1054 	.db #0x00	; 0
   03E3 C0                 1055 	.db #0xC0	; 192
   03E4 00                 1056 	.db #0x00	; 0
   03E5 C0                 1057 	.db #0xC0	; 192
   03E6 AA                 1058 	.db #0xAA	; 170
   03E7 40                 1059 	.db #0x40	; 64
   03E8 FF                 1060 	.db #0xFF	; 255
   03E9 00                 1061 	.db #0x00	; 0
   03EA 00                 1062 	.db #0x00	; 0
   03EB CC                 1063 	.db #0xCC	; 204
   03EC 55                 1064 	.db #0x55	; 85	'U'
   03ED 88                 1065 	.db #0x88	; 136
   03EE 00                 1066 	.db #0x00	; 0
   03EF C8                 1067 	.db #0xC8	; 200
   03F0 AA                 1068 	.db #0xAA	; 170
   03F1 44                 1069 	.db #0x44	; 68	'D'
   03F2 00                 1070 	.db #0x00	; 0
   03F3 CC                 1071 	.db #0xCC	; 204
   03F4 00                 1072 	.db #0x00	; 0
   03F5 CC                 1073 	.db #0xCC	; 204
   03F6 55                 1074 	.db #0x55	; 85	'U'
   03F7 88                 1075 	.db #0x88	; 136
   03F8 AA                 1076 	.db #0xAA	; 170
   03F9 44                 1077 	.db #0x44	; 68	'D'
   03FA 00                 1078 	.db #0x00	; 0
   03FB CC                 1079 	.db #0xCC	; 204
   03FC 00                 1080 	.db #0x00	; 0
   03FD CC                 1081 	.db #0xCC	; 204
   03FE FF                 1082 	.db #0xFF	; 255
   03FF 00                 1083 	.db #0x00	; 0
   0400 00                 1084 	.db #0x00	; 0
   0401 CC                 1085 	.db #0xCC	; 204
   0402 00                 1086 	.db #0x00	; 0
   0403 CC                 1087 	.db #0xCC	; 204
   0404 00                 1088 	.db #0x00	; 0
   0405 CC                 1089 	.db #0xCC	; 204
   0406 FF                 1090 	.db #0xFF	; 255
   0407 00                 1091 	.db #0x00	; 0
   0408 00                 1092 	.db #0x00	; 0
   0409 CC                 1093 	.db #0xCC	; 204
   040A 00                 1094 	.db #0x00	; 0
   040B CC                 1095 	.db #0xCC	; 204
   040C 00                 1096 	.db #0x00	; 0
   040D CC                 1097 	.db #0xCC	; 204
   040E FF                 1098 	.db #0xFF	; 255
   040F 00                 1099 	.db #0x00	; 0
   0410 00                 1100 	.db #0x00	; 0
   0411 C4                 1101 	.db #0xC4	; 196
   0412 00                 1102 	.db #0x00	; 0
   0413 CC                 1103 	.db #0xCC	; 204
   0414 00                 1104 	.db #0x00	; 0
   0415 CC                 1105 	.db #0xCC	; 204
   0416 FF                 1106 	.db #0xFF	; 255
   0417 00                 1107 	.db #0x00	; 0
   0418 AA                 1108 	.db #0xAA	; 170
   0419 04                 1109 	.db #0x04	; 4
   041A 00                 1110 	.db #0x00	; 0
   041B 0C                 1111 	.db #0x0C	; 12
   041C 00                 1112 	.db #0x00	; 0
   041D 0C                 1113 	.db #0x0C	; 12
   041E FF                 1114 	.db #0xFF	; 255
   041F 00                 1115 	.db #0x00	; 0
   0420 FF                 1116 	.db #0xFF	; 255
   0421 00                 1117 	.db #0x00	; 0
   0422 55                 1118 	.db #0x55	; 85	'U'
   0423 08                 1119 	.db #0x08	; 8
   0424 55                 1120 	.db #0x55	; 85	'U'
   0425 08                 1121 	.db #0x08	; 8
   0426 FF                 1122 	.db #0xFF	; 255
   0427 00                 1123 	.db #0x00	; 0
   0428 FF                 1124 	.db #0xFF	; 255
   0429 00                 1125 	.db #0x00	; 0
   042A 55                 1126 	.db #0x55	; 85	'U'
   042B 08                 1127 	.db #0x08	; 8
   042C 00                 1128 	.db #0x00	; 0
   042D C0                 1129 	.db #0xC0	; 192
   042E FF                 1130 	.db #0xFF	; 255
   042F 00                 1131 	.db #0x00	; 0
   0430 AA                 1132 	.db #0xAA	; 170
   0431 40                 1133 	.db #0x40	; 64
   0432 55                 1134 	.db #0x55	; 85	'U'
   0433 80                 1135 	.db #0x80	; 128
   0434 FF                 1136 	.db #0xFF	; 255
   0435 00                 1137 	.db #0x00	; 0
   0436 FF                 1138 	.db #0xFF	; 255
   0437 00                 1139 	.db #0x00	; 0
   0438 FF                 1140 	.db #0xFF	; 255
   0439 00                 1141 	.db #0x00	; 0
   043A FF                 1142 	.db #0xFF	; 255
   043B 00                 1143 	.db #0x00	; 0
   043C FF                 1144 	.db #0xFF	; 255
   043D 00                 1145 	.db #0x00	; 0
   043E FF                 1146 	.db #0xFF	; 255
   043F 00                 1147 	.db #0x00	; 0
                           1148 	.area _INITIALIZER
                           1149 	.area _CABS (ABS)
