                              1 ;--------------------------------------------------------
                              2 ; File Created by SDCC : free open source ANSI-C Compiler
                              3 ; Version 3.5.0 #9253 (Sep 26 2015) (CYGWIN)
                              4 ; This file was generated Tue Sep 29 21:15:00 2015
                              5 ;--------------------------------------------------------
                              6 	.module gladis_atk
                              7 	.optsdcc -mz80
                              8 	
                              9 ;--------------------------------------------------------
                             10 ; Public variables in this module
                             11 ;--------------------------------------------------------
                             12 	.globl _gladis_atk_izda
                             13 	.globl _gladis_atk_dcha
                             14 ;--------------------------------------------------------
                             15 ; special function registers
                             16 ;--------------------------------------------------------
                             17 ;--------------------------------------------------------
                             18 ; ram data
                             19 ;--------------------------------------------------------
                             20 	.area _DATA
                             21 ;--------------------------------------------------------
                             22 ; ram data
                             23 ;--------------------------------------------------------
                             24 	.area _INITIALIZED
                             25 ;--------------------------------------------------------
                             26 ; absolute external ram data
                             27 ;--------------------------------------------------------
                             28 	.area _DABS (ABS)
                             29 ;--------------------------------------------------------
                             30 ; global & static initialisations
                             31 ;--------------------------------------------------------
                             32 	.area _HOME
                             33 	.area _GSINIT
                             34 	.area _GSFINAL
                             35 	.area _GSINIT
                             36 ;--------------------------------------------------------
                             37 ; Home
                             38 ;--------------------------------------------------------
                             39 	.area _HOME
                             40 	.area _HOME
                             41 ;--------------------------------------------------------
                             42 ; code
                             43 ;--------------------------------------------------------
                             44 	.area _CODE
                             45 	.area _CODE
   0000                      46 _gladis_atk_dcha:
   0000 FF                   47 	.db #0xFF	; 255
   0001 00                   48 	.db #0x00	; 0
   0002 FF                   49 	.db #0xFF	; 255
   0003 00                   50 	.db #0x00	; 0
   0004 FF                   51 	.db #0xFF	; 255
   0005 00                   52 	.db #0x00	; 0
   0006 FF                   53 	.db #0xFF	; 255
   0007 00                   54 	.db #0x00	; 0
   0008 FF                   55 	.db #0xFF	; 255
   0009 00                   56 	.db #0x00	; 0
   000A AA                   57 	.db #0xAA	; 170
   000B 40                   58 	.db #0x40	; 64
   000C 00                   59 	.db #0x00	; 0
   000D C0                   60 	.db #0xC0	; 192
   000E 55                   61 	.db #0x55	; 85	'U'
   000F 80                   62 	.db #0x80	; 128
   0010 FF                   63 	.db #0xFF	; 255
   0011 00                   64 	.db #0x00	; 0
   0012 FF                   65 	.db #0xFF	; 255
   0013 00                   66 	.db #0x00	; 0
   0014 AA                   67 	.db #0xAA	; 170
   0015 40                   68 	.db #0x40	; 64
   0016 00                   69 	.db #0x00	; 0
   0017 C0                   70 	.db #0xC0	; 192
   0018 55                   71 	.db #0x55	; 85	'U'
   0019 80                   72 	.db #0x80	; 128
   001A FF                   73 	.db #0xFF	; 255
   001B 00                   74 	.db #0x00	; 0
   001C FF                   75 	.db #0xFF	; 255
   001D 00                   76 	.db #0x00	; 0
   001E AA                   77 	.db #0xAA	; 170
   001F 40                   78 	.db #0x40	; 64
   0020 55                   79 	.db #0x55	; 85	'U'
   0021 80                   80 	.db #0x80	; 128
   0022 55                   81 	.db #0x55	; 85	'U'
   0023 80                   82 	.db #0x80	; 128
   0024 FF                   83 	.db #0xFF	; 255
   0025 00                   84 	.db #0x00	; 0
   0026 FF                   85 	.db #0xFF	; 255
   0027 00                   86 	.db #0x00	; 0
   0028 AA                   87 	.db #0xAA	; 170
   0029 40                   88 	.db #0x40	; 64
   002A 00                   89 	.db #0x00	; 0
   002B C0                   90 	.db #0xC0	; 192
   002C 55                   91 	.db #0x55	; 85	'U'
   002D 80                   92 	.db #0x80	; 128
   002E FF                   93 	.db #0xFF	; 255
   002F 00                   94 	.db #0x00	; 0
   0030 FF                   95 	.db #0xFF	; 255
   0031 00                   96 	.db #0x00	; 0
   0032 AA                   97 	.db #0xAA	; 170
   0033 40                   98 	.db #0x40	; 64
   0034 00                   99 	.db #0x00	; 0
   0035 C0                  100 	.db #0xC0	; 192
   0036 55                  101 	.db #0x55	; 85	'U'
   0037 80                  102 	.db #0x80	; 128
   0038 FF                  103 	.db #0xFF	; 255
   0039 00                  104 	.db #0x00	; 0
   003A AA                  105 	.db #0xAA	; 170
   003B 40                  106 	.db #0x40	; 64
   003C 55                  107 	.db #0x55	; 85	'U'
   003D 80                  108 	.db #0x80	; 128
   003E 00                  109 	.db #0x00	; 0
   003F C0                  110 	.db #0xC0	; 192
   0040 FF                  111 	.db #0xFF	; 255
   0041 00                  112 	.db #0x00	; 0
   0042 55                  113 	.db #0x55	; 85	'U'
   0043 80                  114 	.db #0x80	; 128
   0044 55                  115 	.db #0x55	; 85	'U'
   0045 80                  116 	.db #0x80	; 128
   0046 00                  117 	.db #0x00	; 0
   0047 C0                  118 	.db #0xC0	; 192
   0048 00                  119 	.db #0x00	; 0
   0049 C0                  120 	.db #0xC0	; 192
   004A 55                  121 	.db #0x55	; 85	'U'
   004B 80                  122 	.db #0x80	; 128
   004C AA                  123 	.db #0xAA	; 170
   004D 40                  124 	.db #0x40	; 64
   004E FF                  125 	.db #0xFF	; 255
   004F 00                  126 	.db #0x00	; 0
   0050 00                  127 	.db #0x00	; 0
   0051 C0                  128 	.db #0xC0	; 192
   0052 00                  129 	.db #0x00	; 0
   0053 C0                  130 	.db #0xC0	; 192
   0054 00                  131 	.db #0x00	; 0
   0055 C0                  132 	.db #0xC0	; 192
   0056 55                  133 	.db #0x55	; 85	'U'
   0057 80                  134 	.db #0x80	; 128
   0058 55                  135 	.db #0x55	; 85	'U'
   0059 80                  136 	.db #0x80	; 128
   005A AA                  137 	.db #0xAA	; 170
   005B 40                  138 	.db #0x40	; 64
   005C 00                  139 	.db #0x00	; 0
   005D C0                  140 	.db #0xC0	; 192
   005E 55                  141 	.db #0x55	; 85	'U'
   005F 80                  142 	.db #0x80	; 128
   0060 FF                  143 	.db #0xFF	; 255
   0061 00                  144 	.db #0x00	; 0
   0062 FF                  145 	.db #0xFF	; 255
   0063 00                  146 	.db #0x00	; 0
   0064 AA                  147 	.db #0xAA	; 170
   0065 40                  148 	.db #0x40	; 64
   0066 00                  149 	.db #0x00	; 0
   0067 C0                  150 	.db #0xC0	; 192
   0068 55                  151 	.db #0x55	; 85	'U'
   0069 80                  152 	.db #0x80	; 128
   006A FF                  153 	.db #0xFF	; 255
   006B 00                  154 	.db #0x00	; 0
   006C FF                  155 	.db #0xFF	; 255
   006D 00                  156 	.db #0x00	; 0
   006E AA                  157 	.db #0xAA	; 170
   006F 40                  158 	.db #0x40	; 64
   0070 00                  159 	.db #0x00	; 0
   0071 C0                  160 	.db #0xC0	; 192
   0072 55                  161 	.db #0x55	; 85	'U'
   0073 80                  162 	.db #0x80	; 128
   0074 FF                  163 	.db #0xFF	; 255
   0075 00                  164 	.db #0x00	; 0
   0076 FF                  165 	.db #0xFF	; 255
   0077 00                  166 	.db #0x00	; 0
   0078 AA                  167 	.db #0xAA	; 170
   0079 40                  168 	.db #0x40	; 64
   007A FF                  169 	.db #0xFF	; 255
   007B 00                  170 	.db #0x00	; 0
   007C 55                  171 	.db #0x55	; 85	'U'
   007D 80                  172 	.db #0x80	; 128
   007E FF                  173 	.db #0xFF	; 255
   007F 00                  174 	.db #0x00	; 0
   0080 FF                  175 	.db #0xFF	; 255
   0081 00                  176 	.db #0x00	; 0
   0082 00                  177 	.db #0x00	; 0
   0083 C0                  178 	.db #0xC0	; 192
   0084 FF                  179 	.db #0xFF	; 255
   0085 00                  180 	.db #0x00	; 0
   0086 00                  181 	.db #0x00	; 0
   0087 C0                  182 	.db #0xC0	; 192
   0088 FF                  183 	.db #0xFF	; 255
   0089 00                  184 	.db #0x00	; 0
   008A FF                  185 	.db #0xFF	; 255
   008B 00                  186 	.db #0x00	; 0
   008C 55                  187 	.db #0x55	; 85	'U'
   008D 80                  188 	.db #0x80	; 128
   008E FF                  189 	.db #0xFF	; 255
   008F 00                  190 	.db #0x00	; 0
   0090 AA                  191 	.db #0xAA	; 170
   0091 40                  192 	.db #0x40	; 64
   0092 FF                  193 	.db #0xFF	; 255
   0093 00                  194 	.db #0x00	; 0
   0094 FF                  195 	.db #0xFF	; 255
   0095 00                  196 	.db #0x00	; 0
   0096 00                  197 	.db #0x00	; 0
   0097 C0                  198 	.db #0xC0	; 192
   0098 FF                  199 	.db #0xFF	; 255
   0099 00                  200 	.db #0x00	; 0
   009A AA                  201 	.db #0xAA	; 170
   009B 40                  202 	.db #0x40	; 64
   009C 55                  203 	.db #0x55	; 85	'U'
   009D 80                  204 	.db #0x80	; 128
   009E FF                  205 	.db #0xFF	; 255
   009F 00                  206 	.db #0x00	; 0
   00A0                     207 _gladis_atk_izda:
   00A0 FF                  208 	.db #0xFF	; 255
   00A1 00                  209 	.db #0x00	; 0
   00A2 FF                  210 	.db #0xFF	; 255
   00A3 00                  211 	.db #0x00	; 0
   00A4 FF                  212 	.db #0xFF	; 255
   00A5 00                  213 	.db #0x00	; 0
   00A6 FF                  214 	.db #0xFF	; 255
   00A7 00                  215 	.db #0x00	; 0
   00A8 FF                  216 	.db #0xFF	; 255
   00A9 00                  217 	.db #0x00	; 0
   00AA FF                  218 	.db #0xFF	; 255
   00AB 00                  219 	.db #0x00	; 0
   00AC FF                  220 	.db #0xFF	; 255
   00AD 00                  221 	.db #0x00	; 0
   00AE AA                  222 	.db #0xAA	; 170
   00AF 40                  223 	.db #0x40	; 64
   00B0 00                  224 	.db #0x00	; 0
   00B1 C0                  225 	.db #0xC0	; 192
   00B2 55                  226 	.db #0x55	; 85	'U'
   00B3 80                  227 	.db #0x80	; 128
   00B4 FF                  228 	.db #0xFF	; 255
   00B5 00                  229 	.db #0x00	; 0
   00B6 FF                  230 	.db #0xFF	; 255
   00B7 00                  231 	.db #0x00	; 0
   00B8 AA                  232 	.db #0xAA	; 170
   00B9 40                  233 	.db #0x40	; 64
   00BA 00                  234 	.db #0x00	; 0
   00BB C0                  235 	.db #0xC0	; 192
   00BC 55                  236 	.db #0x55	; 85	'U'
   00BD 80                  237 	.db #0x80	; 128
   00BE FF                  238 	.db #0xFF	; 255
   00BF 00                  239 	.db #0x00	; 0
   00C0 FF                  240 	.db #0xFF	; 255
   00C1 00                  241 	.db #0x00	; 0
   00C2 AA                  242 	.db #0xAA	; 170
   00C3 40                  243 	.db #0x40	; 64
   00C4 AA                  244 	.db #0xAA	; 170
   00C5 40                  245 	.db #0x40	; 64
   00C6 55                  246 	.db #0x55	; 85	'U'
   00C7 80                  247 	.db #0x80	; 128
   00C8 FF                  248 	.db #0xFF	; 255
   00C9 00                  249 	.db #0x00	; 0
   00CA FF                  250 	.db #0xFF	; 255
   00CB 00                  251 	.db #0x00	; 0
   00CC AA                  252 	.db #0xAA	; 170
   00CD 40                  253 	.db #0x40	; 64
   00CE 00                  254 	.db #0x00	; 0
   00CF C0                  255 	.db #0xC0	; 192
   00D0 55                  256 	.db #0x55	; 85	'U'
   00D1 80                  257 	.db #0x80	; 128
   00D2 55                  258 	.db #0x55	; 85	'U'
   00D3 80                  259 	.db #0x80	; 128
   00D4 FF                  260 	.db #0xFF	; 255
   00D5 00                  261 	.db #0x00	; 0
   00D6 AA                  262 	.db #0xAA	; 170
   00D7 40                  263 	.db #0x40	; 64
   00D8 00                  264 	.db #0x00	; 0
   00D9 C0                  265 	.db #0xC0	; 192
   00DA 55                  266 	.db #0x55	; 85	'U'
   00DB 80                  267 	.db #0x80	; 128
   00DC AA                  268 	.db #0xAA	; 170
   00DD 40                  269 	.db #0x40	; 64
   00DE AA                  270 	.db #0xAA	; 170
   00DF 40                  271 	.db #0x40	; 64
   00E0 FF                  272 	.db #0xFF	; 255
   00E1 00                  273 	.db #0x00	; 0
   00E2 00                  274 	.db #0x00	; 0
   00E3 C0                  275 	.db #0xC0	; 192
   00E4 AA                  276 	.db #0xAA	; 170
   00E5 40                  277 	.db #0x40	; 64
   00E6 FF                  278 	.db #0xFF	; 255
   00E7 00                  279 	.db #0x00	; 0
   00E8 55                  280 	.db #0x55	; 85	'U'
   00E9 80                  281 	.db #0x80	; 128
   00EA AA                  282 	.db #0xAA	; 170
   00EB 40                  283 	.db #0x40	; 64
   00EC 00                  284 	.db #0x00	; 0
   00ED C0                  285 	.db #0xC0	; 192
   00EE 00                  286 	.db #0x00	; 0
   00EF C0                  287 	.db #0xC0	; 192
   00F0 AA                  288 	.db #0xAA	; 170
   00F1 40                  289 	.db #0x40	; 64
   00F2 AA                  290 	.db #0xAA	; 170
   00F3 40                  291 	.db #0x40	; 64
   00F4 00                  292 	.db #0x00	; 0
   00F5 C0                  293 	.db #0xC0	; 192
   00F6 00                  294 	.db #0x00	; 0
   00F7 C0                  295 	.db #0xC0	; 192
   00F8 00                  296 	.db #0x00	; 0
   00F9 C0                  297 	.db #0xC0	; 192
   00FA FF                  298 	.db #0xFF	; 255
   00FB 00                  299 	.db #0x00	; 0
   00FC FF                  300 	.db #0xFF	; 255
   00FD 00                  301 	.db #0x00	; 0
   00FE AA                  302 	.db #0xAA	; 170
   00FF 40                  303 	.db #0x40	; 64
   0100 00                  304 	.db #0x00	; 0
   0101 C0                  305 	.db #0xC0	; 192
   0102 55                  306 	.db #0x55	; 85	'U'
   0103 80                  307 	.db #0x80	; 128
   0104 FF                  308 	.db #0xFF	; 255
   0105 00                  309 	.db #0x00	; 0
   0106 FF                  310 	.db #0xFF	; 255
   0107 00                  311 	.db #0x00	; 0
   0108 AA                  312 	.db #0xAA	; 170
   0109 40                  313 	.db #0x40	; 64
   010A 00                  314 	.db #0x00	; 0
   010B C0                  315 	.db #0xC0	; 192
   010C 55                  316 	.db #0x55	; 85	'U'
   010D 80                  317 	.db #0x80	; 128
   010E FF                  318 	.db #0xFF	; 255
   010F 00                  319 	.db #0x00	; 0
   0110 FF                  320 	.db #0xFF	; 255
   0111 00                  321 	.db #0x00	; 0
   0112 AA                  322 	.db #0xAA	; 170
   0113 40                  323 	.db #0x40	; 64
   0114 00                  324 	.db #0x00	; 0
   0115 C0                  325 	.db #0xC0	; 192
   0116 55                  326 	.db #0x55	; 85	'U'
   0117 80                  327 	.db #0x80	; 128
   0118 FF                  328 	.db #0xFF	; 255
   0119 00                  329 	.db #0x00	; 0
   011A FF                  330 	.db #0xFF	; 255
   011B 00                  331 	.db #0x00	; 0
   011C AA                  332 	.db #0xAA	; 170
   011D 40                  333 	.db #0x40	; 64
   011E FF                  334 	.db #0xFF	; 255
   011F 00                  335 	.db #0x00	; 0
   0120 55                  336 	.db #0x55	; 85	'U'
   0121 80                  337 	.db #0x80	; 128
   0122 FF                  338 	.db #0xFF	; 255
   0123 00                  339 	.db #0x00	; 0
   0124 FF                  340 	.db #0xFF	; 255
   0125 00                  341 	.db #0x00	; 0
   0126 00                  342 	.db #0x00	; 0
   0127 C0                  343 	.db #0xC0	; 192
   0128 FF                  344 	.db #0xFF	; 255
   0129 00                  345 	.db #0x00	; 0
   012A 00                  346 	.db #0x00	; 0
   012B C0                  347 	.db #0xC0	; 192
   012C FF                  348 	.db #0xFF	; 255
   012D 00                  349 	.db #0x00	; 0
   012E FF                  350 	.db #0xFF	; 255
   012F 00                  351 	.db #0x00	; 0
   0130 55                  352 	.db #0x55	; 85	'U'
   0131 80                  353 	.db #0x80	; 128
   0132 FF                  354 	.db #0xFF	; 255
   0133 00                  355 	.db #0x00	; 0
   0134 AA                  356 	.db #0xAA	; 170
   0135 40                  357 	.db #0x40	; 64
   0136 FF                  358 	.db #0xFF	; 255
   0137 00                  359 	.db #0x00	; 0
   0138 AA                  360 	.db #0xAA	; 170
   0139 40                  361 	.db #0x40	; 64
   013A 55                  362 	.db #0x55	; 85	'U'
   013B 80                  363 	.db #0x80	; 128
   013C FF                  364 	.db #0xFF	; 255
   013D 00                  365 	.db #0x00	; 0
   013E 00                  366 	.db #0x00	; 0
   013F C0                  367 	.db #0xC0	; 192
                            368 	.area _INITIALIZER
                            369 	.area _CABS (ABS)
