                              1 ;--------------------------------------------------------
                              2 ; File Created by SDCC : free open source ANSI-C Compiler
                              3 ; Version 3.5.0 #9253 (Sep 26 2015) (CYGWIN)
                              4 ; This file was generated Tue Sep 29 21:15:00 2015
                              5 ;--------------------------------------------------------
                              6 	.module chacho_quieto
                              7 	.optsdcc -mz80
                              8 	
                              9 ;--------------------------------------------------------
                             10 ; Public variables in this module
                             11 ;--------------------------------------------------------
                             12 	.globl _chacho_quieto_izda
                             13 	.globl _chacho_quieto_dcha
                             14 ;--------------------------------------------------------
                             15 ; special function registers
                             16 ;--------------------------------------------------------
                             17 ;--------------------------------------------------------
                             18 ; ram data
                             19 ;--------------------------------------------------------
                             20 	.area _DATA
                             21 ;--------------------------------------------------------
                             22 ; ram data
                             23 ;--------------------------------------------------------
                             24 	.area _INITIALIZED
                             25 ;--------------------------------------------------------
                             26 ; absolute external ram data
                             27 ;--------------------------------------------------------
                             28 	.area _DABS (ABS)
                             29 ;--------------------------------------------------------
                             30 ; global & static initialisations
                             31 ;--------------------------------------------------------
                             32 	.area _HOME
                             33 	.area _GSINIT
                             34 	.area _GSFINAL
                             35 	.area _GSINIT
                             36 ;--------------------------------------------------------
                             37 ; Home
                             38 ;--------------------------------------------------------
                             39 	.area _HOME
                             40 	.area _HOME
                             41 ;--------------------------------------------------------
                             42 ; code
                             43 ;--------------------------------------------------------
                             44 	.area _CODE
                             45 	.area _CODE
   0000                      46 _chacho_quieto_dcha:
   0000 AA                   47 	.db #0xAA	; 170
   0001 04                   48 	.db #0x04	; 4
   0002 00                   49 	.db #0x00	; 0
   0003 0C                   50 	.db #0x0C	; 12
   0004 00                   51 	.db #0x00	; 0
   0005 0C                   52 	.db #0x0C	; 12
   0006 FF                   53 	.db #0xFF	; 255
   0007 00                   54 	.db #0x00	; 0
   0008 00                   55 	.db #0x00	; 0
   0009 0C                   56 	.db #0x0C	; 12
   000A 00                   57 	.db #0x00	; 0
   000B 0C                   58 	.db #0x0C	; 12
   000C 00                   59 	.db #0x00	; 0
   000D 0C                   60 	.db #0x0C	; 12
   000E 55                   61 	.db #0x55	; 85	'U'
   000F 08                   62 	.db #0x08	; 8
   0010 AA                   63 	.db #0xAA	; 170
   0011 04                   64 	.db #0x04	; 4
   0012 AA                   65 	.db #0xAA	; 170
   0013 04                   66 	.db #0x04	; 4
   0014 AA                   67 	.db #0xAA	; 170
   0015 04                   68 	.db #0x04	; 4
   0016 FF                   69 	.db #0xFF	; 255
   0017 00                   70 	.db #0x00	; 0
   0018 AA                   71 	.db #0xAA	; 170
   0019 04                   72 	.db #0x04	; 4
   001A 00                   73 	.db #0x00	; 0
   001B 0C                   74 	.db #0x0C	; 12
   001C 00                   75 	.db #0x00	; 0
   001D 0C                   76 	.db #0x0C	; 12
   001E FF                   77 	.db #0xFF	; 255
   001F 00                   78 	.db #0x00	; 0
   0020 AA                   79 	.db #0xAA	; 170
   0021 04                   80 	.db #0x04	; 4
   0022 00                   81 	.db #0x00	; 0
   0023 0C                   82 	.db #0x0C	; 12
   0024 00                   83 	.db #0x00	; 0
   0025 0C                   84 	.db #0x0C	; 12
   0026 FF                   85 	.db #0xFF	; 255
   0027 00                   86 	.db #0x00	; 0
   0028 55                   87 	.db #0x55	; 85	'U'
   0029 08                   88 	.db #0x08	; 8
   002A 00                   89 	.db #0x00	; 0
   002B 0C                   90 	.db #0x0C	; 12
   002C 55                   91 	.db #0x55	; 85	'U'
   002D 08                   92 	.db #0x08	; 8
   002E FF                   93 	.db #0xFF	; 255
   002F 00                   94 	.db #0x00	; 0
   0030 00                   95 	.db #0x00	; 0
   0031 0C                   96 	.db #0x0C	; 12
   0032 00                   97 	.db #0x00	; 0
   0033 0C                   98 	.db #0x0C	; 12
   0034 00                   99 	.db #0x00	; 0
   0035 0C                  100 	.db #0x0C	; 12
   0036 FF                  101 	.db #0xFF	; 255
   0037 00                  102 	.db #0x00	; 0
   0038 00                  103 	.db #0x00	; 0
   0039 0C                  104 	.db #0x0C	; 12
   003A 00                  105 	.db #0x00	; 0
   003B 0C                  106 	.db #0x0C	; 12
   003C 00                  107 	.db #0x00	; 0
   003D 0C                  108 	.db #0x0C	; 12
   003E AA                  109 	.db #0xAA	; 170
   003F 04                  110 	.db #0x04	; 4
   0040 AA                  111 	.db #0xAA	; 170
   0041 04                  112 	.db #0x04	; 4
   0042 00                  113 	.db #0x00	; 0
   0043 0C                  114 	.db #0x0C	; 12
   0044 00                  115 	.db #0x00	; 0
   0045 0C                  116 	.db #0x0C	; 12
   0046 00                  117 	.db #0x00	; 0
   0047 0C                  118 	.db #0x0C	; 12
   0048 AA                  119 	.db #0xAA	; 170
   0049 04                  120 	.db #0x04	; 4
   004A 00                  121 	.db #0x00	; 0
   004B 0C                  122 	.db #0x0C	; 12
   004C 00                  123 	.db #0x00	; 0
   004D 0C                  124 	.db #0x0C	; 12
   004E FF                  125 	.db #0xFF	; 255
   004F 00                  126 	.db #0x00	; 0
   0050 AA                  127 	.db #0xAA	; 170
   0051 04                  128 	.db #0x04	; 4
   0052 00                  129 	.db #0x00	; 0
   0053 0C                  130 	.db #0x0C	; 12
   0054 00                  131 	.db #0x00	; 0
   0055 0C                  132 	.db #0x0C	; 12
   0056 FF                  133 	.db #0xFF	; 255
   0057 00                  134 	.db #0x00	; 0
   0058 AA                  135 	.db #0xAA	; 170
   0059 04                  136 	.db #0x04	; 4
   005A 00                  137 	.db #0x00	; 0
   005B 0C                  138 	.db #0x0C	; 12
   005C 00                  139 	.db #0x00	; 0
   005D 0C                  140 	.db #0x0C	; 12
   005E FF                  141 	.db #0xFF	; 255
   005F 00                  142 	.db #0x00	; 0
   0060 FF                  143 	.db #0xFF	; 255
   0061 00                  144 	.db #0x00	; 0
   0062 55                  145 	.db #0x55	; 85	'U'
   0063 08                  146 	.db #0x08	; 8
   0064 55                  147 	.db #0x55	; 85	'U'
   0065 08                  148 	.db #0x08	; 8
   0066 FF                  149 	.db #0xFF	; 255
   0067 00                  150 	.db #0x00	; 0
   0068 FF                  151 	.db #0xFF	; 255
   0069 00                  152 	.db #0x00	; 0
   006A 55                  153 	.db #0x55	; 85	'U'
   006B 08                  154 	.db #0x08	; 8
   006C 55                  155 	.db #0x55	; 85	'U'
   006D 08                  156 	.db #0x08	; 8
   006E FF                  157 	.db #0xFF	; 255
   006F 00                  158 	.db #0x00	; 0
   0070 FF                  159 	.db #0xFF	; 255
   0071 00                  160 	.db #0x00	; 0
   0072 55                  161 	.db #0x55	; 85	'U'
   0073 08                  162 	.db #0x08	; 8
   0074 55                  163 	.db #0x55	; 85	'U'
   0075 08                  164 	.db #0x08	; 8
   0076 FF                  165 	.db #0xFF	; 255
   0077 00                  166 	.db #0x00	; 0
   0078 AA                  167 	.db #0xAA	; 170
   0079 04                  168 	.db #0x04	; 4
   007A 55                  169 	.db #0x55	; 85	'U'
   007B 08                  170 	.db #0x08	; 8
   007C 00                  171 	.db #0x00	; 0
   007D 0C                  172 	.db #0x0C	; 12
   007E FF                  173 	.db #0xFF	; 255
   007F 00                  174 	.db #0x00	; 0
   0080                     175 _chacho_quieto_izda:
   0080 FF                  176 	.db #0xFF	; 255
   0081 00                  177 	.db #0x00	; 0
   0082 00                  178 	.db #0x00	; 0
   0083 0C                  179 	.db #0x0C	; 12
   0084 00                  180 	.db #0x00	; 0
   0085 0C                  181 	.db #0x0C	; 12
   0086 55                  182 	.db #0x55	; 85	'U'
   0087 08                  183 	.db #0x08	; 8
   0088 AA                  184 	.db #0xAA	; 170
   0089 04                  185 	.db #0x04	; 4
   008A 00                  186 	.db #0x00	; 0
   008B 0C                  187 	.db #0x0C	; 12
   008C 00                  188 	.db #0x00	; 0
   008D 0C                  189 	.db #0x0C	; 12
   008E 00                  190 	.db #0x00	; 0
   008F 0C                  191 	.db #0x0C	; 12
   0090 FF                  192 	.db #0xFF	; 255
   0091 00                  193 	.db #0x00	; 0
   0092 55                  194 	.db #0x55	; 85	'U'
   0093 08                  195 	.db #0x08	; 8
   0094 55                  196 	.db #0x55	; 85	'U'
   0095 08                  197 	.db #0x08	; 8
   0096 55                  198 	.db #0x55	; 85	'U'
   0097 08                  199 	.db #0x08	; 8
   0098 FF                  200 	.db #0xFF	; 255
   0099 00                  201 	.db #0x00	; 0
   009A 00                  202 	.db #0x00	; 0
   009B 0C                  203 	.db #0x0C	; 12
   009C 00                  204 	.db #0x00	; 0
   009D 0C                  205 	.db #0x0C	; 12
   009E 55                  206 	.db #0x55	; 85	'U'
   009F 08                  207 	.db #0x08	; 8
   00A0 FF                  208 	.db #0xFF	; 255
   00A1 00                  209 	.db #0x00	; 0
   00A2 00                  210 	.db #0x00	; 0
   00A3 0C                  211 	.db #0x0C	; 12
   00A4 00                  212 	.db #0x00	; 0
   00A5 0C                  213 	.db #0x0C	; 12
   00A6 55                  214 	.db #0x55	; 85	'U'
   00A7 08                  215 	.db #0x08	; 8
   00A8 FF                  216 	.db #0xFF	; 255
   00A9 00                  217 	.db #0x00	; 0
   00AA AA                  218 	.db #0xAA	; 170
   00AB 04                  219 	.db #0x04	; 4
   00AC 00                  220 	.db #0x00	; 0
   00AD 0C                  221 	.db #0x0C	; 12
   00AE AA                  222 	.db #0xAA	; 170
   00AF 04                  223 	.db #0x04	; 4
   00B0 FF                  224 	.db #0xFF	; 255
   00B1 00                  225 	.db #0x00	; 0
   00B2 00                  226 	.db #0x00	; 0
   00B3 0C                  227 	.db #0x0C	; 12
   00B4 00                  228 	.db #0x00	; 0
   00B5 0C                  229 	.db #0x0C	; 12
   00B6 00                  230 	.db #0x00	; 0
   00B7 0C                  231 	.db #0x0C	; 12
   00B8 55                  232 	.db #0x55	; 85	'U'
   00B9 08                  233 	.db #0x08	; 8
   00BA 00                  234 	.db #0x00	; 0
   00BB 0C                  235 	.db #0x0C	; 12
   00BC 00                  236 	.db #0x00	; 0
   00BD 0C                  237 	.db #0x0C	; 12
   00BE 00                  238 	.db #0x00	; 0
   00BF 0C                  239 	.db #0x0C	; 12
   00C0 00                  240 	.db #0x00	; 0
   00C1 0C                  241 	.db #0x0C	; 12
   00C2 00                  242 	.db #0x00	; 0
   00C3 0C                  243 	.db #0x0C	; 12
   00C4 00                  244 	.db #0x00	; 0
   00C5 0C                  245 	.db #0x0C	; 12
   00C6 55                  246 	.db #0x55	; 85	'U'
   00C7 08                  247 	.db #0x08	; 8
   00C8 FF                  248 	.db #0xFF	; 255
   00C9 00                  249 	.db #0x00	; 0
   00CA 00                  250 	.db #0x00	; 0
   00CB 0C                  251 	.db #0x0C	; 12
   00CC 00                  252 	.db #0x00	; 0
   00CD 0C                  253 	.db #0x0C	; 12
   00CE 55                  254 	.db #0x55	; 85	'U'
   00CF 08                  255 	.db #0x08	; 8
   00D0 FF                  256 	.db #0xFF	; 255
   00D1 00                  257 	.db #0x00	; 0
   00D2 00                  258 	.db #0x00	; 0
   00D3 0C                  259 	.db #0x0C	; 12
   00D4 00                  260 	.db #0x00	; 0
   00D5 0C                  261 	.db #0x0C	; 12
   00D6 55                  262 	.db #0x55	; 85	'U'
   00D7 08                  263 	.db #0x08	; 8
   00D8 FF                  264 	.db #0xFF	; 255
   00D9 00                  265 	.db #0x00	; 0
   00DA 00                  266 	.db #0x00	; 0
   00DB 0C                  267 	.db #0x0C	; 12
   00DC 00                  268 	.db #0x00	; 0
   00DD 0C                  269 	.db #0x0C	; 12
   00DE 55                  270 	.db #0x55	; 85	'U'
   00DF 08                  271 	.db #0x08	; 8
   00E0 FF                  272 	.db #0xFF	; 255
   00E1 00                  273 	.db #0x00	; 0
   00E2 AA                  274 	.db #0xAA	; 170
   00E3 04                  275 	.db #0x04	; 4
   00E4 AA                  276 	.db #0xAA	; 170
   00E5 04                  277 	.db #0x04	; 4
   00E6 FF                  278 	.db #0xFF	; 255
   00E7 00                  279 	.db #0x00	; 0
   00E8 FF                  280 	.db #0xFF	; 255
   00E9 00                  281 	.db #0x00	; 0
   00EA AA                  282 	.db #0xAA	; 170
   00EB 04                  283 	.db #0x04	; 4
   00EC AA                  284 	.db #0xAA	; 170
   00ED 04                  285 	.db #0x04	; 4
   00EE FF                  286 	.db #0xFF	; 255
   00EF 00                  287 	.db #0x00	; 0
   00F0 FF                  288 	.db #0xFF	; 255
   00F1 00                  289 	.db #0x00	; 0
   00F2 AA                  290 	.db #0xAA	; 170
   00F3 04                  291 	.db #0x04	; 4
   00F4 AA                  292 	.db #0xAA	; 170
   00F5 04                  293 	.db #0x04	; 4
   00F6 FF                  294 	.db #0xFF	; 255
   00F7 00                  295 	.db #0x00	; 0
   00F8 FF                  296 	.db #0xFF	; 255
   00F9 00                  297 	.db #0x00	; 0
   00FA 00                  298 	.db #0x00	; 0
   00FB 0C                  299 	.db #0x0C	; 12
   00FC AA                  300 	.db #0xAA	; 170
   00FD 04                  301 	.db #0x04	; 4
   00FE 55                  302 	.db #0x55	; 85	'U'
   00FF 08                  303 	.db #0x08	; 8
                            304 	.area _INITIALIZER
                            305 	.area _CABS (ABS)
