                              1 ;--------------------------------------------------------
                              2 ; File Created by SDCC : free open source ANSI-C Compiler
                              3 ; Version 3.5.0 #9253 (Sep 26 2015) (CYGWIN)
                              4 ; This file was generated Fri Oct 23 17:21:25 2015
                              5 ;--------------------------------------------------------
                              6 	.module cup
                              7 	.optsdcc -mz80
                              8 	
                              9 ;--------------------------------------------------------
                             10 ; Public variables in this module
                             11 ;--------------------------------------------------------
                             12 	.globl _cup
                             13 ;--------------------------------------------------------
                             14 ; special function registers
                             15 ;--------------------------------------------------------
                             16 ;--------------------------------------------------------
                             17 ; ram data
                             18 ;--------------------------------------------------------
                             19 	.area _DATA
                             20 ;--------------------------------------------------------
                             21 ; ram data
                             22 ;--------------------------------------------------------
                             23 	.area _INITIALIZED
                             24 ;--------------------------------------------------------
                             25 ; absolute external ram data
                             26 ;--------------------------------------------------------
                             27 	.area _DABS (ABS)
                             28 ;--------------------------------------------------------
                             29 ; global & static initialisations
                             30 ;--------------------------------------------------------
                             31 	.area _HOME
                             32 	.area _GSINIT
                             33 	.area _GSFINAL
                             34 	.area _GSINIT
                             35 ;--------------------------------------------------------
                             36 ; Home
                             37 ;--------------------------------------------------------
                             38 	.area _HOME
                             39 	.area _HOME
                             40 ;--------------------------------------------------------
                             41 ; code
                             42 ;--------------------------------------------------------
                             43 	.area _CODE
                             44 	.area _CODE
   0000                      45 _cup:
   0000 00                   46 	.db #0x00	; 0
   0001 00                   47 	.db #0x00	; 0
   0002 00                   48 	.db #0x00	; 0
   0003 C0                   49 	.db #0xC0	; 192
   0004 C0                   50 	.db #0xC0	; 192
   0005 C0                   51 	.db #0xC0	; 192
   0006 C0                   52 	.db #0xC0	; 192
   0007 C0                   53 	.db #0xC0	; 192
   0008 C0                   54 	.db #0xC0	; 192
   0009 C0                   55 	.db #0xC0	; 192
   000A C0                   56 	.db #0xC0	; 192
   000B C0                   57 	.db #0xC0	; 192
   000C C0                   58 	.db #0xC0	; 192
   000D C0                   59 	.db #0xC0	; 192
   000E C0                   60 	.db #0xC0	; 192
   000F C0                   61 	.db #0xC0	; 192
   0010 C0                   62 	.db #0xC0	; 192
   0011 C0                   63 	.db #0xC0	; 192
   0012 C0                   64 	.db #0xC0	; 192
   0013 00                   65 	.db #0x00	; 0
   0014 00                   66 	.db #0x00	; 0
   0015 00                   67 	.db #0x00	; 0
   0016 C0                   68 	.db #0xC0	; 192
   0017 C0                   69 	.db #0xC0	; 192
   0018 C0                   70 	.db #0xC0	; 192
   0019 C0                   71 	.db #0xC0	; 192
   001A C0                   72 	.db #0xC0	; 192
   001B C0                   73 	.db #0xC0	; 192
   001C C0                   74 	.db #0xC0	; 192
   001D C0                   75 	.db #0xC0	; 192
   001E C0                   76 	.db #0xC0	; 192
   001F C0                   77 	.db #0xC0	; 192
   0020 C0                   78 	.db #0xC0	; 192
   0021 C0                   79 	.db #0xC0	; 192
   0022 C0                   80 	.db #0xC0	; 192
   0023 C0                   81 	.db #0xC0	; 192
   0024 C0                   82 	.db #0xC0	; 192
   0025 C0                   83 	.db #0xC0	; 192
   0026 C0                   84 	.db #0xC0	; 192
   0027 C0                   85 	.db #0xC0	; 192
   0028 C0                   86 	.db #0xC0	; 192
   0029 C0                   87 	.db #0xC0	; 192
   002A C0                   88 	.db #0xC0	; 192
   002B C0                   89 	.db #0xC0	; 192
   002C C0                   90 	.db #0xC0	; 192
   002D CC                   91 	.db #0xCC	; 204
   002E CC                   92 	.db #0xCC	; 204
   002F CC                   93 	.db #0xCC	; 204
   0030 C8                   94 	.db #0xC8	; 200
   0031 C0                   95 	.db #0xC0	; 192
   0032 C8                   96 	.db #0xC8	; 200
   0033 C0                   97 	.db #0xC0	; 192
   0034 C0                   98 	.db #0xC0	; 192
   0035 C0                   99 	.db #0xC0	; 192
   0036 C0                  100 	.db #0xC0	; 192
   0037 C0                  101 	.db #0xC0	; 192
   0038 C0                  102 	.db #0xC0	; 192
   0039 C0                  103 	.db #0xC0	; 192
   003A C0                  104 	.db #0xC0	; 192
   003B C4                  105 	.db #0xC4	; 196
   003C C0                  106 	.db #0xC0	; 192
   003D C4                  107 	.db #0xC4	; 196
   003E CC                  108 	.db #0xCC	; 204
   003F CC                  109 	.db #0xCC	; 204
   0040 CC                  110 	.db #0xCC	; 204
   0041 C0                  111 	.db #0xC0	; 192
   0042 C0                  112 	.db #0xC0	; 192
   0043 00                  113 	.db #0x00	; 0
   0044 00                  114 	.db #0x00	; 0
   0045 00                  115 	.db #0x00	; 0
   0046 C8                  116 	.db #0xC8	; 200
   0047 C0                  117 	.db #0xC0	; 192
   0048 C8                  118 	.db #0xC8	; 200
   0049 C0                  119 	.db #0xC0	; 192
   004A C0                  120 	.db #0xC0	; 192
   004B C0                  121 	.db #0xC0	; 192
   004C 84                  122 	.db #0x84	; 132
   004D 48                  123 	.db #0x48	; 72	'H'
   004E C0                  124 	.db #0xC0	; 192
   004F C0                  125 	.db #0xC0	; 192
   0050 C0                  126 	.db #0xC0	; 192
   0051 C4                  127 	.db #0xC4	; 196
   0052 C0                  128 	.db #0xC0	; 192
   0053 C4                  129 	.db #0xC4	; 196
   0054 00                  130 	.db #0x00	; 0
   0055 00                  131 	.db #0x00	; 0
   0056 00                  132 	.db #0x00	; 0
   0057 C0                  133 	.db #0xC0	; 192
   0058 C0                  134 	.db #0xC0	; 192
   0059 00                  135 	.db #0x00	; 0
   005A 00                  136 	.db #0x00	; 0
   005B 00                  137 	.db #0x00	; 0
   005C C8                  138 	.db #0xC8	; 200
   005D C0                  139 	.db #0xC0	; 192
   005E C8                  140 	.db #0xC8	; 200
   005F C0                  141 	.db #0xC0	; 192
   0060 C0                  142 	.db #0xC0	; 192
   0061 C0                  143 	.db #0xC0	; 192
   0062 84                  144 	.db #0x84	; 132
   0063 48                  145 	.db #0x48	; 72	'H'
   0064 C0                  146 	.db #0xC0	; 192
   0065 C0                  147 	.db #0xC0	; 192
   0066 C0                  148 	.db #0xC0	; 192
   0067 C4                  149 	.db #0xC4	; 196
   0068 C0                  150 	.db #0xC0	; 192
   0069 C4                  151 	.db #0xC4	; 196
   006A 00                  152 	.db #0x00	; 0
   006B 00                  153 	.db #0x00	; 0
   006C 00                  154 	.db #0x00	; 0
   006D C0                  155 	.db #0xC0	; 192
   006E C0                  156 	.db #0xC0	; 192
   006F 00                  157 	.db #0x00	; 0
   0070 00                  158 	.db #0x00	; 0
   0071 00                  159 	.db #0x00	; 0
   0072 C8                  160 	.db #0xC8	; 200
   0073 C0                  161 	.db #0xC0	; 192
   0074 C8                  162 	.db #0xC8	; 200
   0075 C0                  163 	.db #0xC0	; 192
   0076 C0                  164 	.db #0xC0	; 192
   0077 C0                  165 	.db #0xC0	; 192
   0078 0C                  166 	.db #0x0C	; 12
   0079 0C                  167 	.db #0x0C	; 12
   007A C0                  168 	.db #0xC0	; 192
   007B C0                  169 	.db #0xC0	; 192
   007C C0                  170 	.db #0xC0	; 192
   007D C4                  171 	.db #0xC4	; 196
   007E C0                  172 	.db #0xC0	; 192
   007F C4                  173 	.db #0xC4	; 196
   0080 00                  174 	.db #0x00	; 0
   0081 00                  175 	.db #0x00	; 0
   0082 00                  176 	.db #0x00	; 0
   0083 C0                  177 	.db #0xC0	; 192
   0084 C0                  178 	.db #0xC0	; 192
   0085 00                  179 	.db #0x00	; 0
   0086 00                  180 	.db #0x00	; 0
   0087 00                  181 	.db #0x00	; 0
   0088 C8                  182 	.db #0xC8	; 200
   0089 C0                  183 	.db #0xC0	; 192
   008A C8                  184 	.db #0xC8	; 200
   008B C0                  185 	.db #0xC0	; 192
   008C C0                  186 	.db #0xC0	; 192
   008D C0                  187 	.db #0xC0	; 192
   008E 0C                  188 	.db #0x0C	; 12
   008F 0C                  189 	.db #0x0C	; 12
   0090 C0                  190 	.db #0xC0	; 192
   0091 C0                  191 	.db #0xC0	; 192
   0092 C0                  192 	.db #0xC0	; 192
   0093 C4                  193 	.db #0xC4	; 196
   0094 C0                  194 	.db #0xC0	; 192
   0095 C4                  195 	.db #0xC4	; 196
   0096 00                  196 	.db #0x00	; 0
   0097 00                  197 	.db #0x00	; 0
   0098 00                  198 	.db #0x00	; 0
   0099 C0                  199 	.db #0xC0	; 192
   009A C0                  200 	.db #0xC0	; 192
   009B 00                  201 	.db #0x00	; 0
   009C 00                  202 	.db #0x00	; 0
   009D 00                  203 	.db #0x00	; 0
   009E C8                  204 	.db #0xC8	; 200
   009F C0                  205 	.db #0xC0	; 192
   00A0 C8                  206 	.db #0xC8	; 200
   00A1 C0                  207 	.db #0xC0	; 192
   00A2 C0                  208 	.db #0xC0	; 192
   00A3 84                  209 	.db #0x84	; 132
   00A4 0C                  210 	.db #0x0C	; 12
   00A5 0C                  211 	.db #0x0C	; 12
   00A6 48                  212 	.db #0x48	; 72	'H'
   00A7 C0                  213 	.db #0xC0	; 192
   00A8 C0                  214 	.db #0xC0	; 192
   00A9 C4                  215 	.db #0xC4	; 196
   00AA C0                  216 	.db #0xC0	; 192
   00AB C4                  217 	.db #0xC4	; 196
   00AC 00                  218 	.db #0x00	; 0
   00AD 00                  219 	.db #0x00	; 0
   00AE 00                  220 	.db #0x00	; 0
   00AF C0                  221 	.db #0xC0	; 192
   00B0 C0                  222 	.db #0xC0	; 192
   00B1 00                  223 	.db #0x00	; 0
   00B2 00                  224 	.db #0x00	; 0
   00B3 00                  225 	.db #0x00	; 0
   00B4 C8                  226 	.db #0xC8	; 200
   00B5 C0                  227 	.db #0xC0	; 192
   00B6 C8                  228 	.db #0xC8	; 200
   00B7 C0                  229 	.db #0xC0	; 192
   00B8 C0                  230 	.db #0xC0	; 192
   00B9 84                  231 	.db #0x84	; 132
   00BA 0C                  232 	.db #0x0C	; 12
   00BB 0C                  233 	.db #0x0C	; 12
   00BC 48                  234 	.db #0x48	; 72	'H'
   00BD C0                  235 	.db #0xC0	; 192
   00BE C0                  236 	.db #0xC0	; 192
   00BF C4                  237 	.db #0xC4	; 196
   00C0 C0                  238 	.db #0xC0	; 192
   00C1 C4                  239 	.db #0xC4	; 196
   00C2 00                  240 	.db #0x00	; 0
   00C3 00                  241 	.db #0x00	; 0
   00C4 00                  242 	.db #0x00	; 0
   00C5 C0                  243 	.db #0xC0	; 192
   00C6 C0                  244 	.db #0xC0	; 192
   00C7 00                  245 	.db #0x00	; 0
   00C8 00                  246 	.db #0x00	; 0
   00C9 00                  247 	.db #0x00	; 0
   00CA C8                  248 	.db #0xC8	; 200
   00CB C0                  249 	.db #0xC0	; 192
   00CC C8                  250 	.db #0xC8	; 200
   00CD C0                  251 	.db #0xC0	; 192
   00CE C0                  252 	.db #0xC0	; 192
   00CF 0C                  253 	.db #0x0C	; 12
   00D0 0C                  254 	.db #0x0C	; 12
   00D1 0C                  255 	.db #0x0C	; 12
   00D2 0C                  256 	.db #0x0C	; 12
   00D3 C0                  257 	.db #0xC0	; 192
   00D4 C0                  258 	.db #0xC0	; 192
   00D5 C4                  259 	.db #0xC4	; 196
   00D6 C0                  260 	.db #0xC0	; 192
   00D7 C4                  261 	.db #0xC4	; 196
   00D8 00                  262 	.db #0x00	; 0
   00D9 00                  263 	.db #0x00	; 0
   00DA 00                  264 	.db #0x00	; 0
   00DB C0                  265 	.db #0xC0	; 192
   00DC C0                  266 	.db #0xC0	; 192
   00DD 00                  267 	.db #0x00	; 0
   00DE 00                  268 	.db #0x00	; 0
   00DF 00                  269 	.db #0x00	; 0
   00E0 C8                  270 	.db #0xC8	; 200
   00E1 C0                  271 	.db #0xC0	; 192
   00E2 C8                  272 	.db #0xC8	; 200
   00E3 C0                  273 	.db #0xC0	; 192
   00E4 C0                  274 	.db #0xC0	; 192
   00E5 0C                  275 	.db #0x0C	; 12
   00E6 0C                  276 	.db #0x0C	; 12
   00E7 0C                  277 	.db #0x0C	; 12
   00E8 0C                  278 	.db #0x0C	; 12
   00E9 C0                  279 	.db #0xC0	; 192
   00EA C0                  280 	.db #0xC0	; 192
   00EB C4                  281 	.db #0xC4	; 196
   00EC C0                  282 	.db #0xC0	; 192
   00ED C4                  283 	.db #0xC4	; 196
   00EE 00                  284 	.db #0x00	; 0
   00EF 00                  285 	.db #0x00	; 0
   00F0 00                  286 	.db #0x00	; 0
   00F1 C0                  287 	.db #0xC0	; 192
   00F2 C0                  288 	.db #0xC0	; 192
   00F3 00                  289 	.db #0x00	; 0
   00F4 00                  290 	.db #0x00	; 0
   00F5 00                  291 	.db #0x00	; 0
   00F6 C8                  292 	.db #0xC8	; 200
   00F7 C0                  293 	.db #0xC0	; 192
   00F8 C8                  294 	.db #0xC8	; 200
   00F9 C0                  295 	.db #0xC0	; 192
   00FA 84                  296 	.db #0x84	; 132
   00FB 0C                  297 	.db #0x0C	; 12
   00FC 0C                  298 	.db #0x0C	; 12
   00FD 0C                  299 	.db #0x0C	; 12
   00FE 0C                  300 	.db #0x0C	; 12
   00FF 48                  301 	.db #0x48	; 72	'H'
   0100 C0                  302 	.db #0xC0	; 192
   0101 C4                  303 	.db #0xC4	; 196
   0102 C0                  304 	.db #0xC0	; 192
   0103 C4                  305 	.db #0xC4	; 196
   0104 00                  306 	.db #0x00	; 0
   0105 00                  307 	.db #0x00	; 0
   0106 00                  308 	.db #0x00	; 0
   0107 C0                  309 	.db #0xC0	; 192
   0108 C0                  310 	.db #0xC0	; 192
   0109 00                  311 	.db #0x00	; 0
   010A 00                  312 	.db #0x00	; 0
   010B 00                  313 	.db #0x00	; 0
   010C C8                  314 	.db #0xC8	; 200
   010D C0                  315 	.db #0xC0	; 192
   010E C8                  316 	.db #0xC8	; 200
   010F C0                  317 	.db #0xC0	; 192
   0110 84                  318 	.db #0x84	; 132
   0111 0C                  319 	.db #0x0C	; 12
   0112 0C                  320 	.db #0x0C	; 12
   0113 0C                  321 	.db #0x0C	; 12
   0114 0C                  322 	.db #0x0C	; 12
   0115 48                  323 	.db #0x48	; 72	'H'
   0116 C0                  324 	.db #0xC0	; 192
   0117 C4                  325 	.db #0xC4	; 196
   0118 C0                  326 	.db #0xC0	; 192
   0119 C4                  327 	.db #0xC4	; 196
   011A 00                  328 	.db #0x00	; 0
   011B 00                  329 	.db #0x00	; 0
   011C 00                  330 	.db #0x00	; 0
   011D C0                  331 	.db #0xC0	; 192
   011E CC                  332 	.db #0xCC	; 204
   011F C0                  333 	.db #0xC0	; 192
   0120 00                  334 	.db #0x00	; 0
   0121 00                  335 	.db #0x00	; 0
   0122 C8                  336 	.db #0xC8	; 200
   0123 C0                  337 	.db #0xC0	; 192
   0124 C8                  338 	.db #0xC8	; 200
   0125 C0                  339 	.db #0xC0	; 192
   0126 84                  340 	.db #0x84	; 132
   0127 0C                  341 	.db #0x0C	; 12
   0128 0C                  342 	.db #0x0C	; 12
   0129 0C                  343 	.db #0x0C	; 12
   012A 0C                  344 	.db #0x0C	; 12
   012B 48                  345 	.db #0x48	; 72	'H'
   012C C0                  346 	.db #0xC0	; 192
   012D C4                  347 	.db #0xC4	; 196
   012E C0                  348 	.db #0xC0	; 192
   012F C4                  349 	.db #0xC4	; 196
   0130 00                  350 	.db #0x00	; 0
   0131 00                  351 	.db #0x00	; 0
   0132 C0                  352 	.db #0xC0	; 192
   0133 CC                  353 	.db #0xCC	; 204
   0134 00                  354 	.db #0x00	; 0
   0135 CC                  355 	.db #0xCC	; 204
   0136 C0                  356 	.db #0xC0	; 192
   0137 00                  357 	.db #0x00	; 0
   0138 C8                  358 	.db #0xC8	; 200
   0139 C0                  359 	.db #0xC0	; 192
   013A C8                  360 	.db #0xC8	; 200
   013B C0                  361 	.db #0xC0	; 192
   013C 0C                  362 	.db #0x0C	; 12
   013D 0C                  363 	.db #0x0C	; 12
   013E 0C                  364 	.db #0x0C	; 12
   013F 0C                  365 	.db #0x0C	; 12
   0140 0C                  366 	.db #0x0C	; 12
   0141 0C                  367 	.db #0x0C	; 12
   0142 C0                  368 	.db #0xC0	; 192
   0143 C4                  369 	.db #0xC4	; 196
   0144 C0                  370 	.db #0xC0	; 192
   0145 C4                  371 	.db #0xC4	; 196
   0146 00                  372 	.db #0x00	; 0
   0147 C0                  373 	.db #0xC0	; 192
   0148 CC                  374 	.db #0xCC	; 204
   0149 00                  375 	.db #0x00	; 0
   014A 00                  376 	.db #0x00	; 0
   014B 00                  377 	.db #0x00	; 0
   014C CC                  378 	.db #0xCC	; 204
   014D C0                  379 	.db #0xC0	; 192
   014E C0                  380 	.db #0xC0	; 192
   014F C0                  381 	.db #0xC0	; 192
   0150 CC                  382 	.db #0xCC	; 204
   0151 C0                  383 	.db #0xC0	; 192
   0152 C0                  384 	.db #0xC0	; 192
   0153 C0                  385 	.db #0xC0	; 192
   0154 C0                  386 	.db #0xC0	; 192
   0155 C0                  387 	.db #0xC0	; 192
   0156 C0                  388 	.db #0xC0	; 192
   0157 C0                  389 	.db #0xC0	; 192
   0158 C0                  390 	.db #0xC0	; 192
   0159 CC                  391 	.db #0xCC	; 204
   015A C0                  392 	.db #0xC0	; 192
   015B C0                  393 	.db #0xC0	; 192
   015C C0                  394 	.db #0xC0	; 192
   015D CC                  395 	.db #0xCC	; 204
   015E 00                  396 	.db #0x00	; 0
   015F 00                  397 	.db #0x00	; 0
   0160 00                  398 	.db #0x00	; 0
   0161 00                  399 	.db #0x00	; 0
   0162 00                  400 	.db #0x00	; 0
   0163 CC                  401 	.db #0xCC	; 204
   0164 C0                  402 	.db #0xC0	; 192
   0165 C0                  403 	.db #0xC0	; 192
   0166 C4                  404 	.db #0xC4	; 196
   0167 C8                  405 	.db #0xC8	; 200
   0168 C0                  406 	.db #0xC0	; 192
   0169 C0                  407 	.db #0xC0	; 192
   016A C0                  408 	.db #0xC0	; 192
   016B C0                  409 	.db #0xC0	; 192
   016C C0                  410 	.db #0xC0	; 192
   016D C0                  411 	.db #0xC0	; 192
   016E C4                  412 	.db #0xC4	; 196
   016F C8                  413 	.db #0xC8	; 200
   0170 C0                  414 	.db #0xC0	; 192
   0171 C0                  415 	.db #0xC0	; 192
   0172 CC                  416 	.db #0xCC	; 204
   0173 00                  417 	.db #0x00	; 0
   0174 00                  418 	.db #0x00	; 0
   0175 00                  419 	.db #0x00	; 0
   0176 00                  420 	.db #0x00	; 0
   0177 00                  421 	.db #0x00	; 0
   0178 00                  422 	.db #0x00	; 0
   0179 00                  423 	.db #0x00	; 0
   017A 44                  424 	.db #0x44	; 68	'D'
   017B C0                  425 	.db #0xC0	; 192
   017C C0                  426 	.db #0xC0	; 192
   017D CC                  427 	.db #0xCC	; 204
   017E C0                  428 	.db #0xC0	; 192
   017F C0                  429 	.db #0xC0	; 192
   0180 C0                  430 	.db #0xC0	; 192
   0181 C0                  431 	.db #0xC0	; 192
   0182 C0                  432 	.db #0xC0	; 192
   0183 C0                  433 	.db #0xC0	; 192
   0184 CC                  434 	.db #0xCC	; 204
   0185 C0                  435 	.db #0xC0	; 192
   0186 C0                  436 	.db #0xC0	; 192
   0187 88                  437 	.db #0x88	; 136
   0188 00                  438 	.db #0x00	; 0
   0189 00                  439 	.db #0x00	; 0
   018A 00                  440 	.db #0x00	; 0
   018B 00                  441 	.db #0x00	; 0
   018C 00                  442 	.db #0x00	; 0
   018D 00                  443 	.db #0x00	; 0
   018E 00                  444 	.db #0x00	; 0
   018F 00                  445 	.db #0x00	; 0
   0190 00                  446 	.db #0x00	; 0
   0191 C8                  447 	.db #0xC8	; 200
   0192 C0                  448 	.db #0xC0	; 192
   0193 C4                  449 	.db #0xC4	; 196
   0194 C8                  450 	.db #0xC8	; 200
   0195 C0                  451 	.db #0xC0	; 192
   0196 C0                  452 	.db #0xC0	; 192
   0197 C0                  453 	.db #0xC0	; 192
   0198 C0                  454 	.db #0xC0	; 192
   0199 C4                  455 	.db #0xC4	; 196
   019A C8                  456 	.db #0xC8	; 200
   019B C0                  457 	.db #0xC0	; 192
   019C C4                  458 	.db #0xC4	; 196
   019D 00                  459 	.db #0x00	; 0
   019E 00                  460 	.db #0x00	; 0
   019F 00                  461 	.db #0x00	; 0
   01A0 00                  462 	.db #0x00	; 0
   01A1 00                  463 	.db #0x00	; 0
   01A2 00                  464 	.db #0x00	; 0
   01A3 00                  465 	.db #0x00	; 0
   01A4 00                  466 	.db #0x00	; 0
   01A5 00                  467 	.db #0x00	; 0
   01A6 00                  468 	.db #0x00	; 0
   01A7 44                  469 	.db #0x44	; 68	'D'
   01A8 C0                  470 	.db #0xC0	; 192
   01A9 C0                  471 	.db #0xC0	; 192
   01AA C0                  472 	.db #0xC0	; 192
   01AB C0                  473 	.db #0xC0	; 192
   01AC C0                  474 	.db #0xC0	; 192
   01AD C0                  475 	.db #0xC0	; 192
   01AE C0                  476 	.db #0xC0	; 192
   01AF C0                  477 	.db #0xC0	; 192
   01B0 C0                  478 	.db #0xC0	; 192
   01B1 C0                  479 	.db #0xC0	; 192
   01B2 88                  480 	.db #0x88	; 136
   01B3 00                  481 	.db #0x00	; 0
   01B4 00                  482 	.db #0x00	; 0
   01B5 00                  483 	.db #0x00	; 0
   01B6 00                  484 	.db #0x00	; 0
   01B7 00                  485 	.db #0x00	; 0
   01B8 00                  486 	.db #0x00	; 0
   01B9 00                  487 	.db #0x00	; 0
   01BA 00                  488 	.db #0x00	; 0
   01BB 00                  489 	.db #0x00	; 0
   01BC 00                  490 	.db #0x00	; 0
   01BD 00                  491 	.db #0x00	; 0
   01BE C8                  492 	.db #0xC8	; 200
   01BF C0                  493 	.db #0xC0	; 192
   01C0 C0                  494 	.db #0xC0	; 192
   01C1 C0                  495 	.db #0xC0	; 192
   01C2 C0                  496 	.db #0xC0	; 192
   01C3 C0                  497 	.db #0xC0	; 192
   01C4 C0                  498 	.db #0xC0	; 192
   01C5 C0                  499 	.db #0xC0	; 192
   01C6 C0                  500 	.db #0xC0	; 192
   01C7 C4                  501 	.db #0xC4	; 196
   01C8 00                  502 	.db #0x00	; 0
   01C9 00                  503 	.db #0x00	; 0
   01CA 00                  504 	.db #0x00	; 0
   01CB 00                  505 	.db #0x00	; 0
   01CC 00                  506 	.db #0x00	; 0
   01CD 00                  507 	.db #0x00	; 0
   01CE 00                  508 	.db #0x00	; 0
   01CF 00                  509 	.db #0x00	; 0
   01D0 00                  510 	.db #0x00	; 0
   01D1 00                  511 	.db #0x00	; 0
   01D2 00                  512 	.db #0x00	; 0
   01D3 00                  513 	.db #0x00	; 0
   01D4 44                  514 	.db #0x44	; 68	'D'
   01D5 C0                  515 	.db #0xC0	; 192
   01D6 C0                  516 	.db #0xC0	; 192
   01D7 C0                  517 	.db #0xC0	; 192
   01D8 C0                  518 	.db #0xC0	; 192
   01D9 C0                  519 	.db #0xC0	; 192
   01DA C0                  520 	.db #0xC0	; 192
   01DB C0                  521 	.db #0xC0	; 192
   01DC C0                  522 	.db #0xC0	; 192
   01DD 88                  523 	.db #0x88	; 136
   01DE 00                  524 	.db #0x00	; 0
   01DF 00                  525 	.db #0x00	; 0
   01E0 00                  526 	.db #0x00	; 0
   01E1 00                  527 	.db #0x00	; 0
   01E2 00                  528 	.db #0x00	; 0
   01E3 00                  529 	.db #0x00	; 0
   01E4 00                  530 	.db #0x00	; 0
   01E5 00                  531 	.db #0x00	; 0
   01E6 00                  532 	.db #0x00	; 0
   01E7 00                  533 	.db #0x00	; 0
   01E8 00                  534 	.db #0x00	; 0
   01E9 00                  535 	.db #0x00	; 0
   01EA 00                  536 	.db #0x00	; 0
   01EB C0                  537 	.db #0xC0	; 192
   01EC C0                  538 	.db #0xC0	; 192
   01ED C0                  539 	.db #0xC0	; 192
   01EE C0                  540 	.db #0xC0	; 192
   01EF C0                  541 	.db #0xC0	; 192
   01F0 C0                  542 	.db #0xC0	; 192
   01F1 C0                  543 	.db #0xC0	; 192
   01F2 C0                  544 	.db #0xC0	; 192
   01F3 00                  545 	.db #0x00	; 0
   01F4 00                  546 	.db #0x00	; 0
   01F5 00                  547 	.db #0x00	; 0
   01F6 00                  548 	.db #0x00	; 0
   01F7 00                  549 	.db #0x00	; 0
   01F8 00                  550 	.db #0x00	; 0
   01F9 00                  551 	.db #0x00	; 0
   01FA 00                  552 	.db #0x00	; 0
   01FB 00                  553 	.db #0x00	; 0
   01FC 00                  554 	.db #0x00	; 0
   01FD 00                  555 	.db #0x00	; 0
   01FE 00                  556 	.db #0x00	; 0
   01FF 00                  557 	.db #0x00	; 0
   0200 00                  558 	.db #0x00	; 0
   0201 C0                  559 	.db #0xC0	; 192
   0202 C0                  560 	.db #0xC0	; 192
   0203 C0                  561 	.db #0xC0	; 192
   0204 C0                  562 	.db #0xC0	; 192
   0205 C0                  563 	.db #0xC0	; 192
   0206 C0                  564 	.db #0xC0	; 192
   0207 C0                  565 	.db #0xC0	; 192
   0208 C0                  566 	.db #0xC0	; 192
   0209 00                  567 	.db #0x00	; 0
   020A 00                  568 	.db #0x00	; 0
   020B 00                  569 	.db #0x00	; 0
   020C 00                  570 	.db #0x00	; 0
   020D 00                  571 	.db #0x00	; 0
   020E 00                  572 	.db #0x00	; 0
   020F 00                  573 	.db #0x00	; 0
   0210 00                  574 	.db #0x00	; 0
   0211 00                  575 	.db #0x00	; 0
   0212 00                  576 	.db #0x00	; 0
   0213 00                  577 	.db #0x00	; 0
   0214 00                  578 	.db #0x00	; 0
   0215 00                  579 	.db #0x00	; 0
   0216 00                  580 	.db #0x00	; 0
   0217 C0                  581 	.db #0xC0	; 192
   0218 48                  582 	.db #0x48	; 72	'H'
   0219 C4                  583 	.db #0xC4	; 196
   021A 48                  584 	.db #0x48	; 72	'H'
   021B 84                  585 	.db #0x84	; 132
   021C C8                  586 	.db #0xC8	; 200
   021D 84                  587 	.db #0x84	; 132
   021E C0                  588 	.db #0xC0	; 192
   021F 00                  589 	.db #0x00	; 0
   0220 00                  590 	.db #0x00	; 0
   0221 00                  591 	.db #0x00	; 0
   0222 00                  592 	.db #0x00	; 0
   0223 00                  593 	.db #0x00	; 0
   0224 00                  594 	.db #0x00	; 0
   0225 00                  595 	.db #0x00	; 0
   0226 00                  596 	.db #0x00	; 0
   0227 00                  597 	.db #0x00	; 0
   0228 00                  598 	.db #0x00	; 0
   0229 00                  599 	.db #0x00	; 0
   022A 00                  600 	.db #0x00	; 0
   022B 00                  601 	.db #0x00	; 0
   022C 00                  602 	.db #0x00	; 0
   022D C0                  603 	.db #0xC0	; 192
   022E 48                  604 	.db #0x48	; 72	'H'
   022F C4                  605 	.db #0xC4	; 196
   0230 48                  606 	.db #0x48	; 72	'H'
   0231 84                  607 	.db #0x84	; 132
   0232 C8                  608 	.db #0xC8	; 200
   0233 84                  609 	.db #0x84	; 132
   0234 C0                  610 	.db #0xC0	; 192
   0235 00                  611 	.db #0x00	; 0
   0236 00                  612 	.db #0x00	; 0
   0237 00                  613 	.db #0x00	; 0
   0238 00                  614 	.db #0x00	; 0
   0239 00                  615 	.db #0x00	; 0
   023A 00                  616 	.db #0x00	; 0
   023B 00                  617 	.db #0x00	; 0
   023C 00                  618 	.db #0x00	; 0
   023D 00                  619 	.db #0x00	; 0
   023E 00                  620 	.db #0x00	; 0
   023F 00                  621 	.db #0x00	; 0
   0240 00                  622 	.db #0x00	; 0
   0241 00                  623 	.db #0x00	; 0
   0242 00                  624 	.db #0x00	; 0
   0243 C0                  625 	.db #0xC0	; 192
   0244 48                  626 	.db #0x48	; 72	'H'
   0245 C4                  627 	.db #0xC4	; 196
   0246 48                  628 	.db #0x48	; 72	'H'
   0247 84                  629 	.db #0x84	; 132
   0248 C8                  630 	.db #0xC8	; 200
   0249 84                  631 	.db #0x84	; 132
   024A C0                  632 	.db #0xC0	; 192
   024B 00                  633 	.db #0x00	; 0
   024C 00                  634 	.db #0x00	; 0
   024D 00                  635 	.db #0x00	; 0
   024E 00                  636 	.db #0x00	; 0
   024F 00                  637 	.db #0x00	; 0
   0250 00                  638 	.db #0x00	; 0
   0251 00                  639 	.db #0x00	; 0
   0252 00                  640 	.db #0x00	; 0
   0253 00                  641 	.db #0x00	; 0
   0254 00                  642 	.db #0x00	; 0
   0255 00                  643 	.db #0x00	; 0
   0256 00                  644 	.db #0x00	; 0
   0257 00                  645 	.db #0x00	; 0
   0258 00                  646 	.db #0x00	; 0
   0259 C0                  647 	.db #0xC0	; 192
   025A 48                  648 	.db #0x48	; 72	'H'
   025B C4                  649 	.db #0xC4	; 196
   025C 48                  650 	.db #0x48	; 72	'H'
   025D 84                  651 	.db #0x84	; 132
   025E C8                  652 	.db #0xC8	; 200
   025F 84                  653 	.db #0x84	; 132
   0260 C0                  654 	.db #0xC0	; 192
   0261 00                  655 	.db #0x00	; 0
   0262 00                  656 	.db #0x00	; 0
   0263 00                  657 	.db #0x00	; 0
   0264 00                  658 	.db #0x00	; 0
   0265 00                  659 	.db #0x00	; 0
   0266 00                  660 	.db #0x00	; 0
   0267 00                  661 	.db #0x00	; 0
   0268 00                  662 	.db #0x00	; 0
   0269 00                  663 	.db #0x00	; 0
   026A 00                  664 	.db #0x00	; 0
   026B 00                  665 	.db #0x00	; 0
   026C 00                  666 	.db #0x00	; 0
   026D 00                  667 	.db #0x00	; 0
   026E 00                  668 	.db #0x00	; 0
   026F C0                  669 	.db #0xC0	; 192
   0270 48                  670 	.db #0x48	; 72	'H'
   0271 C4                  671 	.db #0xC4	; 196
   0272 48                  672 	.db #0x48	; 72	'H'
   0273 84                  673 	.db #0x84	; 132
   0274 C8                  674 	.db #0xC8	; 200
   0275 84                  675 	.db #0x84	; 132
   0276 C0                  676 	.db #0xC0	; 192
   0277 00                  677 	.db #0x00	; 0
   0278 00                  678 	.db #0x00	; 0
   0279 00                  679 	.db #0x00	; 0
   027A 00                  680 	.db #0x00	; 0
   027B 00                  681 	.db #0x00	; 0
   027C 00                  682 	.db #0x00	; 0
   027D 00                  683 	.db #0x00	; 0
   027E 00                  684 	.db #0x00	; 0
   027F 00                  685 	.db #0x00	; 0
   0280 00                  686 	.db #0x00	; 0
   0281 00                  687 	.db #0x00	; 0
   0282 00                  688 	.db #0x00	; 0
   0283 00                  689 	.db #0x00	; 0
   0284 00                  690 	.db #0x00	; 0
   0285 C0                  691 	.db #0xC0	; 192
   0286 48                  692 	.db #0x48	; 72	'H'
   0287 C4                  693 	.db #0xC4	; 196
   0288 48                  694 	.db #0x48	; 72	'H'
   0289 84                  695 	.db #0x84	; 132
   028A C8                  696 	.db #0xC8	; 200
   028B 84                  697 	.db #0x84	; 132
   028C C0                  698 	.db #0xC0	; 192
   028D 00                  699 	.db #0x00	; 0
   028E 00                  700 	.db #0x00	; 0
   028F 00                  701 	.db #0x00	; 0
   0290 00                  702 	.db #0x00	; 0
   0291 00                  703 	.db #0x00	; 0
   0292 00                  704 	.db #0x00	; 0
   0293 00                  705 	.db #0x00	; 0
   0294 00                  706 	.db #0x00	; 0
   0295 00                  707 	.db #0x00	; 0
   0296 00                  708 	.db #0x00	; 0
   0297 00                  709 	.db #0x00	; 0
   0298 00                  710 	.db #0x00	; 0
   0299 00                  711 	.db #0x00	; 0
   029A 00                  712 	.db #0x00	; 0
   029B C0                  713 	.db #0xC0	; 192
   029C 48                  714 	.db #0x48	; 72	'H'
   029D C4                  715 	.db #0xC4	; 196
   029E 48                  716 	.db #0x48	; 72	'H'
   029F 84                  717 	.db #0x84	; 132
   02A0 C8                  718 	.db #0xC8	; 200
   02A1 84                  719 	.db #0x84	; 132
   02A2 C0                  720 	.db #0xC0	; 192
   02A3 00                  721 	.db #0x00	; 0
   02A4 00                  722 	.db #0x00	; 0
   02A5 00                  723 	.db #0x00	; 0
   02A6 00                  724 	.db #0x00	; 0
   02A7 00                  725 	.db #0x00	; 0
   02A8 00                  726 	.db #0x00	; 0
   02A9 00                  727 	.db #0x00	; 0
   02AA 00                  728 	.db #0x00	; 0
   02AB 00                  729 	.db #0x00	; 0
   02AC 00                  730 	.db #0x00	; 0
   02AD 00                  731 	.db #0x00	; 0
   02AE 00                  732 	.db #0x00	; 0
   02AF 00                  733 	.db #0x00	; 0
   02B0 00                  734 	.db #0x00	; 0
   02B1 C0                  735 	.db #0xC0	; 192
   02B2 48                  736 	.db #0x48	; 72	'H'
   02B3 C4                  737 	.db #0xC4	; 196
   02B4 48                  738 	.db #0x48	; 72	'H'
   02B5 84                  739 	.db #0x84	; 132
   02B6 C8                  740 	.db #0xC8	; 200
   02B7 84                  741 	.db #0x84	; 132
   02B8 C0                  742 	.db #0xC0	; 192
   02B9 00                  743 	.db #0x00	; 0
   02BA 00                  744 	.db #0x00	; 0
   02BB 00                  745 	.db #0x00	; 0
   02BC 00                  746 	.db #0x00	; 0
   02BD 00                  747 	.db #0x00	; 0
   02BE 00                  748 	.db #0x00	; 0
   02BF 00                  749 	.db #0x00	; 0
   02C0 00                  750 	.db #0x00	; 0
   02C1 00                  751 	.db #0x00	; 0
   02C2 00                  752 	.db #0x00	; 0
   02C3 00                  753 	.db #0x00	; 0
   02C4 00                  754 	.db #0x00	; 0
   02C5 00                  755 	.db #0x00	; 0
   02C6 00                  756 	.db #0x00	; 0
   02C7 C0                  757 	.db #0xC0	; 192
   02C8 48                  758 	.db #0x48	; 72	'H'
   02C9 C4                  759 	.db #0xC4	; 196
   02CA 48                  760 	.db #0x48	; 72	'H'
   02CB 84                  761 	.db #0x84	; 132
   02CC C8                  762 	.db #0xC8	; 200
   02CD 84                  763 	.db #0x84	; 132
   02CE C0                  764 	.db #0xC0	; 192
   02CF 00                  765 	.db #0x00	; 0
   02D0 00                  766 	.db #0x00	; 0
   02D1 00                  767 	.db #0x00	; 0
   02D2 00                  768 	.db #0x00	; 0
   02D3 00                  769 	.db #0x00	; 0
   02D4 00                  770 	.db #0x00	; 0
   02D5 00                  771 	.db #0x00	; 0
   02D6 00                  772 	.db #0x00	; 0
   02D7 00                  773 	.db #0x00	; 0
   02D8 00                  774 	.db #0x00	; 0
   02D9 00                  775 	.db #0x00	; 0
   02DA 00                  776 	.db #0x00	; 0
   02DB 00                  777 	.db #0x00	; 0
   02DC 00                  778 	.db #0x00	; 0
   02DD C0                  779 	.db #0xC0	; 192
   02DE 48                  780 	.db #0x48	; 72	'H'
   02DF C4                  781 	.db #0xC4	; 196
   02E0 48                  782 	.db #0x48	; 72	'H'
   02E1 84                  783 	.db #0x84	; 132
   02E2 C8                  784 	.db #0xC8	; 200
   02E3 84                  785 	.db #0x84	; 132
   02E4 C0                  786 	.db #0xC0	; 192
   02E5 00                  787 	.db #0x00	; 0
   02E6 00                  788 	.db #0x00	; 0
   02E7 00                  789 	.db #0x00	; 0
   02E8 00                  790 	.db #0x00	; 0
   02E9 00                  791 	.db #0x00	; 0
   02EA 00                  792 	.db #0x00	; 0
   02EB 00                  793 	.db #0x00	; 0
   02EC 00                  794 	.db #0x00	; 0
   02ED 00                  795 	.db #0x00	; 0
   02EE 00                  796 	.db #0x00	; 0
   02EF 00                  797 	.db #0x00	; 0
   02F0 00                  798 	.db #0x00	; 0
   02F1 00                  799 	.db #0x00	; 0
   02F2 00                  800 	.db #0x00	; 0
   02F3 C0                  801 	.db #0xC0	; 192
   02F4 48                  802 	.db #0x48	; 72	'H'
   02F5 C4                  803 	.db #0xC4	; 196
   02F6 48                  804 	.db #0x48	; 72	'H'
   02F7 84                  805 	.db #0x84	; 132
   02F8 C8                  806 	.db #0xC8	; 200
   02F9 84                  807 	.db #0x84	; 132
   02FA C0                  808 	.db #0xC0	; 192
   02FB 00                  809 	.db #0x00	; 0
   02FC 00                  810 	.db #0x00	; 0
   02FD 00                  811 	.db #0x00	; 0
   02FE 00                  812 	.db #0x00	; 0
   02FF 00                  813 	.db #0x00	; 0
   0300 00                  814 	.db #0x00	; 0
   0301 00                  815 	.db #0x00	; 0
   0302 00                  816 	.db #0x00	; 0
   0303 00                  817 	.db #0x00	; 0
   0304 00                  818 	.db #0x00	; 0
   0305 00                  819 	.db #0x00	; 0
   0306 00                  820 	.db #0x00	; 0
   0307 00                  821 	.db #0x00	; 0
   0308 00                  822 	.db #0x00	; 0
   0309 C0                  823 	.db #0xC0	; 192
   030A 48                  824 	.db #0x48	; 72	'H'
   030B C4                  825 	.db #0xC4	; 196
   030C 48                  826 	.db #0x48	; 72	'H'
   030D 84                  827 	.db #0x84	; 132
   030E C8                  828 	.db #0xC8	; 200
   030F 84                  829 	.db #0x84	; 132
   0310 C0                  830 	.db #0xC0	; 192
   0311 00                  831 	.db #0x00	; 0
   0312 00                  832 	.db #0x00	; 0
   0313 00                  833 	.db #0x00	; 0
   0314 00                  834 	.db #0x00	; 0
   0315 00                  835 	.db #0x00	; 0
   0316 00                  836 	.db #0x00	; 0
   0317 00                  837 	.db #0x00	; 0
   0318 00                  838 	.db #0x00	; 0
   0319 00                  839 	.db #0x00	; 0
   031A 00                  840 	.db #0x00	; 0
   031B 00                  841 	.db #0x00	; 0
   031C 00                  842 	.db #0x00	; 0
   031D 00                  843 	.db #0x00	; 0
   031E 40                  844 	.db #0x40	; 64
   031F C0                  845 	.db #0xC0	; 192
   0320 C0                  846 	.db #0xC0	; 192
   0321 C0                  847 	.db #0xC0	; 192
   0322 C0                  848 	.db #0xC0	; 192
   0323 C0                  849 	.db #0xC0	; 192
   0324 C0                  850 	.db #0xC0	; 192
   0325 C0                  851 	.db #0xC0	; 192
   0326 C0                  852 	.db #0xC0	; 192
   0327 80                  853 	.db #0x80	; 128
   0328 00                  854 	.db #0x00	; 0
   0329 00                  855 	.db #0x00	; 0
   032A 00                  856 	.db #0x00	; 0
   032B 00                  857 	.db #0x00	; 0
   032C 00                  858 	.db #0x00	; 0
   032D 00                  859 	.db #0x00	; 0
   032E 00                  860 	.db #0x00	; 0
   032F 00                  861 	.db #0x00	; 0
   0330 00                  862 	.db #0x00	; 0
   0331 00                  863 	.db #0x00	; 0
   0332 00                  864 	.db #0x00	; 0
   0333 00                  865 	.db #0x00	; 0
   0334 40                  866 	.db #0x40	; 64
   0335 C0                  867 	.db #0xC0	; 192
   0336 C0                  868 	.db #0xC0	; 192
   0337 C0                  869 	.db #0xC0	; 192
   0338 C0                  870 	.db #0xC0	; 192
   0339 C0                  871 	.db #0xC0	; 192
   033A C0                  872 	.db #0xC0	; 192
   033B C0                  873 	.db #0xC0	; 192
   033C C0                  874 	.db #0xC0	; 192
   033D 80                  875 	.db #0x80	; 128
   033E 00                  876 	.db #0x00	; 0
   033F 00                  877 	.db #0x00	; 0
   0340 00                  878 	.db #0x00	; 0
   0341 00                  879 	.db #0x00	; 0
   0342 00                  880 	.db #0x00	; 0
   0343 00                  881 	.db #0x00	; 0
   0344 00                  882 	.db #0x00	; 0
   0345 00                  883 	.db #0x00	; 0
   0346 00                  884 	.db #0x00	; 0
   0347 00                  885 	.db #0x00	; 0
   0348 00                  886 	.db #0x00	; 0
   0349 C0                  887 	.db #0xC0	; 192
   034A C0                  888 	.db #0xC0	; 192
   034B 0C                  889 	.db #0x0C	; 12
   034C 0C                  890 	.db #0x0C	; 12
   034D 0C                  891 	.db #0x0C	; 12
   034E 0C                  892 	.db #0x0C	; 12
   034F 0C                  893 	.db #0x0C	; 12
   0350 0C                  894 	.db #0x0C	; 12
   0351 0C                  895 	.db #0x0C	; 12
   0352 0C                  896 	.db #0x0C	; 12
   0353 C0                  897 	.db #0xC0	; 192
   0354 C0                  898 	.db #0xC0	; 192
   0355 00                  899 	.db #0x00	; 0
   0356 00                  900 	.db #0x00	; 0
   0357 00                  901 	.db #0x00	; 0
   0358 00                  902 	.db #0x00	; 0
   0359 00                  903 	.db #0x00	; 0
   035A 00                  904 	.db #0x00	; 0
   035B 00                  905 	.db #0x00	; 0
   035C 00                  906 	.db #0x00	; 0
   035D 00                  907 	.db #0x00	; 0
   035E 00                  908 	.db #0x00	; 0
   035F C0                  909 	.db #0xC0	; 192
   0360 C0                  910 	.db #0xC0	; 192
   0361 C0                  911 	.db #0xC0	; 192
   0362 C0                  912 	.db #0xC0	; 192
   0363 C0                  913 	.db #0xC0	; 192
   0364 C0                  914 	.db #0xC0	; 192
   0365 C0                  915 	.db #0xC0	; 192
   0366 C0                  916 	.db #0xC0	; 192
   0367 C0                  917 	.db #0xC0	; 192
   0368 C0                  918 	.db #0xC0	; 192
   0369 C0                  919 	.db #0xC0	; 192
   036A C0                  920 	.db #0xC0	; 192
   036B 00                  921 	.db #0x00	; 0
   036C 00                  922 	.db #0x00	; 0
   036D 00                  923 	.db #0x00	; 0
   036E 00                  924 	.db #0x00	; 0
   036F 00                  925 	.db #0x00	; 0
   0370 00                  926 	.db #0x00	; 0
   0371 00                  927 	.db #0x00	; 0
   0372 00                  928 	.db #0x00	; 0
   0373 00                  929 	.db #0x00	; 0
   0374 C0                  930 	.db #0xC0	; 192
   0375 C4                  931 	.db #0xC4	; 196
   0376 CC                  932 	.db #0xCC	; 204
   0377 CC                  933 	.db #0xCC	; 204
   0378 CC                  934 	.db #0xCC	; 204
   0379 CC                  935 	.db #0xCC	; 204
   037A CC                  936 	.db #0xCC	; 204
   037B CC                  937 	.db #0xCC	; 204
   037C CC                  938 	.db #0xCC	; 204
   037D CC                  939 	.db #0xCC	; 204
   037E CC                  940 	.db #0xCC	; 204
   037F CC                  941 	.db #0xCC	; 204
   0380 C8                  942 	.db #0xC8	; 200
   0381 C0                  943 	.db #0xC0	; 192
   0382 00                  944 	.db #0x00	; 0
   0383 00                  945 	.db #0x00	; 0
   0384 00                  946 	.db #0x00	; 0
   0385 00                  947 	.db #0x00	; 0
   0386 00                  948 	.db #0x00	; 0
   0387 00                  949 	.db #0x00	; 0
   0388 00                  950 	.db #0x00	; 0
   0389 00                  951 	.db #0x00	; 0
   038A C0                  952 	.db #0xC0	; 192
   038B C0                  953 	.db #0xC0	; 192
   038C C0                  954 	.db #0xC0	; 192
   038D C0                  955 	.db #0xC0	; 192
   038E C0                  956 	.db #0xC0	; 192
   038F C0                  957 	.db #0xC0	; 192
   0390 C0                  958 	.db #0xC0	; 192
   0391 C0                  959 	.db #0xC0	; 192
   0392 C0                  960 	.db #0xC0	; 192
   0393 C0                  961 	.db #0xC0	; 192
   0394 C0                  962 	.db #0xC0	; 192
   0395 C0                  963 	.db #0xC0	; 192
   0396 C0                  964 	.db #0xC0	; 192
   0397 C0                  965 	.db #0xC0	; 192
   0398 00                  966 	.db #0x00	; 0
   0399 00                  967 	.db #0x00	; 0
   039A 00                  968 	.db #0x00	; 0
   039B 00                  969 	.db #0x00	; 0
   039C 00                  970 	.db #0x00	; 0
   039D 00                  971 	.db #0x00	; 0
   039E 00                  972 	.db #0x00	; 0
   039F C0                  973 	.db #0xC0	; 192
   03A0 84                  974 	.db #0x84	; 132
   03A1 0C                  975 	.db #0x0C	; 12
   03A2 0C                  976 	.db #0x0C	; 12
   03A3 0C                  977 	.db #0x0C	; 12
   03A4 0C                  978 	.db #0x0C	; 12
   03A5 0C                  979 	.db #0x0C	; 12
   03A6 0C                  980 	.db #0x0C	; 12
   03A7 0C                  981 	.db #0x0C	; 12
   03A8 0C                  982 	.db #0x0C	; 12
   03A9 0C                  983 	.db #0x0C	; 12
   03AA 0C                  984 	.db #0x0C	; 12
   03AB 0C                  985 	.db #0x0C	; 12
   03AC 0C                  986 	.db #0x0C	; 12
   03AD 48                  987 	.db #0x48	; 72	'H'
   03AE C0                  988 	.db #0xC0	; 192
   03AF 00                  989 	.db #0x00	; 0
   03B0 00                  990 	.db #0x00	; 0
   03B1 00                  991 	.db #0x00	; 0
   03B2 00                  992 	.db #0x00	; 0
   03B3 00                  993 	.db #0x00	; 0
   03B4 00                  994 	.db #0x00	; 0
   03B5 C0                  995 	.db #0xC0	; 192
   03B6 C0                  996 	.db #0xC0	; 192
   03B7 C0                  997 	.db #0xC0	; 192
   03B8 C0                  998 	.db #0xC0	; 192
   03B9 C0                  999 	.db #0xC0	; 192
   03BA C0                 1000 	.db #0xC0	; 192
   03BB C0                 1001 	.db #0xC0	; 192
   03BC C0                 1002 	.db #0xC0	; 192
   03BD C0                 1003 	.db #0xC0	; 192
   03BE C0                 1004 	.db #0xC0	; 192
   03BF C0                 1005 	.db #0xC0	; 192
   03C0 C0                 1006 	.db #0xC0	; 192
   03C1 C0                 1007 	.db #0xC0	; 192
   03C2 C0                 1008 	.db #0xC0	; 192
   03C3 C0                 1009 	.db #0xC0	; 192
   03C4 C0                 1010 	.db #0xC0	; 192
   03C5 00                 1011 	.db #0x00	; 0
   03C6 00                 1012 	.db #0x00	; 0
   03C7 00                 1013 	.db #0x00	; 0
                           1014 	.area _INITIALIZER
                           1015 	.area _CABS (ABS)
