                              1 ;--------------------------------------------------------
                              2 ; File Created by SDCC : free open source ANSI-C Compiler
                              3 ; Version 3.5.0 #9253 (Sep 22 2015) (CYGWIN)
                              4 ; This file was generated Thu Oct  8 15:41:30 2015
                              5 ;--------------------------------------------------------
                              6 	.module flecha
                              7 	.optsdcc -mz80
                              8 	
                              9 ;--------------------------------------------------------
                             10 ; Public variables in this module
                             11 ;--------------------------------------------------------
                             12 	.globl _flecha_abajo
                             13 	.globl _flecha_arriba
                             14 	.globl _flecha_izda
                             15 	.globl _flecha_dcha
                             16 ;--------------------------------------------------------
                             17 ; special function registers
                             18 ;--------------------------------------------------------
                             19 ;--------------------------------------------------------
                             20 ; ram data
                             21 ;--------------------------------------------------------
                             22 	.area _DATA
                             23 ;--------------------------------------------------------
                             24 ; ram data
                             25 ;--------------------------------------------------------
                             26 	.area _INITIALIZED
                             27 ;--------------------------------------------------------
                             28 ; absolute external ram data
                             29 ;--------------------------------------------------------
                             30 	.area _DABS (ABS)
                             31 ;--------------------------------------------------------
                             32 ; global & static initialisations
                             33 ;--------------------------------------------------------
                             34 	.area _HOME
                             35 	.area _GSINIT
                             36 	.area _GSFINAL
                             37 	.area _GSINIT
                             38 ;--------------------------------------------------------
                             39 ; Home
                             40 ;--------------------------------------------------------
                             41 	.area _HOME
                             42 	.area _HOME
                             43 ;--------------------------------------------------------
                             44 ; code
                             45 ;--------------------------------------------------------
                             46 	.area _CODE
                             47 	.area _CODE
   0000                      48 _flecha_dcha:
   0000 FF                   49 	.db #0xFF	; 255
   0001 00                   50 	.db #0x00	; 0
   0002 55                   51 	.db #0x55	; 85	'U'
   0003 80                   52 	.db #0x80	; 128
   0004 AA                   53 	.db #0xAA	; 170
   0005 40                   54 	.db #0x40	; 64
   0006 AA                   55 	.db #0xAA	; 170
   0007 40                   56 	.db #0x40	; 64
   0008 FF                   57 	.db #0xFF	; 255
   0009 00                   58 	.db #0x00	; 0
   000A 55                   59 	.db #0x55	; 85	'U'
   000B 80                   60 	.db #0x80	; 128
   000C FF                   61 	.db #0xFF	; 255
   000D 00                   62 	.db #0x00	; 0
   000E 55                   63 	.db #0x55	; 85	'U'
   000F 80                   64 	.db #0x80	; 128
   0010 FF                   65 	.db #0xFF	; 255
   0011 00                   66 	.db #0x00	; 0
   0012 55                   67 	.db #0x55	; 85	'U'
   0013 80                   68 	.db #0x80	; 128
   0014 FF                   69 	.db #0xFF	; 255
   0015 00                   70 	.db #0x00	; 0
   0016 55                   71 	.db #0x55	; 85	'U'
   0017 80                   72 	.db #0x80	; 128
   0018 FF                   73 	.db #0xFF	; 255
   0019 00                   74 	.db #0x00	; 0
   001A 55                   75 	.db #0x55	; 85	'U'
   001B 80                   76 	.db #0x80	; 128
   001C FF                   77 	.db #0xFF	; 255
   001D 00                   78 	.db #0x00	; 0
   001E 55                   79 	.db #0x55	; 85	'U'
   001F 80                   80 	.db #0x80	; 128
   0020                      81 _flecha_izda:
   0020 AA                   82 	.db #0xAA	; 170
   0021 40                   83 	.db #0x40	; 64
   0022 FF                   84 	.db #0xFF	; 255
   0023 00                   85 	.db #0x00	; 0
   0024 AA                   86 	.db #0xAA	; 170
   0025 40                   87 	.db #0x40	; 64
   0026 FF                   88 	.db #0xFF	; 255
   0027 00                   89 	.db #0x00	; 0
   0028 AA                   90 	.db #0xAA	; 170
   0029 40                   91 	.db #0x40	; 64
   002A FF                   92 	.db #0xFF	; 255
   002B 00                   93 	.db #0x00	; 0
   002C AA                   94 	.db #0xAA	; 170
   002D 40                   95 	.db #0x40	; 64
   002E FF                   96 	.db #0xFF	; 255
   002F 00                   97 	.db #0x00	; 0
   0030 AA                   98 	.db #0xAA	; 170
   0031 40                   99 	.db #0x40	; 64
   0032 FF                  100 	.db #0xFF	; 255
   0033 00                  101 	.db #0x00	; 0
   0034 AA                  102 	.db #0xAA	; 170
   0035 40                  103 	.db #0x40	; 64
   0036 FF                  104 	.db #0xFF	; 255
   0037 00                  105 	.db #0x00	; 0
   0038 55                  106 	.db #0x55	; 85	'U'
   0039 80                  107 	.db #0x80	; 128
   003A 55                  108 	.db #0x55	; 85	'U'
   003B 80                  109 	.db #0x80	; 128
   003C AA                  110 	.db #0xAA	; 170
   003D 40                  111 	.db #0x40	; 64
   003E FF                  112 	.db #0xFF	; 255
   003F 00                  113 	.db #0x00	; 0
   0040                     114 _flecha_arriba:
   0040 FF                  115 	.db #0xFF	; 255
   0041 00                  116 	.db #0x00	; 0
   0042 FF                  117 	.db #0xFF	; 255
   0043 00                  118 	.db #0x00	; 0
   0044 FF                  119 	.db #0xFF	; 255
   0045 00                  120 	.db #0x00	; 0
   0046 FF                  121 	.db #0xFF	; 255
   0047 00                  122 	.db #0x00	; 0
   0048 FF                  123 	.db #0xFF	; 255
   0049 00                  124 	.db #0x00	; 0
   004A FF                  125 	.db #0xFF	; 255
   004B 00                  126 	.db #0x00	; 0
   004C FF                  127 	.db #0xFF	; 255
   004D 00                  128 	.db #0x00	; 0
   004E 55                  129 	.db #0x55	; 85	'U'
   004F 80                  130 	.db #0x80	; 128
   0050 00                  131 	.db #0x00	; 0
   0051 C0                  132 	.db #0xC0	; 192
   0052 00                  133 	.db #0x00	; 0
   0053 C0                  134 	.db #0xC0	; 192
   0054 00                  135 	.db #0x00	; 0
   0055 C0                  136 	.db #0xC0	; 192
   0056 AA                  137 	.db #0xAA	; 170
   0057 40                  138 	.db #0x40	; 64
   0058 FF                  139 	.db #0xFF	; 255
   0059 00                  140 	.db #0x00	; 0
   005A FF                  141 	.db #0xFF	; 255
   005B 00                  142 	.db #0x00	; 0
   005C FF                  143 	.db #0xFF	; 255
   005D 00                  144 	.db #0x00	; 0
   005E 55                  145 	.db #0x55	; 85	'U'
   005F 80                  146 	.db #0x80	; 128
   0060                     147 _flecha_abajo:
   0060 FF                  148 	.db #0xFF	; 255
   0061 00                  149 	.db #0x00	; 0
   0062 FF                  150 	.db #0xFF	; 255
   0063 00                  151 	.db #0x00	; 0
   0064 FF                  152 	.db #0xFF	; 255
   0065 00                  153 	.db #0x00	; 0
   0066 FF                  154 	.db #0xFF	; 255
   0067 00                  155 	.db #0x00	; 0
   0068 AA                  156 	.db #0xAA	; 170
   0069 40                  157 	.db #0x40	; 64
   006A FF                  158 	.db #0xFF	; 255
   006B 00                  159 	.db #0x00	; 0
   006C FF                  160 	.db #0xFF	; 255
   006D 00                  161 	.db #0x00	; 0
   006E FF                  162 	.db #0xFF	; 255
   006F 00                  163 	.db #0x00	; 0
   0070 55                  164 	.db #0x55	; 85	'U'
   0071 80                  165 	.db #0x80	; 128
   0072 00                  166 	.db #0x00	; 0
   0073 C0                  167 	.db #0xC0	; 192
   0074 00                  168 	.db #0x00	; 0
   0075 C0                  169 	.db #0xC0	; 192
   0076 00                  170 	.db #0x00	; 0
   0077 C0                  171 	.db #0xC0	; 192
   0078 AA                  172 	.db #0xAA	; 170
   0079 40                  173 	.db #0x40	; 64
   007A FF                  174 	.db #0xFF	; 255
   007B 00                  175 	.db #0x00	; 0
   007C FF                  176 	.db #0xFF	; 255
   007D 00                  177 	.db #0x00	; 0
   007E FF                  178 	.db #0xFF	; 255
   007F 00                  179 	.db #0x00	; 0
                            180 	.area _INITIALIZER
                            181 	.area _CABS (ABS)
