                              1 ;--------------------------------------------------------
                              2 ; File Created by SDCC : free open source ANSI-C Compiler
                              3 ; Version 3.5.0 #9253 (Sep 26 2015) (CYGWIN)
                              4 ; This file was generated Tue Oct  6 12:37:55 2015
                              5 ;--------------------------------------------------------
                              6 	.module flecha_vertical
                              7 	.optsdcc -mz80
                              8 	
                              9 ;--------------------------------------------------------
                             10 ; Public variables in this module
                             11 ;--------------------------------------------------------
                             12 	.globl _flecha_izda
                             13 	.globl _flecha_dcha
                             14 ;--------------------------------------------------------
                             15 ; special function registers
                             16 ;--------------------------------------------------------
                             17 ;--------------------------------------------------------
                             18 ; ram data
                             19 ;--------------------------------------------------------
                             20 	.area _DATA
                             21 ;--------------------------------------------------------
                             22 ; ram data
                             23 ;--------------------------------------------------------
                             24 	.area _INITIALIZED
                             25 ;--------------------------------------------------------
                             26 ; absolute external ram data
                             27 ;--------------------------------------------------------
                             28 	.area _DABS (ABS)
                             29 ;--------------------------------------------------------
                             30 ; global & static initialisations
                             31 ;--------------------------------------------------------
                             32 	.area _HOME
                             33 	.area _GSINIT
                             34 	.area _GSFINAL
                             35 	.area _GSINIT
                             36 ;--------------------------------------------------------
                             37 ; Home
                             38 ;--------------------------------------------------------
                             39 	.area _HOME
                             40 	.area _HOME
                             41 ;--------------------------------------------------------
                             42 ; code
                             43 ;--------------------------------------------------------
                             44 	.area _CODE
                             45 	.area _CODE
   0000                      46 _flecha_dcha:
   0000 FF                   47 	.db #0xFF	; 255
   0001 00                   48 	.db #0x00	; 0
   0002 55                   49 	.db #0x55	; 85	'U'
   0003 80                   50 	.db #0x80	; 128
   0004 AA                   51 	.db #0xAA	; 170
   0005 40                   52 	.db #0x40	; 64
   0006 AA                   53 	.db #0xAA	; 170
   0007 40                   54 	.db #0x40	; 64
   0008 FF                   55 	.db #0xFF	; 255
   0009 00                   56 	.db #0x00	; 0
   000A 55                   57 	.db #0x55	; 85	'U'
   000B 80                   58 	.db #0x80	; 128
   000C FF                   59 	.db #0xFF	; 255
   000D 00                   60 	.db #0x00	; 0
   000E 55                   61 	.db #0x55	; 85	'U'
   000F 80                   62 	.db #0x80	; 128
   0010 FF                   63 	.db #0xFF	; 255
   0011 00                   64 	.db #0x00	; 0
   0012 55                   65 	.db #0x55	; 85	'U'
   0013 80                   66 	.db #0x80	; 128
   0014 FF                   67 	.db #0xFF	; 255
   0015 00                   68 	.db #0x00	; 0
   0016 55                   69 	.db #0x55	; 85	'U'
   0017 80                   70 	.db #0x80	; 128
   0018 FF                   71 	.db #0xFF	; 255
   0019 00                   72 	.db #0x00	; 0
   001A 55                   73 	.db #0x55	; 85	'U'
   001B 80                   74 	.db #0x80	; 128
   001C FF                   75 	.db #0xFF	; 255
   001D 00                   76 	.db #0x00	; 0
   001E 55                   77 	.db #0x55	; 85	'U'
   001F 80                   78 	.db #0x80	; 128
   0020                      79 _flecha_izda:
   0020 AA                   80 	.db #0xAA	; 170
   0021 40                   81 	.db #0x40	; 64
   0022 FF                   82 	.db #0xFF	; 255
   0023 00                   83 	.db #0x00	; 0
   0024 AA                   84 	.db #0xAA	; 170
   0025 40                   85 	.db #0x40	; 64
   0026 FF                   86 	.db #0xFF	; 255
   0027 00                   87 	.db #0x00	; 0
   0028 AA                   88 	.db #0xAA	; 170
   0029 40                   89 	.db #0x40	; 64
   002A FF                   90 	.db #0xFF	; 255
   002B 00                   91 	.db #0x00	; 0
   002C AA                   92 	.db #0xAA	; 170
   002D 40                   93 	.db #0x40	; 64
   002E FF                   94 	.db #0xFF	; 255
   002F 00                   95 	.db #0x00	; 0
   0030 AA                   96 	.db #0xAA	; 170
   0031 40                   97 	.db #0x40	; 64
   0032 FF                   98 	.db #0xFF	; 255
   0033 00                   99 	.db #0x00	; 0
   0034 AA                  100 	.db #0xAA	; 170
   0035 40                  101 	.db #0x40	; 64
   0036 FF                  102 	.db #0xFF	; 255
   0037 00                  103 	.db #0x00	; 0
   0038 55                  104 	.db #0x55	; 85	'U'
   0039 80                  105 	.db #0x80	; 128
   003A 55                  106 	.db #0x55	; 85	'U'
   003B 80                  107 	.db #0x80	; 128
   003C AA                  108 	.db #0xAA	; 170
   003D 40                  109 	.db #0x40	; 64
   003E FF                  110 	.db #0xFF	; 255
   003F 00                  111 	.db #0x00	; 0
                            112 	.area _INITIALIZER
                            113 	.area _CABS (ABS)
