                              1 ;--------------------------------------------------------
                              2 ; File Created by SDCC : free open source ANSI-C Compiler
                              3 ; Version 3.5.0 #9253 (Sep 22 2015) (CYGWIN)
                              4 ; This file was generated Tue Oct  6 10:19:49 2015
                              5 ;--------------------------------------------------------
                              6 	.module flecha_horizontal
                              7 	.optsdcc -mz80
                              8 	
                              9 ;--------------------------------------------------------
                             10 ; Public variables in this module
                             11 ;--------------------------------------------------------
                             12 	.globl _flecha_abajo
                             13 	.globl _flecha_arriba
                             14 ;--------------------------------------------------------
                             15 ; special function registers
                             16 ;--------------------------------------------------------
                             17 ;--------------------------------------------------------
                             18 ; ram data
                             19 ;--------------------------------------------------------
                             20 	.area _DATA
                             21 ;--------------------------------------------------------
                             22 ; ram data
                             23 ;--------------------------------------------------------
                             24 	.area _INITIALIZED
                             25 ;--------------------------------------------------------
                             26 ; absolute external ram data
                             27 ;--------------------------------------------------------
                             28 	.area _DABS (ABS)
                             29 ;--------------------------------------------------------
                             30 ; global & static initialisations
                             31 ;--------------------------------------------------------
                             32 	.area _HOME
                             33 	.area _GSINIT
                             34 	.area _GSFINAL
                             35 	.area _GSINIT
                             36 ;--------------------------------------------------------
                             37 ; Home
                             38 ;--------------------------------------------------------
                             39 	.area _HOME
                             40 	.area _HOME
                             41 ;--------------------------------------------------------
                             42 ; code
                             43 ;--------------------------------------------------------
                             44 	.area _CODE
                             45 	.area _CODE
   0000                      46 _flecha_arriba:
   0000 FF                   47 	.db #0xFF	; 255
   0001 00                   48 	.db #0x00	; 0
   0002 FF                   49 	.db #0xFF	; 255
   0003 00                   50 	.db #0x00	; 0
   0004 FF                   51 	.db #0xFF	; 255
   0005 00                   52 	.db #0x00	; 0
   0006 FF                   53 	.db #0xFF	; 255
   0007 00                   54 	.db #0x00	; 0
   0008 FF                   55 	.db #0xFF	; 255
   0009 00                   56 	.db #0x00	; 0
   000A FF                   57 	.db #0xFF	; 255
   000B 00                   58 	.db #0x00	; 0
   000C FF                   59 	.db #0xFF	; 255
   000D 00                   60 	.db #0x00	; 0
   000E 55                   61 	.db #0x55	; 85	'U'
   000F 80                   62 	.db #0x80	; 128
   0010 00                   63 	.db #0x00	; 0
   0011 C0                   64 	.db #0xC0	; 192
   0012 00                   65 	.db #0x00	; 0
   0013 C0                   66 	.db #0xC0	; 192
   0014 00                   67 	.db #0x00	; 0
   0015 C0                   68 	.db #0xC0	; 192
   0016 AA                   69 	.db #0xAA	; 170
   0017 40                   70 	.db #0x40	; 64
   0018 FF                   71 	.db #0xFF	; 255
   0019 00                   72 	.db #0x00	; 0
   001A FF                   73 	.db #0xFF	; 255
   001B 00                   74 	.db #0x00	; 0
   001C FF                   75 	.db #0xFF	; 255
   001D 00                   76 	.db #0x00	; 0
   001E 55                   77 	.db #0x55	; 85	'U'
   001F 80                   78 	.db #0x80	; 128
   0020                      79 _flecha_abajo:
   0020 FF                   80 	.db #0xFF	; 255
   0021 00                   81 	.db #0x00	; 0
   0022 FF                   82 	.db #0xFF	; 255
   0023 00                   83 	.db #0x00	; 0
   0024 FF                   84 	.db #0xFF	; 255
   0025 00                   85 	.db #0x00	; 0
   0026 FF                   86 	.db #0xFF	; 255
   0027 00                   87 	.db #0x00	; 0
   0028 AA                   88 	.db #0xAA	; 170
   0029 40                   89 	.db #0x40	; 64
   002A FF                   90 	.db #0xFF	; 255
   002B 00                   91 	.db #0x00	; 0
   002C FF                   92 	.db #0xFF	; 255
   002D 00                   93 	.db #0x00	; 0
   002E FF                   94 	.db #0xFF	; 255
   002F 00                   95 	.db #0x00	; 0
   0030 55                   96 	.db #0x55	; 85	'U'
   0031 80                   97 	.db #0x80	; 128
   0032 00                   98 	.db #0x00	; 0
   0033 C0                   99 	.db #0xC0	; 192
   0034 00                  100 	.db #0x00	; 0
   0035 C0                  101 	.db #0xC0	; 192
   0036 00                  102 	.db #0x00	; 0
   0037 C0                  103 	.db #0xC0	; 192
   0038 AA                  104 	.db #0xAA	; 170
   0039 40                  105 	.db #0x40	; 64
   003A FF                  106 	.db #0xFF	; 255
   003B 00                  107 	.db #0x00	; 0
   003C FF                  108 	.db #0xFF	; 255
   003D 00                  109 	.db #0x00	; 0
   003E FF                  110 	.db #0xFF	; 255
   003F 00                  111 	.db #0x00	; 0
                            112 	.area _INITIALIZER
                            113 	.area _CABS (ABS)
