                              1 ;--------------------------------------------------------
                              2 ; File Created by SDCC : free open source ANSI-C Compiler
                              3 ; Version 3.5.0 #9253 (Sep 26 2015) (CYGWIN)
                              4 ; This file was generated Fri Oct 23 17:31:26 2015
                              5 ;--------------------------------------------------------
                              6 	.module gameover
                              7 	.optsdcc -mz80
                              8 	
                              9 ;--------------------------------------------------------
                             10 ; Public variables in this module
                             11 ;--------------------------------------------------------
                             12 	.globl _gameover
                             13 ;--------------------------------------------------------
                             14 ; special function registers
                             15 ;--------------------------------------------------------
                             16 ;--------------------------------------------------------
                             17 ; ram data
                             18 ;--------------------------------------------------------
                             19 	.area _DATA
                             20 ;--------------------------------------------------------
                             21 ; ram data
                             22 ;--------------------------------------------------------
                             23 	.area _INITIALIZED
                             24 ;--------------------------------------------------------
                             25 ; absolute external ram data
                             26 ;--------------------------------------------------------
                             27 	.area _DABS (ABS)
                             28 ;--------------------------------------------------------
                             29 ; global & static initialisations
                             30 ;--------------------------------------------------------
                             31 	.area _HOME
                             32 	.area _GSINIT
                             33 	.area _GSFINAL
                             34 	.area _GSINIT
                             35 ;--------------------------------------------------------
                             36 ; Home
                             37 ;--------------------------------------------------------
                             38 	.area _HOME
                             39 	.area _HOME
                             40 ;--------------------------------------------------------
                             41 ; code
                             42 ;--------------------------------------------------------
                             43 	.area _CODE
                             44 	.area _CODE
   0000                      45 _gameover:
   0000 00                   46 	.db #0x00	; 0
   0001 00                   47 	.db #0x00	; 0
   0002 00                   48 	.db #0x00	; 0
   0003 00                   49 	.db #0x00	; 0
   0004 0C                   50 	.db #0x0C	; 12
   0005 0C                   51 	.db #0x0C	; 12
   0006 0C                   52 	.db #0x0C	; 12
   0007 08                   53 	.db #0x08	; 8
   0008 00                   54 	.db #0x00	; 0
   0009 00                   55 	.db #0x00	; 0
   000A 04                   56 	.db #0x04	; 4
   000B 0C                   57 	.db #0x0C	; 12
   000C 00                   58 	.db #0x00	; 0
   000D 00                   59 	.db #0x00	; 0
   000E 04                   60 	.db #0x04	; 4
   000F 0C                   61 	.db #0x0C	; 12
   0010 08                   62 	.db #0x08	; 8
   0011 00                   63 	.db #0x00	; 0
   0012 00                   64 	.db #0x00	; 0
   0013 0C                   65 	.db #0x0C	; 12
   0014 08                   66 	.db #0x08	; 8
   0015 04                   67 	.db #0x04	; 4
   0016 0C                   68 	.db #0x0C	; 12
   0017 0C                   69 	.db #0x0C	; 12
   0018 0C                   70 	.db #0x0C	; 12
   0019 08                   71 	.db #0x08	; 8
   001A 00                   72 	.db #0x00	; 0
   001B 0C                   73 	.db #0x0C	; 12
   001C 00                   74 	.db #0x00	; 0
   001D 00                   75 	.db #0x00	; 0
   001E 00                   76 	.db #0x00	; 0
   001F 00                   77 	.db #0x00	; 0
   0020 00                   78 	.db #0x00	; 0
   0021 00                   79 	.db #0x00	; 0
   0022 00                   80 	.db #0x00	; 0
   0023 00                   81 	.db #0x00	; 0
   0024 00                   82 	.db #0x00	; 0
   0025 00                   83 	.db #0x00	; 0
   0026 00                   84 	.db #0x00	; 0
   0027 00                   85 	.db #0x00	; 0
   0028 00                   86 	.db #0x00	; 0
   0029 00                   87 	.db #0x00	; 0
   002A 00                   88 	.db #0x00	; 0
   002B 00                   89 	.db #0x00	; 0
   002C 00                   90 	.db #0x00	; 0
   002D 00                   91 	.db #0x00	; 0
   002E 00                   92 	.db #0x00	; 0
   002F 00                   93 	.db #0x00	; 0
   0030 00                   94 	.db #0x00	; 0
   0031 00                   95 	.db #0x00	; 0
   0032 00                   96 	.db #0x00	; 0
   0033 00                   97 	.db #0x00	; 0
   0034 00                   98 	.db #0x00	; 0
   0035 00                   99 	.db #0x00	; 0
   0036 00                  100 	.db #0x00	; 0
   0037 00                  101 	.db #0x00	; 0
   0038 00                  102 	.db #0x00	; 0
   0039 00                  103 	.db #0x00	; 0
   003A 00                  104 	.db #0x00	; 0
   003B 00                  105 	.db #0x00	; 0
   003C 00                  106 	.db #0x00	; 0
   003D 00                  107 	.db #0x00	; 0
   003E 00                  108 	.db #0x00	; 0
   003F 04                  109 	.db #0x04	; 4
   0040 0C                  110 	.db #0x0C	; 12
   0041 0C                  111 	.db #0x0C	; 12
   0042 0C                  112 	.db #0x0C	; 12
   0043 08                  113 	.db #0x08	; 8
   0044 00                  114 	.db #0x00	; 0
   0045 00                  115 	.db #0x00	; 0
   0046 04                  116 	.db #0x04	; 4
   0047 0C                  117 	.db #0x0C	; 12
   0048 08                  118 	.db #0x08	; 8
   0049 00                  119 	.db #0x00	; 0
   004A 04                  120 	.db #0x04	; 4
   004B 0C                  121 	.db #0x0C	; 12
   004C 08                  122 	.db #0x08	; 8
   004D 00                  123 	.db #0x00	; 0
   004E 04                  124 	.db #0x04	; 4
   004F 0C                  125 	.db #0x0C	; 12
   0050 08                  126 	.db #0x08	; 8
   0051 04                  127 	.db #0x04	; 4
   0052 0C                  128 	.db #0x0C	; 12
   0053 0C                  129 	.db #0x0C	; 12
   0054 0C                  130 	.db #0x0C	; 12
   0055 08                  131 	.db #0x08	; 8
   0056 00                  132 	.db #0x00	; 0
   0057 08                  133 	.db #0x08	; 8
   0058 00                  134 	.db #0x00	; 0
   0059 00                  135 	.db #0x00	; 0
   005A 00                  136 	.db #0x00	; 0
   005B 00                  137 	.db #0x00	; 0
   005C 00                  138 	.db #0x00	; 0
   005D 00                  139 	.db #0x00	; 0
   005E 00                  140 	.db #0x00	; 0
   005F 00                  141 	.db #0x00	; 0
   0060 00                  142 	.db #0x00	; 0
   0061 00                  143 	.db #0x00	; 0
   0062 00                  144 	.db #0x00	; 0
   0063 00                  145 	.db #0x00	; 0
   0064 00                  146 	.db #0x00	; 0
   0065 00                  147 	.db #0x00	; 0
   0066 00                  148 	.db #0x00	; 0
   0067 00                  149 	.db #0x00	; 0
   0068 00                  150 	.db #0x00	; 0
   0069 00                  151 	.db #0x00	; 0
   006A 00                  152 	.db #0x00	; 0
   006B 00                  153 	.db #0x00	; 0
   006C 00                  154 	.db #0x00	; 0
   006D 00                  155 	.db #0x00	; 0
   006E 00                  156 	.db #0x00	; 0
   006F 00                  157 	.db #0x00	; 0
   0070 08                  158 	.db #0x08	; 8
   0071 00                  159 	.db #0x00	; 0
   0072 00                  160 	.db #0x00	; 0
   0073 00                  161 	.db #0x00	; 0
   0074 00                  162 	.db #0x00	; 0
   0075 00                  163 	.db #0x00	; 0
   0076 00                  164 	.db #0x00	; 0
   0077 00                  165 	.db #0x00	; 0
   0078 00                  166 	.db #0x00	; 0
   0079 00                  167 	.db #0x00	; 0
   007A 00                  168 	.db #0x00	; 0
   007B 0C                  169 	.db #0x0C	; 12
   007C 08                  170 	.db #0x08	; 8
   007D 00                  171 	.db #0x00	; 0
   007E 00                  172 	.db #0x00	; 0
   007F 00                  173 	.db #0x00	; 0
   0080 00                  174 	.db #0x00	; 0
   0081 00                  175 	.db #0x00	; 0
   0082 0C                  176 	.db #0x0C	; 12
   0083 04                  177 	.db #0x04	; 4
   0084 08                  178 	.db #0x08	; 8
   0085 00                  179 	.db #0x00	; 0
   0086 04                  180 	.db #0x04	; 4
   0087 0C                  181 	.db #0x0C	; 12
   0088 08                  182 	.db #0x08	; 8
   0089 00                  183 	.db #0x00	; 0
   008A 04                  184 	.db #0x04	; 4
   008B 0C                  185 	.db #0x0C	; 12
   008C 08                  186 	.db #0x08	; 8
   008D 04                  187 	.db #0x04	; 4
   008E 08                  188 	.db #0x08	; 8
   008F 00                  189 	.db #0x00	; 0
   0090 00                  190 	.db #0x00	; 0
   0091 00                  191 	.db #0x00	; 0
   0092 00                  192 	.db #0x00	; 0
   0093 08                  193 	.db #0x08	; 8
   0094 00                  194 	.db #0x00	; 0
   0095 00                  195 	.db #0x00	; 0
   0096 00                  196 	.db #0x00	; 0
   0097 04                  197 	.db #0x04	; 4
   0098 00                  198 	.db #0x00	; 0
   0099 00                  199 	.db #0x00	; 0
   009A 0C                  200 	.db #0x0C	; 12
   009B 0C                  201 	.db #0x0C	; 12
   009C 08                  202 	.db #0x08	; 8
   009D 00                  203 	.db #0x00	; 0
   009E 0C                  204 	.db #0x0C	; 12
   009F 00                  205 	.db #0x00	; 0
   00A0 00                  206 	.db #0x00	; 0
   00A1 00                  207 	.db #0x00	; 0
   00A2 0C                  208 	.db #0x0C	; 12
   00A3 04                  209 	.db #0x04	; 4
   00A4 0C                  210 	.db #0x0C	; 12
   00A5 0C                  211 	.db #0x0C	; 12
   00A6 0C                  212 	.db #0x0C	; 12
   00A7 00                  213 	.db #0x00	; 0
   00A8 0C                  214 	.db #0x0C	; 12
   00A9 0C                  215 	.db #0x0C	; 12
   00AA 0C                  216 	.db #0x0C	; 12
   00AB 08                  217 	.db #0x08	; 8
   00AC 00                  218 	.db #0x00	; 0
   00AD 00                  219 	.db #0x00	; 0
   00AE 00                  220 	.db #0x00	; 0
   00AF 00                  221 	.db #0x00	; 0
   00B0 00                  222 	.db #0x00	; 0
   00B1 00                  223 	.db #0x00	; 0
   00B2 00                  224 	.db #0x00	; 0
   00B3 00                  225 	.db #0x00	; 0
   00B4 00                  226 	.db #0x00	; 0
   00B5 00                  227 	.db #0x00	; 0
   00B6 04                  228 	.db #0x04	; 4
   00B7 0C                  229 	.db #0x0C	; 12
   00B8 00                  230 	.db #0x00	; 0
   00B9 00                  231 	.db #0x00	; 0
   00BA 00                  232 	.db #0x00	; 0
   00BB 00                  233 	.db #0x00	; 0
   00BC 00                  234 	.db #0x00	; 0
   00BD 00                  235 	.db #0x00	; 0
   00BE 0C                  236 	.db #0x0C	; 12
   00BF 04                  237 	.db #0x04	; 4
   00C0 08                  238 	.db #0x08	; 8
   00C1 00                  239 	.db #0x00	; 0
   00C2 04                  240 	.db #0x04	; 4
   00C3 0C                  241 	.db #0x0C	; 12
   00C4 0C                  242 	.db #0x0C	; 12
   00C5 00                  243 	.db #0x00	; 0
   00C6 04                  244 	.db #0x04	; 4
   00C7 0C                  245 	.db #0x0C	; 12
   00C8 08                  246 	.db #0x08	; 8
   00C9 04                  247 	.db #0x04	; 4
   00CA 08                  248 	.db #0x08	; 8
   00CB 00                  249 	.db #0x00	; 0
   00CC 00                  250 	.db #0x00	; 0
   00CD 00                  251 	.db #0x00	; 0
   00CE 00                  252 	.db #0x00	; 0
   00CF 00                  253 	.db #0x00	; 0
   00D0 08                  254 	.db #0x08	; 8
   00D1 00                  255 	.db #0x00	; 0
   00D2 00                  256 	.db #0x00	; 0
   00D3 04                  257 	.db #0x04	; 4
   00D4 00                  258 	.db #0x00	; 0
   00D5 0C                  259 	.db #0x0C	; 12
   00D6 08                  260 	.db #0x08	; 8
   00D7 00                  261 	.db #0x00	; 0
   00D8 04                  262 	.db #0x04	; 4
   00D9 08                  263 	.db #0x08	; 8
   00DA 04                  264 	.db #0x04	; 4
   00DB 08                  265 	.db #0x08	; 8
   00DC 00                  266 	.db #0x00	; 0
   00DD 04                  267 	.db #0x04	; 4
   00DE 08                  268 	.db #0x08	; 8
   00DF 04                  269 	.db #0x04	; 4
   00E0 08                  270 	.db #0x08	; 8
   00E1 00                  271 	.db #0x00	; 0
   00E2 00                  272 	.db #0x00	; 0
   00E3 00                  273 	.db #0x00	; 0
   00E4 0C                  274 	.db #0x0C	; 12
   00E5 00                  275 	.db #0x00	; 0
   00E6 00                  276 	.db #0x00	; 0
   00E7 0C                  277 	.db #0x0C	; 12
   00E8 00                  278 	.db #0x00	; 0
   00E9 00                  279 	.db #0x00	; 0
   00EA 00                  280 	.db #0x00	; 0
   00EB 00                  281 	.db #0x00	; 0
   00EC 00                  282 	.db #0x00	; 0
   00ED 00                  283 	.db #0x00	; 0
   00EE 00                  284 	.db #0x00	; 0
   00EF 00                  285 	.db #0x00	; 0
   00F0 00                  286 	.db #0x00	; 0
   00F1 00                  287 	.db #0x00	; 0
   00F2 04                  288 	.db #0x04	; 4
   00F3 08                  289 	.db #0x08	; 8
   00F4 00                  290 	.db #0x00	; 0
   00F5 00                  291 	.db #0x00	; 0
   00F6 00                  292 	.db #0x00	; 0
   00F7 00                  293 	.db #0x00	; 0
   00F8 00                  294 	.db #0x00	; 0
   00F9 04                  295 	.db #0x04	; 4
   00FA 08                  296 	.db #0x08	; 8
   00FB 00                  297 	.db #0x00	; 0
   00FC 0C                  298 	.db #0x0C	; 12
   00FD 00                  299 	.db #0x00	; 0
   00FE 04                  300 	.db #0x04	; 4
   00FF 08                  301 	.db #0x08	; 8
   0100 0C                  302 	.db #0x0C	; 12
   0101 00                  303 	.db #0x00	; 0
   0102 0C                  304 	.db #0x0C	; 12
   0103 04                  305 	.db #0x04	; 4
   0104 08                  306 	.db #0x08	; 8
   0105 04                  307 	.db #0x04	; 4
   0106 0C                  308 	.db #0x0C	; 12
   0107 0C                  309 	.db #0x0C	; 12
   0108 0C                  310 	.db #0x0C	; 12
   0109 00                  311 	.db #0x00	; 0
   010A 00                  312 	.db #0x00	; 0
   010B 00                  313 	.db #0x00	; 0
   010C 08                  314 	.db #0x08	; 8
   010D 00                  315 	.db #0x00	; 0
   010E 00                  316 	.db #0x00	; 0
   010F 04                  317 	.db #0x04	; 4
   0110 00                  318 	.db #0x00	; 0
   0111 0C                  319 	.db #0x0C	; 12
   0112 00                  320 	.db #0x00	; 0
   0113 00                  321 	.db #0x00	; 0
   0114 00                  322 	.db #0x00	; 0
   0115 0C                  323 	.db #0x0C	; 12
   0116 04                  324 	.db #0x04	; 4
   0117 08                  325 	.db #0x08	; 8
   0118 00                  326 	.db #0x00	; 0
   0119 04                  327 	.db #0x04	; 4
   011A 08                  328 	.db #0x08	; 8
   011B 04                  329 	.db #0x04	; 4
   011C 08                  330 	.db #0x08	; 8
   011D 00                  331 	.db #0x00	; 0
   011E 00                  332 	.db #0x00	; 0
   011F 00                  333 	.db #0x00	; 0
   0120 0C                  334 	.db #0x0C	; 12
   0121 00                  335 	.db #0x00	; 0
   0122 00                  336 	.db #0x00	; 0
   0123 0C                  337 	.db #0x0C	; 12
   0124 00                  338 	.db #0x00	; 0
   0125 00                  339 	.db #0x00	; 0
   0126 00                  340 	.db #0x00	; 0
   0127 00                  341 	.db #0x00	; 0
   0128 00                  342 	.db #0x00	; 0
   0129 00                  343 	.db #0x00	; 0
   012A 00                  344 	.db #0x00	; 0
   012B 00                  345 	.db #0x00	; 0
   012C 00                  346 	.db #0x00	; 0
   012D 00                  347 	.db #0x00	; 0
   012E 04                  348 	.db #0x04	; 4
   012F 08                  349 	.db #0x08	; 8
   0130 00                  350 	.db #0x00	; 0
   0131 04                  351 	.db #0x04	; 4
   0132 0C                  352 	.db #0x0C	; 12
   0133 08                  353 	.db #0x08	; 8
   0134 00                  354 	.db #0x00	; 0
   0135 04                  355 	.db #0x04	; 4
   0136 0C                  356 	.db #0x0C	; 12
   0137 0C                  357 	.db #0x0C	; 12
   0138 0C                  358 	.db #0x0C	; 12
   0139 00                  359 	.db #0x00	; 0
   013A 04                  360 	.db #0x04	; 4
   013B 08                  361 	.db #0x08	; 8
   013C 0C                  362 	.db #0x0C	; 12
   013D 08                  363 	.db #0x08	; 8
   013E 0C                  364 	.db #0x0C	; 12
   013F 04                  365 	.db #0x04	; 4
   0140 08                  366 	.db #0x08	; 8
   0141 04                  367 	.db #0x04	; 4
   0142 0C                  368 	.db #0x0C	; 12
   0143 0C                  369 	.db #0x0C	; 12
   0144 0C                  370 	.db #0x0C	; 12
   0145 00                  371 	.db #0x00	; 0
   0146 00                  372 	.db #0x00	; 0
   0147 00                  373 	.db #0x00	; 0
   0148 08                  374 	.db #0x08	; 8
   0149 00                  375 	.db #0x00	; 0
   014A 00                  376 	.db #0x00	; 0
   014B 04                  377 	.db #0x04	; 4
   014C 04                  378 	.db #0x04	; 4
   014D 08                  379 	.db #0x08	; 8
   014E 00                  380 	.db #0x00	; 0
   014F 00                  381 	.db #0x00	; 0
   0150 00                  382 	.db #0x00	; 0
   0151 0C                  383 	.db #0x0C	; 12
   0152 04                  384 	.db #0x04	; 4
   0153 08                  385 	.db #0x08	; 8
   0154 00                  386 	.db #0x00	; 0
   0155 0C                  387 	.db #0x0C	; 12
   0156 00                  388 	.db #0x00	; 0
   0157 04                  389 	.db #0x04	; 4
   0158 08                  390 	.db #0x08	; 8
   0159 00                  391 	.db #0x00	; 0
   015A 00                  392 	.db #0x00	; 0
   015B 00                  393 	.db #0x00	; 0
   015C 0C                  394 	.db #0x0C	; 12
   015D 00                  395 	.db #0x00	; 0
   015E 04                  396 	.db #0x04	; 4
   015F 0C                  397 	.db #0x0C	; 12
   0160 00                  398 	.db #0x00	; 0
   0161 00                  399 	.db #0x00	; 0
   0162 00                  400 	.db #0x00	; 0
   0163 00                  401 	.db #0x00	; 0
   0164 00                  402 	.db #0x00	; 0
   0165 00                  403 	.db #0x00	; 0
   0166 00                  404 	.db #0x00	; 0
   0167 00                  405 	.db #0x00	; 0
   0168 00                  406 	.db #0x00	; 0
   0169 00                  407 	.db #0x00	; 0
   016A 04                  408 	.db #0x04	; 4
   016B 08                  409 	.db #0x08	; 8
   016C 00                  410 	.db #0x00	; 0
   016D 04                  411 	.db #0x04	; 4
   016E 0C                  412 	.db #0x0C	; 12
   016F 08                  413 	.db #0x08	; 8
   0170 00                  414 	.db #0x00	; 0
   0171 0C                  415 	.db #0x0C	; 12
   0172 0C                  416 	.db #0x0C	; 12
   0173 0C                  417 	.db #0x0C	; 12
   0174 0C                  418 	.db #0x0C	; 12
   0175 00                  419 	.db #0x00	; 0
   0176 04                  420 	.db #0x04	; 4
   0177 08                  421 	.db #0x08	; 8
   0178 04                  422 	.db #0x04	; 4
   0179 08                  423 	.db #0x08	; 8
   017A 0C                  424 	.db #0x0C	; 12
   017B 04                  425 	.db #0x04	; 4
   017C 08                  426 	.db #0x08	; 8
   017D 04                  427 	.db #0x04	; 4
   017E 08                  428 	.db #0x08	; 8
   017F 00                  429 	.db #0x00	; 0
   0180 00                  430 	.db #0x00	; 0
   0181 00                  431 	.db #0x00	; 0
   0182 00                  432 	.db #0x00	; 0
   0183 04                  433 	.db #0x04	; 4
   0184 08                  434 	.db #0x08	; 8
   0185 00                  435 	.db #0x00	; 0
   0186 00                  436 	.db #0x00	; 0
   0187 00                  437 	.db #0x00	; 0
   0188 04                  438 	.db #0x04	; 4
   0189 08                  439 	.db #0x08	; 8
   018A 00                  440 	.db #0x00	; 0
   018B 00                  441 	.db #0x00	; 0
   018C 00                  442 	.db #0x00	; 0
   018D 0C                  443 	.db #0x0C	; 12
   018E 00                  444 	.db #0x00	; 0
   018F 0C                  445 	.db #0x0C	; 12
   0190 00                  446 	.db #0x00	; 0
   0191 0C                  447 	.db #0x0C	; 12
   0192 00                  448 	.db #0x00	; 0
   0193 04                  449 	.db #0x04	; 4
   0194 0C                  450 	.db #0x0C	; 12
   0195 0C                  451 	.db #0x0C	; 12
   0196 08                  452 	.db #0x08	; 8
   0197 00                  453 	.db #0x00	; 0
   0198 0C                  454 	.db #0x0C	; 12
   0199 0C                  455 	.db #0x0C	; 12
   019A 0C                  456 	.db #0x0C	; 12
   019B 08                  457 	.db #0x08	; 8
   019C 00                  458 	.db #0x00	; 0
   019D 00                  459 	.db #0x00	; 0
   019E 00                  460 	.db #0x00	; 0
   019F 00                  461 	.db #0x00	; 0
   01A0 00                  462 	.db #0x00	; 0
   01A1 00                  463 	.db #0x00	; 0
   01A2 00                  464 	.db #0x00	; 0
   01A3 00                  465 	.db #0x00	; 0
   01A4 00                  466 	.db #0x00	; 0
   01A5 00                  467 	.db #0x00	; 0
   01A6 04                  468 	.db #0x04	; 4
   01A7 08                  469 	.db #0x08	; 8
   01A8 00                  470 	.db #0x00	; 0
   01A9 00                  471 	.db #0x00	; 0
   01AA 04                  472 	.db #0x04	; 4
   01AB 08                  473 	.db #0x08	; 8
   01AC 00                  474 	.db #0x00	; 0
   01AD 0C                  475 	.db #0x0C	; 12
   01AE 00                  476 	.db #0x00	; 0
   01AF 00                  477 	.db #0x00	; 0
   01B0 04                  478 	.db #0x04	; 4
   01B1 08                  479 	.db #0x08	; 8
   01B2 04                  480 	.db #0x04	; 4
   01B3 08                  481 	.db #0x08	; 8
   01B4 04                  482 	.db #0x04	; 4
   01B5 08                  483 	.db #0x08	; 8
   01B6 0C                  484 	.db #0x0C	; 12
   01B7 04                  485 	.db #0x04	; 4
   01B8 08                  486 	.db #0x08	; 8
   01B9 04                  487 	.db #0x04	; 4
   01BA 08                  488 	.db #0x08	; 8
   01BB 00                  489 	.db #0x00	; 0
   01BC 00                  490 	.db #0x00	; 0
   01BD 00                  491 	.db #0x00	; 0
   01BE 00                  492 	.db #0x00	; 0
   01BF 0C                  493 	.db #0x0C	; 12
   01C0 08                  494 	.db #0x08	; 8
   01C1 00                  495 	.db #0x00	; 0
   01C2 00                  496 	.db #0x00	; 0
   01C3 00                  497 	.db #0x00	; 0
   01C4 04                  498 	.db #0x04	; 4
   01C5 08                  499 	.db #0x08	; 8
   01C6 00                  500 	.db #0x00	; 0
   01C7 00                  501 	.db #0x00	; 0
   01C8 00                  502 	.db #0x00	; 0
   01C9 0C                  503 	.db #0x0C	; 12
   01CA 00                  504 	.db #0x00	; 0
   01CB 0C                  505 	.db #0x0C	; 12
   01CC 04                  506 	.db #0x04	; 4
   01CD 08                  507 	.db #0x08	; 8
   01CE 00                  508 	.db #0x00	; 0
   01CF 04                  509 	.db #0x04	; 4
   01D0 08                  510 	.db #0x08	; 8
   01D1 00                  511 	.db #0x00	; 0
   01D2 00                  512 	.db #0x00	; 0
   01D3 00                  513 	.db #0x00	; 0
   01D4 0C                  514 	.db #0x0C	; 12
   01D5 04                  515 	.db #0x04	; 4
   01D6 08                  516 	.db #0x08	; 8
   01D7 00                  517 	.db #0x00	; 0
   01D8 08                  518 	.db #0x08	; 8
   01D9 00                  519 	.db #0x00	; 0
   01DA 00                  520 	.db #0x00	; 0
   01DB 00                  521 	.db #0x00	; 0
   01DC 00                  522 	.db #0x00	; 0
   01DD 00                  523 	.db #0x00	; 0
   01DE 00                  524 	.db #0x00	; 0
   01DF 00                  525 	.db #0x00	; 0
   01E0 04                  526 	.db #0x04	; 4
   01E1 00                  527 	.db #0x00	; 0
   01E2 00                  528 	.db #0x00	; 0
   01E3 0C                  529 	.db #0x0C	; 12
   01E4 00                  530 	.db #0x00	; 0
   01E5 00                  531 	.db #0x00	; 0
   01E6 04                  532 	.db #0x04	; 4
   01E7 08                  533 	.db #0x08	; 8
   01E8 04                  534 	.db #0x04	; 4
   01E9 08                  535 	.db #0x08	; 8
   01EA 00                  536 	.db #0x00	; 0
   01EB 00                  537 	.db #0x00	; 0
   01EC 04                  538 	.db #0x04	; 4
   01ED 08                  539 	.db #0x08	; 8
   01EE 04                  540 	.db #0x04	; 4
   01EF 08                  541 	.db #0x08	; 8
   01F0 04                  542 	.db #0x04	; 4
   01F1 0C                  543 	.db #0x0C	; 12
   01F2 08                  544 	.db #0x08	; 8
   01F3 04                  545 	.db #0x04	; 4
   01F4 08                  546 	.db #0x08	; 8
   01F5 04                  547 	.db #0x04	; 4
   01F6 08                  548 	.db #0x08	; 8
   01F7 00                  549 	.db #0x00	; 0
   01F8 00                  550 	.db #0x00	; 0
   01F9 00                  551 	.db #0x00	; 0
   01FA 00                  552 	.db #0x00	; 0
   01FB 08                  553 	.db #0x08	; 8
   01FC 0C                  554 	.db #0x0C	; 12
   01FD 00                  555 	.db #0x00	; 0
   01FE 00                  556 	.db #0x00	; 0
   01FF 00                  557 	.db #0x00	; 0
   0200 04                  558 	.db #0x04	; 4
   0201 08                  559 	.db #0x08	; 8
   0202 00                  560 	.db #0x00	; 0
   0203 00                  561 	.db #0x00	; 0
   0204 04                  562 	.db #0x04	; 4
   0205 08                  563 	.db #0x08	; 8
   0206 00                  564 	.db #0x00	; 0
   0207 0C                  565 	.db #0x0C	; 12
   0208 04                  566 	.db #0x04	; 4
   0209 08                  567 	.db #0x08	; 8
   020A 00                  568 	.db #0x00	; 0
   020B 04                  569 	.db #0x04	; 4
   020C 08                  570 	.db #0x08	; 8
   020D 00                  571 	.db #0x00	; 0
   020E 00                  572 	.db #0x00	; 0
   020F 00                  573 	.db #0x00	; 0
   0210 0C                  574 	.db #0x0C	; 12
   0211 00                  575 	.db #0x00	; 0
   0212 0C                  576 	.db #0x0C	; 12
   0213 00                  577 	.db #0x00	; 0
   0214 00                  578 	.db #0x00	; 0
   0215 00                  579 	.db #0x00	; 0
   0216 00                  580 	.db #0x00	; 0
   0217 00                  581 	.db #0x00	; 0
   0218 00                  582 	.db #0x00	; 0
   0219 00                  583 	.db #0x00	; 0
   021A 08                  584 	.db #0x08	; 8
   021B 00                  585 	.db #0x00	; 0
   021C 04                  586 	.db #0x04	; 4
   021D 00                  587 	.db #0x00	; 0
   021E 00                  588 	.db #0x00	; 0
   021F 0C                  589 	.db #0x0C	; 12
   0220 0C                  590 	.db #0x0C	; 12
   0221 0C                  591 	.db #0x0C	; 12
   0222 0C                  592 	.db #0x0C	; 12
   0223 08                  593 	.db #0x08	; 8
   0224 04                  594 	.db #0x04	; 4
   0225 08                  595 	.db #0x08	; 8
   0226 00                  596 	.db #0x00	; 0
   0227 00                  597 	.db #0x00	; 0
   0228 04                  598 	.db #0x04	; 4
   0229 08                  599 	.db #0x08	; 8
   022A 04                  600 	.db #0x04	; 4
   022B 08                  601 	.db #0x08	; 8
   022C 00                  602 	.db #0x00	; 0
   022D 0C                  603 	.db #0x0C	; 12
   022E 08                  604 	.db #0x08	; 8
   022F 04                  605 	.db #0x04	; 4
   0230 08                  606 	.db #0x08	; 8
   0231 04                  607 	.db #0x04	; 4
   0232 0C                  608 	.db #0x0C	; 12
   0233 0C                  609 	.db #0x0C	; 12
   0234 0C                  610 	.db #0x0C	; 12
   0235 08                  611 	.db #0x08	; 8
   0236 00                  612 	.db #0x00	; 0
   0237 08                  613 	.db #0x08	; 8
   0238 04                  614 	.db #0x04	; 4
   0239 00                  615 	.db #0x00	; 0
   023A 00                  616 	.db #0x00	; 0
   023B 00                  617 	.db #0x00	; 0
   023C 00                  618 	.db #0x00	; 0
   023D 0C                  619 	.db #0x0C	; 12
   023E 00                  620 	.db #0x00	; 0
   023F 00                  621 	.db #0x00	; 0
   0240 0C                  622 	.db #0x0C	; 12
   0241 08                  623 	.db #0x08	; 8
   0242 00                  624 	.db #0x00	; 0
   0243 04                  625 	.db #0x04	; 4
   0244 0C                  626 	.db #0x0C	; 12
   0245 00                  627 	.db #0x00	; 0
   0246 00                  628 	.db #0x00	; 0
   0247 04                  629 	.db #0x04	; 4
   0248 08                  630 	.db #0x08	; 8
   0249 00                  631 	.db #0x00	; 0
   024A 00                  632 	.db #0x00	; 0
   024B 00                  633 	.db #0x00	; 0
   024C 0C                  634 	.db #0x0C	; 12
   024D 00                  635 	.db #0x00	; 0
   024E 0C                  636 	.db #0x0C	; 12
   024F 00                  637 	.db #0x00	; 0
   0250 00                  638 	.db #0x00	; 0
   0251 00                  639 	.db #0x00	; 0
   0252 00                  640 	.db #0x00	; 0
   0253 00                  641 	.db #0x00	; 0
   0254 00                  642 	.db #0x00	; 0
   0255 00                  643 	.db #0x00	; 0
   0256 08                  644 	.db #0x08	; 8
   0257 00                  645 	.db #0x00	; 0
   0258 0C                  646 	.db #0x0C	; 12
   0259 00                  647 	.db #0x00	; 0
   025A 00                  648 	.db #0x00	; 0
   025B 00                  649 	.db #0x00	; 0
   025C 0C                  650 	.db #0x0C	; 12
   025D 0C                  651 	.db #0x0C	; 12
   025E 0C                  652 	.db #0x0C	; 12
   025F 08                  653 	.db #0x08	; 8
   0260 0C                  654 	.db #0x0C	; 12
   0261 00                  655 	.db #0x00	; 0
   0262 00                  656 	.db #0x00	; 0
   0263 00                  657 	.db #0x00	; 0
   0264 00                  658 	.db #0x00	; 0
   0265 0C                  659 	.db #0x0C	; 12
   0266 04                  660 	.db #0x04	; 4
   0267 08                  661 	.db #0x08	; 8
   0268 00                  662 	.db #0x00	; 0
   0269 0C                  663 	.db #0x0C	; 12
   026A 08                  664 	.db #0x08	; 8
   026B 04                  665 	.db #0x04	; 4
   026C 08                  666 	.db #0x08	; 8
   026D 04                  667 	.db #0x04	; 4
   026E 0C                  668 	.db #0x0C	; 12
   026F 0C                  669 	.db #0x0C	; 12
   0270 0C                  670 	.db #0x0C	; 12
   0271 08                  671 	.db #0x08	; 8
   0272 00                  672 	.db #0x00	; 0
   0273 08                  673 	.db #0x08	; 8
   0274 04                  674 	.db #0x04	; 4
   0275 00                  675 	.db #0x00	; 0
   0276 00                  676 	.db #0x00	; 0
   0277 00                  677 	.db #0x00	; 0
   0278 00                  678 	.db #0x00	; 0
   0279 00                  679 	.db #0x00	; 0
   027A 0C                  680 	.db #0x0C	; 12
   027B 0C                  681 	.db #0x0C	; 12
   027C 08                  682 	.db #0x08	; 8
   027D 00                  683 	.db #0x00	; 0
   027E 00                  684 	.db #0x00	; 0
   027F 04                  685 	.db #0x04	; 4
   0280 0C                  686 	.db #0x0C	; 12
   0281 00                  687 	.db #0x00	; 0
   0282 00                  688 	.db #0x00	; 0
   0283 04                  689 	.db #0x04	; 4
   0284 0C                  690 	.db #0x0C	; 12
   0285 0C                  691 	.db #0x0C	; 12
   0286 0C                  692 	.db #0x0C	; 12
   0287 00                  693 	.db #0x00	; 0
   0288 0C                  694 	.db #0x0C	; 12
   0289 00                  695 	.db #0x00	; 0
   028A 04                  696 	.db #0x04	; 4
   028B 08                  697 	.db #0x08	; 8
   028C 00                  698 	.db #0x00	; 0
   028D 00                  699 	.db #0x00	; 0
   028E 00                  700 	.db #0x00	; 0
   028F 00                  701 	.db #0x00	; 0
   0290 00                  702 	.db #0x00	; 0
   0291 00                  703 	.db #0x00	; 0
   0292 08                  704 	.db #0x08	; 8
   0293 00                  705 	.db #0x00	; 0
   0294 0C                  706 	.db #0x0C	; 12
   0295 00                  707 	.db #0x00	; 0
   0296 00                  708 	.db #0x00	; 0
   0297 00                  709 	.db #0x00	; 0
   0298 00                  710 	.db #0x00	; 0
   0299 00                  711 	.db #0x00	; 0
   029A 00                  712 	.db #0x00	; 0
   029B 00                  713 	.db #0x00	; 0
   029C 00                  714 	.db #0x00	; 0
   029D 00                  715 	.db #0x00	; 0
   029E 00                  716 	.db #0x00	; 0
   029F 00                  717 	.db #0x00	; 0
   02A0 00                  718 	.db #0x00	; 0
   02A1 00                  719 	.db #0x00	; 0
   02A2 00                  720 	.db #0x00	; 0
   02A3 00                  721 	.db #0x00	; 0
   02A4 00                  722 	.db #0x00	; 0
   02A5 00                  723 	.db #0x00	; 0
   02A6 00                  724 	.db #0x00	; 0
   02A7 00                  725 	.db #0x00	; 0
   02A8 00                  726 	.db #0x00	; 0
   02A9 00                  727 	.db #0x00	; 0
   02AA 00                  728 	.db #0x00	; 0
   02AB 00                  729 	.db #0x00	; 0
   02AC 00                  730 	.db #0x00	; 0
   02AD 00                  731 	.db #0x00	; 0
   02AE 00                  732 	.db #0x00	; 0
   02AF 08                  733 	.db #0x08	; 8
   02B0 80                  734 	.db #0x80	; 128
   02B1 08                  735 	.db #0x08	; 8
   02B2 00                  736 	.db #0x00	; 0
   02B3 00                  737 	.db #0x00	; 0
   02B4 00                  738 	.db #0x00	; 0
   02B5 00                  739 	.db #0x00	; 0
   02B6 00                  740 	.db #0x00	; 0
   02B7 00                  741 	.db #0x00	; 0
   02B8 00                  742 	.db #0x00	; 0
   02B9 00                  743 	.db #0x00	; 0
   02BA 00                  744 	.db #0x00	; 0
   02BB 00                  745 	.db #0x00	; 0
   02BC 00                  746 	.db #0x00	; 0
   02BD 00                  747 	.db #0x00	; 0
   02BE 00                  748 	.db #0x00	; 0
   02BF 00                  749 	.db #0x00	; 0
   02C0 00                  750 	.db #0x00	; 0
   02C1 00                  751 	.db #0x00	; 0
   02C2 00                  752 	.db #0x00	; 0
   02C3 00                  753 	.db #0x00	; 0
   02C4 00                  754 	.db #0x00	; 0
   02C5 00                  755 	.db #0x00	; 0
   02C6 00                  756 	.db #0x00	; 0
   02C7 00                  757 	.db #0x00	; 0
   02C8 00                  758 	.db #0x00	; 0
   02C9 00                  759 	.db #0x00	; 0
   02CA 00                  760 	.db #0x00	; 0
   02CB 00                  761 	.db #0x00	; 0
   02CC 00                  762 	.db #0x00	; 0
   02CD 00                  763 	.db #0x00	; 0
   02CE 00                  764 	.db #0x00	; 0
   02CF 00                  765 	.db #0x00	; 0
   02D0 0C                  766 	.db #0x0C	; 12
   02D1 00                  767 	.db #0x00	; 0
   02D2 00                  768 	.db #0x00	; 0
   02D3 00                  769 	.db #0x00	; 0
   02D4 00                  770 	.db #0x00	; 0
   02D5 00                  771 	.db #0x00	; 0
   02D6 00                  772 	.db #0x00	; 0
   02D7 00                  773 	.db #0x00	; 0
   02D8 00                  774 	.db #0x00	; 0
   02D9 00                  775 	.db #0x00	; 0
   02DA 00                  776 	.db #0x00	; 0
   02DB 00                  777 	.db #0x00	; 0
   02DC 00                  778 	.db #0x00	; 0
   02DD 00                  779 	.db #0x00	; 0
   02DE 00                  780 	.db #0x00	; 0
   02DF 00                  781 	.db #0x00	; 0
   02E0 00                  782 	.db #0x00	; 0
   02E1 00                  783 	.db #0x00	; 0
   02E2 00                  784 	.db #0x00	; 0
   02E3 00                  785 	.db #0x00	; 0
   02E4 00                  786 	.db #0x00	; 0
   02E5 00                  787 	.db #0x00	; 0
   02E6 00                  788 	.db #0x00	; 0
   02E7 00                  789 	.db #0x00	; 0
   02E8 00                  790 	.db #0x00	; 0
   02E9 00                  791 	.db #0x00	; 0
   02EA 00                  792 	.db #0x00	; 0
   02EB 08                  793 	.db #0x08	; 8
   02EC C0                  794 	.db #0xC0	; 192
   02ED 08                  795 	.db #0x08	; 8
   02EE 00                  796 	.db #0x00	; 0
   02EF 00                  797 	.db #0x00	; 0
   02F0 00                  798 	.db #0x00	; 0
   02F1 00                  799 	.db #0x00	; 0
   02F2 00                  800 	.db #0x00	; 0
   02F3 00                  801 	.db #0x00	; 0
   02F4 00                  802 	.db #0x00	; 0
   02F5 00                  803 	.db #0x00	; 0
   02F6 00                  804 	.db #0x00	; 0
   02F7 00                  805 	.db #0x00	; 0
   02F8 00                  806 	.db #0x00	; 0
   02F9 00                  807 	.db #0x00	; 0
   02FA 00                  808 	.db #0x00	; 0
   02FB 00                  809 	.db #0x00	; 0
   02FC 00                  810 	.db #0x00	; 0
   02FD 00                  811 	.db #0x00	; 0
   02FE 00                  812 	.db #0x00	; 0
   02FF 00                  813 	.db #0x00	; 0
   0300 00                  814 	.db #0x00	; 0
   0301 00                  815 	.db #0x00	; 0
   0302 00                  816 	.db #0x00	; 0
   0303 04                  817 	.db #0x04	; 4
   0304 00                  818 	.db #0x00	; 0
   0305 00                  819 	.db #0x00	; 0
   0306 00                  820 	.db #0x00	; 0
   0307 00                  821 	.db #0x00	; 0
   0308 00                  822 	.db #0x00	; 0
   0309 00                  823 	.db #0x00	; 0
   030A 00                  824 	.db #0x00	; 0
   030B 00                  825 	.db #0x00	; 0
   030C 04                  826 	.db #0x04	; 4
   030D 00                  827 	.db #0x00	; 0
   030E 00                  828 	.db #0x00	; 0
   030F 00                  829 	.db #0x00	; 0
   0310 00                  830 	.db #0x00	; 0
   0311 00                  831 	.db #0x00	; 0
   0312 00                  832 	.db #0x00	; 0
   0313 00                  833 	.db #0x00	; 0
   0314 00                  834 	.db #0x00	; 0
   0315 00                  835 	.db #0x00	; 0
   0316 00                  836 	.db #0x00	; 0
   0317 00                  837 	.db #0x00	; 0
   0318 00                  838 	.db #0x00	; 0
   0319 00                  839 	.db #0x00	; 0
   031A 00                  840 	.db #0x00	; 0
   031B 00                  841 	.db #0x00	; 0
   031C 00                  842 	.db #0x00	; 0
   031D 00                  843 	.db #0x00	; 0
   031E 00                  844 	.db #0x00	; 0
   031F 00                  845 	.db #0x00	; 0
   0320 00                  846 	.db #0x00	; 0
   0321 00                  847 	.db #0x00	; 0
   0322 00                  848 	.db #0x00	; 0
   0323 00                  849 	.db #0x00	; 0
   0324 00                  850 	.db #0x00	; 0
   0325 00                  851 	.db #0x00	; 0
   0326 00                  852 	.db #0x00	; 0
   0327 08                  853 	.db #0x08	; 8
   0328 40                  854 	.db #0x40	; 64
   0329 00                  855 	.db #0x00	; 0
   032A 00                  856 	.db #0x00	; 0
   032B 00                  857 	.db #0x00	; 0
   032C 00                  858 	.db #0x00	; 0
   032D 00                  859 	.db #0x00	; 0
   032E 00                  860 	.db #0x00	; 0
   032F 00                  861 	.db #0x00	; 0
   0330 00                  862 	.db #0x00	; 0
   0331 00                  863 	.db #0x00	; 0
   0332 00                  864 	.db #0x00	; 0
   0333 00                  865 	.db #0x00	; 0
   0334 00                  866 	.db #0x00	; 0
   0335 00                  867 	.db #0x00	; 0
   0336 00                  868 	.db #0x00	; 0
   0337 00                  869 	.db #0x00	; 0
   0338 00                  870 	.db #0x00	; 0
   0339 00                  871 	.db #0x00	; 0
   033A 00                  872 	.db #0x00	; 0
   033B 00                  873 	.db #0x00	; 0
   033C 00                  874 	.db #0x00	; 0
   033D 00                  875 	.db #0x00	; 0
   033E 00                  876 	.db #0x00	; 0
   033F 0C                  877 	.db #0x0C	; 12
   0340 00                  878 	.db #0x00	; 0
   0341 00                  879 	.db #0x00	; 0
   0342 00                  880 	.db #0x00	; 0
   0343 00                  881 	.db #0x00	; 0
   0344 00                  882 	.db #0x00	; 0
   0345 04                  883 	.db #0x04	; 4
   0346 00                  884 	.db #0x00	; 0
   0347 00                  885 	.db #0x00	; 0
   0348 04                  886 	.db #0x04	; 4
   0349 00                  887 	.db #0x00	; 0
   034A 00                  888 	.db #0x00	; 0
   034B 00                  889 	.db #0x00	; 0
   034C 00                  890 	.db #0x00	; 0
   034D 00                  891 	.db #0x00	; 0
   034E 00                  892 	.db #0x00	; 0
   034F 00                  893 	.db #0x00	; 0
   0350 00                  894 	.db #0x00	; 0
   0351 04                  895 	.db #0x04	; 4
   0352 00                  896 	.db #0x00	; 0
   0353 00                  897 	.db #0x00	; 0
   0354 00                  898 	.db #0x00	; 0
   0355 00                  899 	.db #0x00	; 0
   0356 00                  900 	.db #0x00	; 0
   0357 00                  901 	.db #0x00	; 0
   0358 00                  902 	.db #0x00	; 0
   0359 00                  903 	.db #0x00	; 0
   035A 00                  904 	.db #0x00	; 0
   035B 00                  905 	.db #0x00	; 0
   035C 00                  906 	.db #0x00	; 0
   035D 00                  907 	.db #0x00	; 0
   035E 00                  908 	.db #0x00	; 0
   035F 00                  909 	.db #0x00	; 0
   0360 00                  910 	.db #0x00	; 0
   0361 00                  911 	.db #0x00	; 0
   0362 00                  912 	.db #0x00	; 0
   0363 04                  913 	.db #0x04	; 4
   0364 08                  914 	.db #0x08	; 8
   0365 04                  915 	.db #0x04	; 4
   0366 00                  916 	.db #0x00	; 0
   0367 00                  917 	.db #0x00	; 0
   0368 08                  918 	.db #0x08	; 8
   0369 00                  919 	.db #0x00	; 0
   036A 00                  920 	.db #0x00	; 0
   036B 00                  921 	.db #0x00	; 0
   036C 00                  922 	.db #0x00	; 0
   036D 00                  923 	.db #0x00	; 0
   036E 00                  924 	.db #0x00	; 0
   036F 04                  925 	.db #0x04	; 4
   0370 00                  926 	.db #0x00	; 0
   0371 00                  927 	.db #0x00	; 0
   0372 00                  928 	.db #0x00	; 0
   0373 00                  929 	.db #0x00	; 0
   0374 00                  930 	.db #0x00	; 0
   0375 00                  931 	.db #0x00	; 0
   0376 00                  932 	.db #0x00	; 0
   0377 00                  933 	.db #0x00	; 0
   0378 00                  934 	.db #0x00	; 0
   0379 00                  935 	.db #0x00	; 0
   037A 00                  936 	.db #0x00	; 0
   037B 0C                  937 	.db #0x0C	; 12
   037C 00                  938 	.db #0x00	; 0
   037D 00                  939 	.db #0x00	; 0
   037E 00                  940 	.db #0x00	; 0
   037F 00                  941 	.db #0x00	; 0
   0380 00                  942 	.db #0x00	; 0
   0381 04                  943 	.db #0x04	; 4
   0382 00                  944 	.db #0x00	; 0
   0383 00                  945 	.db #0x00	; 0
   0384 00                  946 	.db #0x00	; 0
   0385 04                  947 	.db #0x04	; 4
   0386 08                  948 	.db #0x08	; 8
   0387 00                  949 	.db #0x00	; 0
   0388 00                  950 	.db #0x00	; 0
   0389 00                  951 	.db #0x00	; 0
   038A 00                  952 	.db #0x00	; 0
   038B 00                  953 	.db #0x00	; 0
   038C 00                  954 	.db #0x00	; 0
   038D 00                  955 	.db #0x00	; 0
   038E 00                  956 	.db #0x00	; 0
   038F 00                  957 	.db #0x00	; 0
   0390 00                  958 	.db #0x00	; 0
   0391 00                  959 	.db #0x00	; 0
   0392 00                  960 	.db #0x00	; 0
   0393 00                  961 	.db #0x00	; 0
   0394 00                  962 	.db #0x00	; 0
   0395 04                  963 	.db #0x04	; 4
   0396 00                  964 	.db #0x00	; 0
   0397 00                  965 	.db #0x00	; 0
   0398 00                  966 	.db #0x00	; 0
   0399 00                  967 	.db #0x00	; 0
   039A 00                  968 	.db #0x00	; 0
   039B 00                  969 	.db #0x00	; 0
   039C 00                  970 	.db #0x00	; 0
   039D 00                  971 	.db #0x00	; 0
   039E 00                  972 	.db #0x00	; 0
   039F 04                  973 	.db #0x04	; 4
   03A0 00                  974 	.db #0x00	; 0
   03A1 04                  975 	.db #0x04	; 4
   03A2 00                  976 	.db #0x00	; 0
   03A3 00                  977 	.db #0x00	; 0
   03A4 08                  978 	.db #0x08	; 8
   03A5 00                  979 	.db #0x00	; 0
   03A6 00                  980 	.db #0x00	; 0
   03A7 00                  981 	.db #0x00	; 0
   03A8 00                  982 	.db #0x00	; 0
   03A9 00                  983 	.db #0x00	; 0
   03AA 00                  984 	.db #0x00	; 0
   03AB 00                  985 	.db #0x00	; 0
   03AC 00                  986 	.db #0x00	; 0
   03AD 00                  987 	.db #0x00	; 0
   03AE 00                  988 	.db #0x00	; 0
   03AF 08                  989 	.db #0x08	; 8
   03B0 00                  990 	.db #0x00	; 0
   03B1 00                  991 	.db #0x00	; 0
   03B2 00                  992 	.db #0x00	; 0
   03B3 00                  993 	.db #0x00	; 0
   03B4 00                  994 	.db #0x00	; 0
   03B5 00                  995 	.db #0x00	; 0
   03B6 00                  996 	.db #0x00	; 0
   03B7 04                  997 	.db #0x04	; 4
   03B8 00                  998 	.db #0x00	; 0
   03B9 00                  999 	.db #0x00	; 0
   03BA 00                 1000 	.db #0x00	; 0
   03BB 00                 1001 	.db #0x00	; 0
   03BC 00                 1002 	.db #0x00	; 0
   03BD 04                 1003 	.db #0x04	; 4
   03BE 00                 1004 	.db #0x00	; 0
   03BF 00                 1005 	.db #0x00	; 0
   03C0 00                 1006 	.db #0x00	; 0
   03C1 04                 1007 	.db #0x04	; 4
   03C2 08                 1008 	.db #0x08	; 8
   03C3 00                 1009 	.db #0x00	; 0
   03C4 00                 1010 	.db #0x00	; 0
   03C5 00                 1011 	.db #0x00	; 0
   03C6 00                 1012 	.db #0x00	; 0
   03C7 00                 1013 	.db #0x00	; 0
   03C8 08                 1014 	.db #0x08	; 8
   03C9 00                 1015 	.db #0x00	; 0
   03CA 00                 1016 	.db #0x00	; 0
   03CB 00                 1017 	.db #0x00	; 0
   03CC 00                 1018 	.db #0x00	; 0
   03CD 00                 1019 	.db #0x00	; 0
   03CE 00                 1020 	.db #0x00	; 0
   03CF 00                 1021 	.db #0x00	; 0
   03D0 00                 1022 	.db #0x00	; 0
   03D1 04                 1023 	.db #0x04	; 4
   03D2 00                 1024 	.db #0x00	; 0
   03D3 00                 1025 	.db #0x00	; 0
   03D4 00                 1026 	.db #0x00	; 0
   03D5 00                 1027 	.db #0x00	; 0
   03D6 00                 1028 	.db #0x00	; 0
   03D7 00                 1029 	.db #0x00	; 0
   03D8 00                 1030 	.db #0x00	; 0
   03D9 00                 1031 	.db #0x00	; 0
   03DA 00                 1032 	.db #0x00	; 0
   03DB 04                 1033 	.db #0x04	; 4
   03DC 00                 1034 	.db #0x00	; 0
   03DD 04                 1035 	.db #0x04	; 4
   03DE 00                 1036 	.db #0x00	; 0
   03DF 00                 1037 	.db #0x00	; 0
   03E0 08                 1038 	.db #0x08	; 8
   03E1 00                 1039 	.db #0x00	; 0
   03E2 00                 1040 	.db #0x00	; 0
   03E3 00                 1041 	.db #0x00	; 0
   03E4 00                 1042 	.db #0x00	; 0
   03E5 00                 1043 	.db #0x00	; 0
   03E6 00                 1044 	.db #0x00	; 0
   03E7 00                 1045 	.db #0x00	; 0
   03E8 00                 1046 	.db #0x00	; 0
   03E9 00                 1047 	.db #0x00	; 0
   03EA 00                 1048 	.db #0x00	; 0
   03EB 08                 1049 	.db #0x08	; 8
   03EC 04                 1050 	.db #0x04	; 4
   03ED 00                 1051 	.db #0x00	; 0
   03EE 00                 1052 	.db #0x00	; 0
   03EF 00                 1053 	.db #0x00	; 0
   03F0 00                 1054 	.db #0x00	; 0
   03F1 00                 1055 	.db #0x00	; 0
   03F2 00                 1056 	.db #0x00	; 0
   03F3 00                 1057 	.db #0x00	; 0
   03F4 00                 1058 	.db #0x00	; 0
   03F5 00                 1059 	.db #0x00	; 0
   03F6 00                 1060 	.db #0x00	; 0
   03F7 00                 1061 	.db #0x00	; 0
   03F8 00                 1062 	.db #0x00	; 0
   03F9 04                 1063 	.db #0x04	; 4
   03FA 00                 1064 	.db #0x00	; 0
   03FB 04                 1065 	.db #0x04	; 4
   03FC 00                 1066 	.db #0x00	; 0
   03FD 04                 1067 	.db #0x04	; 4
   03FE 08                 1068 	.db #0x08	; 8
   03FF 04                 1069 	.db #0x04	; 4
   0400 00                 1070 	.db #0x00	; 0
   0401 00                 1071 	.db #0x00	; 0
   0402 00                 1072 	.db #0x00	; 0
   0403 00                 1073 	.db #0x00	; 0
   0404 08                 1074 	.db #0x08	; 8
   0405 00                 1075 	.db #0x00	; 0
   0406 00                 1076 	.db #0x00	; 0
   0407 00                 1077 	.db #0x00	; 0
   0408 00                 1078 	.db #0x00	; 0
   0409 00                 1079 	.db #0x00	; 0
   040A 00                 1080 	.db #0x00	; 0
   040B 00                 1081 	.db #0x00	; 0
   040C 00                 1082 	.db #0x00	; 0
   040D 04                 1083 	.db #0x04	; 4
   040E 00                 1084 	.db #0x00	; 0
   040F 00                 1085 	.db #0x00	; 0
   0410 00                 1086 	.db #0x00	; 0
   0411 04                 1087 	.db #0x04	; 4
   0412 00                 1088 	.db #0x00	; 0
   0413 00                 1089 	.db #0x00	; 0
   0414 00                 1090 	.db #0x00	; 0
   0415 00                 1091 	.db #0x00	; 0
   0416 00                 1092 	.db #0x00	; 0
   0417 04                 1093 	.db #0x04	; 4
   0418 40                 1094 	.db #0x40	; 64
   0419 00                 1095 	.db #0x00	; 0
   041A 08                 1096 	.db #0x08	; 8
   041B 00                 1097 	.db #0x00	; 0
   041C 08                 1098 	.db #0x08	; 8
   041D 00                 1099 	.db #0x00	; 0
   041E 00                 1100 	.db #0x00	; 0
   041F 08                 1101 	.db #0x08	; 8
   0420 00                 1102 	.db #0x00	; 0
   0421 00                 1103 	.db #0x00	; 0
   0422 00                 1104 	.db #0x00	; 0
   0423 00                 1105 	.db #0x00	; 0
   0424 08                 1106 	.db #0x08	; 8
   0425 00                 1107 	.db #0x00	; 0
   0426 00                 1108 	.db #0x00	; 0
   0427 00                 1109 	.db #0x00	; 0
   0428 04                 1110 	.db #0x04	; 4
   0429 00                 1111 	.db #0x00	; 0
   042A 00                 1112 	.db #0x00	; 0
   042B 00                 1113 	.db #0x00	; 0
   042C 00                 1114 	.db #0x00	; 0
   042D 00                 1115 	.db #0x00	; 0
   042E 00                 1116 	.db #0x00	; 0
   042F 00                 1117 	.db #0x00	; 0
   0430 00                 1118 	.db #0x00	; 0
   0431 00                 1119 	.db #0x00	; 0
   0432 00                 1120 	.db #0x00	; 0
   0433 00                 1121 	.db #0x00	; 0
   0434 00                 1122 	.db #0x00	; 0
   0435 04                 1123 	.db #0x04	; 4
   0436 00                 1124 	.db #0x00	; 0
   0437 04                 1125 	.db #0x04	; 4
   0438 00                 1126 	.db #0x00	; 0
   0439 0C                 1127 	.db #0x0C	; 12
   043A 08                 1128 	.db #0x08	; 8
   043B 08                 1129 	.db #0x08	; 8
   043C C0                 1130 	.db #0xC0	; 192
   043D 00                 1131 	.db #0x00	; 0
   043E 0C                 1132 	.db #0x0C	; 12
   043F 00                 1133 	.db #0x00	; 0
   0440 0C                 1134 	.db #0x0C	; 12
   0441 08                 1135 	.db #0x08	; 8
   0442 08                 1136 	.db #0x08	; 8
   0443 80                 1137 	.db #0x80	; 128
   0444 00                 1138 	.db #0x00	; 0
   0445 00                 1139 	.db #0x00	; 0
   0446 00                 1140 	.db #0x00	; 0
   0447 00                 1141 	.db #0x00	; 0
   0448 04                 1142 	.db #0x04	; 4
   0449 08                 1143 	.db #0x08	; 8
   044A 00                 1144 	.db #0x00	; 0
   044B 00                 1145 	.db #0x00	; 0
   044C 00                 1146 	.db #0x00	; 0
   044D 00                 1147 	.db #0x00	; 0
   044E 04                 1148 	.db #0x04	; 4
   044F 08                 1149 	.db #0x08	; 8
   0450 00                 1150 	.db #0x00	; 0
   0451 0C                 1151 	.db #0x0C	; 12
   0452 08                 1152 	.db #0x08	; 8
   0453 08                 1153 	.db #0x08	; 8
   0454 C0                 1154 	.db #0xC0	; 192
   0455 00                 1155 	.db #0x00	; 0
   0456 0C                 1156 	.db #0x0C	; 12
   0457 00                 1157 	.db #0x00	; 0
   0458 04                 1158 	.db #0x04	; 4
   0459 08                 1159 	.db #0x08	; 8
   045A 00                 1160 	.db #0x00	; 0
   045B 04                 1161 	.db #0x04	; 4
   045C 08                 1162 	.db #0x08	; 8
   045D 00                 1163 	.db #0x00	; 0
   045E 04                 1164 	.db #0x04	; 4
   045F 08                 1165 	.db #0x08	; 8
   0460 08                 1166 	.db #0x08	; 8
   0461 80                 1167 	.db #0x80	; 128
   0462 00                 1168 	.db #0x00	; 0
   0463 00                 1169 	.db #0x00	; 0
   0464 00                 1170 	.db #0x00	; 0
   0465 00                 1171 	.db #0x00	; 0
   0466 00                 1172 	.db #0x00	; 0
   0467 04                 1173 	.db #0x04	; 4
   0468 08                 1174 	.db #0x08	; 8
   0469 00                 1175 	.db #0x00	; 0
   046A 00                 1176 	.db #0x00	; 0
   046B 00                 1177 	.db #0x00	; 0
   046C 04                 1178 	.db #0x04	; 4
   046D 04                 1179 	.db #0x04	; 4
   046E 00                 1180 	.db #0x00	; 0
   046F 80                 1181 	.db #0x80	; 128
   0470 04                 1182 	.db #0x04	; 4
   0471 08                 1183 	.db #0x08	; 8
   0472 04                 1184 	.db #0x04	; 4
   0473 0C                 1185 	.db #0x0C	; 12
   0474 04                 1186 	.db #0x04	; 4
   0475 0C                 1187 	.db #0x0C	; 12
   0476 08                 1188 	.db #0x08	; 8
   0477 08                 1189 	.db #0x08	; 8
   0478 C0                 1190 	.db #0xC0	; 192
   0479 04                 1191 	.db #0x04	; 4
   047A 08                 1192 	.db #0x08	; 8
   047B 00                 1193 	.db #0x00	; 0
   047C 0C                 1194 	.db #0x0C	; 12
   047D 08                 1195 	.db #0x08	; 8
   047E 04                 1196 	.db #0x04	; 4
   047F 00                 1197 	.db #0x00	; 0
   0480 08                 1198 	.db #0x08	; 8
   0481 00                 1199 	.db #0x00	; 0
   0482 00                 1200 	.db #0x00	; 0
   0483 04                 1201 	.db #0x04	; 4
   0484 04                 1202 	.db #0x04	; 4
   0485 0C                 1203 	.db #0x0C	; 12
   0486 00                 1204 	.db #0x00	; 0
   0487 00                 1205 	.db #0x00	; 0
   0488 00                 1206 	.db #0x00	; 0
   0489 04                 1207 	.db #0x04	; 4
   048A 04                 1208 	.db #0x04	; 4
   048B 0C                 1209 	.db #0x0C	; 12
   048C 04                 1210 	.db #0x04	; 4
   048D 0C                 1211 	.db #0x0C	; 12
   048E 0C                 1212 	.db #0x0C	; 12
   048F 08                 1213 	.db #0x08	; 8
   0490 C0                 1214 	.db #0xC0	; 192
   0491 04                 1215 	.db #0x04	; 4
   0492 08                 1216 	.db #0x08	; 8
   0493 00                 1217 	.db #0x00	; 0
   0494 0C                 1218 	.db #0x0C	; 12
   0495 08                 1219 	.db #0x08	; 8
   0496 04                 1220 	.db #0x04	; 4
   0497 04                 1221 	.db #0x04	; 4
   0498 0C                 1222 	.db #0x0C	; 12
   0499 00                 1223 	.db #0x00	; 0
   049A 04                 1224 	.db #0x04	; 4
   049B 08                 1225 	.db #0x08	; 8
   049C 04                 1226 	.db #0x04	; 4
   049D 00                 1227 	.db #0x00	; 0
   049E 08                 1228 	.db #0x08	; 8
   049F 00                 1229 	.db #0x00	; 0
   04A0 00                 1230 	.db #0x00	; 0
   04A1 00                 1231 	.db #0x00	; 0
   04A2 04                 1232 	.db #0x04	; 4
   04A3 04                 1233 	.db #0x04	; 4
   04A4 0C                 1234 	.db #0x0C	; 12
   04A5 00                 1235 	.db #0x00	; 0
   04A6 00                 1236 	.db #0x00	; 0
   04A7 00                 1237 	.db #0x00	; 0
   04A8 0C                 1238 	.db #0x0C	; 12
   04A9 0C                 1239 	.db #0x0C	; 12
   04AA 00                 1240 	.db #0x00	; 0
   04AB 80                 1241 	.db #0x80	; 128
   04AC 0C                 1242 	.db #0x0C	; 12
   04AD 0C                 1243 	.db #0x0C	; 12
   04AE 04                 1244 	.db #0x04	; 4
   04AF 08                 1245 	.db #0x08	; 8
   04B0 04                 1246 	.db #0x04	; 4
   04B1 0C                 1247 	.db #0x0C	; 12
   04B2 0C                 1248 	.db #0x0C	; 12
   04B3 08                 1249 	.db #0x08	; 8
   04B4 C0                 1250 	.db #0xC0	; 192
   04B5 04                 1251 	.db #0x04	; 4
   04B6 08                 1252 	.db #0x08	; 8
   04B7 04                 1253 	.db #0x04	; 4
   04B8 0C                 1254 	.db #0x0C	; 12
   04B9 08                 1255 	.db #0x08	; 8
   04BA 08                 1256 	.db #0x08	; 8
   04BB 00                 1257 	.db #0x00	; 0
   04BC 0C                 1258 	.db #0x0C	; 12
   04BD 00                 1259 	.db #0x00	; 0
   04BE 0C                 1260 	.db #0x0C	; 12
   04BF 04                 1261 	.db #0x04	; 4
   04C0 00                 1262 	.db #0x00	; 0
   04C1 0C                 1263 	.db #0x0C	; 12
   04C2 04                 1264 	.db #0x04	; 4
   04C3 00                 1265 	.db #0x00	; 0
   04C4 04                 1266 	.db #0x04	; 4
   04C5 04                 1267 	.db #0x04	; 4
   04C6 00                 1268 	.db #0x00	; 0
   04C7 0C                 1269 	.db #0x0C	; 12
   04C8 04                 1270 	.db #0x04	; 4
   04C9 00                 1271 	.db #0x00	; 0
   04CA 04                 1272 	.db #0x04	; 4
   04CB 08                 1273 	.db #0x08	; 8
   04CC C0                 1274 	.db #0xC0	; 192
   04CD 04                 1275 	.db #0x04	; 4
   04CE 08                 1276 	.db #0x08	; 8
   04CF 04                 1277 	.db #0x04	; 4
   04D0 08                 1278 	.db #0x08	; 8
   04D1 0C                 1279 	.db #0x0C	; 12
   04D2 04                 1280 	.db #0x04	; 4
   04D3 00                 1281 	.db #0x00	; 0
   04D4 0C                 1282 	.db #0x0C	; 12
   04D5 04                 1283 	.db #0x04	; 4
   04D6 00                 1284 	.db #0x00	; 0
   04D7 00                 1285 	.db #0x00	; 0
   04D8 08                 1286 	.db #0x08	; 8
   04D9 00                 1287 	.db #0x00	; 0
   04DA 0C                 1288 	.db #0x0C	; 12
   04DB 00                 1289 	.db #0x00	; 0
   04DC 08                 1290 	.db #0x08	; 8
   04DD 04                 1291 	.db #0x04	; 4
   04DE 04                 1292 	.db #0x04	; 4
   04DF 00                 1293 	.db #0x00	; 0
   04E0 0C                 1294 	.db #0x0C	; 12
   04E1 04                 1295 	.db #0x04	; 4
   04E2 00                 1296 	.db #0x00	; 0
   04E3 04                 1297 	.db #0x04	; 4
   04E4 08                 1298 	.db #0x08	; 8
   04E5 08                 1299 	.db #0x08	; 8
   04E6 40                 1300 	.db #0x40	; 64
   04E7 80                 1301 	.db #0x80	; 128
   04E8 08                 1302 	.db #0x08	; 8
   04E9 00                 1303 	.db #0x00	; 0
   04EA 0C                 1304 	.db #0x0C	; 12
   04EB 08                 1305 	.db #0x08	; 8
   04EC 04                 1306 	.db #0x04	; 4
   04ED 08                 1307 	.db #0x08	; 8
   04EE 0C                 1308 	.db #0x0C	; 12
   04EF 00                 1309 	.db #0x00	; 0
   04F0 C0                 1310 	.db #0xC0	; 192
   04F1 04                 1311 	.db #0x04	; 4
   04F2 08                 1312 	.db #0x08	; 8
   04F3 04                 1313 	.db #0x04	; 4
   04F4 0C                 1314 	.db #0x0C	; 12
   04F5 08                 1315 	.db #0x08	; 8
   04F6 04                 1316 	.db #0x04	; 4
   04F7 80                 1317 	.db #0x80	; 128
   04F8 0C                 1318 	.db #0x0C	; 12
   04F9 00                 1319 	.db #0x00	; 0
   04FA 0C                 1320 	.db #0x0C	; 12
   04FB 04                 1321 	.db #0x04	; 4
   04FC 00                 1322 	.db #0x00	; 0
   04FD 04                 1323 	.db #0x04	; 4
   04FE 04                 1324 	.db #0x04	; 4
   04FF 00                 1325 	.db #0x00	; 0
   0500 04                 1326 	.db #0x04	; 4
   0501 04                 1327 	.db #0x04	; 4
   0502 00                 1328 	.db #0x00	; 0
   0503 04                 1329 	.db #0x04	; 4
   0504 04                 1330 	.db #0x04	; 4
   0505 40                 1331 	.db #0x40	; 64
   0506 04                 1332 	.db #0x04	; 4
   0507 00                 1333 	.db #0x00	; 0
   0508 C0                 1334 	.db #0xC0	; 192
   0509 04                 1335 	.db #0x04	; 4
   050A 08                 1336 	.db #0x08	; 8
   050B 04                 1337 	.db #0x04	; 4
   050C 00                 1338 	.db #0x00	; 0
   050D 0C                 1339 	.db #0x0C	; 12
   050E 04                 1340 	.db #0x04	; 4
   050F 00                 1341 	.db #0x00	; 0
   0510 04                 1342 	.db #0x04	; 4
   0511 04                 1343 	.db #0x04	; 4
   0512 00                 1344 	.db #0x00	; 0
   0513 00                 1345 	.db #0x00	; 0
   0514 04                 1346 	.db #0x04	; 4
   0515 80                 1347 	.db #0x80	; 128
   0516 0C                 1348 	.db #0x0C	; 12
   0517 00                 1349 	.db #0x00	; 0
   0518 08                 1350 	.db #0x08	; 8
   0519 04                 1351 	.db #0x04	; 4
   051A 04                 1352 	.db #0x04	; 4
   051B 00                 1353 	.db #0x00	; 0
   051C 04                 1354 	.db #0x04	; 4
   051D 04                 1355 	.db #0x04	; 4
   051E 00                 1356 	.db #0x00	; 0
   051F 0C                 1357 	.db #0x0C	; 12
   0520 08                 1358 	.db #0x08	; 8
   0521 00                 1359 	.db #0x00	; 0
   0522 C0                 1360 	.db #0xC0	; 192
   0523 80                 1361 	.db #0x80	; 128
   0524 08                 1362 	.db #0x08	; 8
   0525 80                 1363 	.db #0x80	; 128
   0526 0C                 1364 	.db #0x0C	; 12
   0527 00                 1365 	.db #0x00	; 0
   0528 08                 1366 	.db #0x08	; 8
   0529 00                 1367 	.db #0x00	; 0
   052A 00                 1368 	.db #0x00	; 0
   052B C0                 1369 	.db #0xC0	; 192
   052C C0                 1370 	.db #0xC0	; 192
   052D 80                 1371 	.db #0x80	; 128
   052E 0C                 1372 	.db #0x0C	; 12
   052F 08                 1373 	.db #0x08	; 8
   0530 04                 1374 	.db #0x04	; 4
   0531 0C                 1375 	.db #0x0C	; 12
   0532 08                 1376 	.db #0x08	; 8
   0533 80                 1377 	.db #0x80	; 128
   0534 0C                 1378 	.db #0x0C	; 12
   0535 04                 1379 	.db #0x04	; 4
   0536 0C                 1380 	.db #0x0C	; 12
   0537 00                 1381 	.db #0x00	; 0
   0538 80                 1382 	.db #0x80	; 128
   0539 08                 1383 	.db #0x08	; 8
   053A 04                 1384 	.db #0x04	; 4
   053B 00                 1385 	.db #0x00	; 0
   053C 0C                 1386 	.db #0x0C	; 12
   053D 00                 1387 	.db #0x00	; 0
   053E 80                 1388 	.db #0x80	; 128
   053F 08                 1389 	.db #0x08	; 8
   0540 08                 1390 	.db #0x08	; 8
   0541 40                 1391 	.db #0x40	; 64
   0542 00                 1392 	.db #0x00	; 0
   0543 C0                 1393 	.db #0xC0	; 192
   0544 C0                 1394 	.db #0xC0	; 192
   0545 80                 1395 	.db #0x80	; 128
   0546 0C                 1396 	.db #0x0C	; 12
   0547 08                 1397 	.db #0x08	; 8
   0548 00                 1398 	.db #0x00	; 0
   0549 0C                 1399 	.db #0x0C	; 12
   054A 00                 1400 	.db #0x00	; 0
   054B 80                 1401 	.db #0x80	; 128
   054C 08                 1402 	.db #0x08	; 8
   054D 04                 1403 	.db #0x04	; 4
   054E 00                 1404 	.db #0x00	; 0
   054F 04                 1405 	.db #0x04	; 4
   0550 08                 1406 	.db #0x08	; 8
   0551 80                 1407 	.db #0x80	; 128
   0552 0C                 1408 	.db #0x0C	; 12
   0553 04                 1409 	.db #0x04	; 4
   0554 00                 1410 	.db #0x00	; 0
   0555 0C                 1411 	.db #0x0C	; 12
   0556 00                 1412 	.db #0x00	; 0
   0557 80                 1413 	.db #0x80	; 128
   0558 08                 1414 	.db #0x08	; 8
   0559 04                 1415 	.db #0x04	; 4
   055A 04                 1416 	.db #0x04	; 4
   055B 00                 1417 	.db #0x00	; 0
   055C 00                 1418 	.db #0x00	; 0
   055D 80                 1419 	.db #0x80	; 128
   055E C0                 1420 	.db #0xC0	; 192
   055F C0                 1421 	.db #0xC0	; 192
   0560 00                 1422 	.db #0x00	; 0
   0561 80                 1423 	.db #0x80	; 128
   0562 00                 1424 	.db #0x00	; 0
   0563 08                 1425 	.db #0x08	; 8
   0564 08                 1426 	.db #0x08	; 8
   0565 40                 1427 	.db #0x40	; 64
   0566 C0                 1428 	.db #0xC0	; 192
   0567 C0                 1429 	.db #0xC0	; 192
   0568 C0                 1430 	.db #0xC0	; 192
   0569 C0                 1431 	.db #0xC0	; 192
   056A 00                 1432 	.db #0x00	; 0
   056B 40                 1433 	.db #0x40	; 64
   056C 04                 1434 	.db #0x04	; 4
   056D 08                 1435 	.db #0x08	; 8
   056E 00                 1436 	.db #0x00	; 0
   056F 80                 1437 	.db #0x80	; 128
   0570 00                 1438 	.db #0x00	; 0
   0571 0C                 1439 	.db #0x0C	; 12
   0572 08                 1440 	.db #0x08	; 8
   0573 08                 1441 	.db #0x08	; 8
   0574 80                 1442 	.db #0x80	; 128
   0575 08                 1443 	.db #0x08	; 8
   0576 0C                 1444 	.db #0x0C	; 12
   0577 08                 1445 	.db #0x08	; 8
   0578 08                 1446 	.db #0x08	; 8
   0579 08                 1447 	.db #0x08	; 8
   057A 80                 1448 	.db #0x80	; 128
   057B 08                 1449 	.db #0x08	; 8
   057C 08                 1450 	.db #0x08	; 8
   057D C0                 1451 	.db #0xC0	; 192
   057E C0                 1452 	.db #0xC0	; 192
   057F C0                 1453 	.db #0xC0	; 192
   0580 C0                 1454 	.db #0xC0	; 192
   0581 C0                 1455 	.db #0xC0	; 192
   0582 00                 1456 	.db #0x00	; 0
   0583 40                 1457 	.db #0x40	; 64
   0584 04                 1458 	.db #0x04	; 4
   0585 08                 1459 	.db #0x08	; 8
   0586 08                 1460 	.db #0x08	; 8
   0587 80                 1461 	.db #0x80	; 128
   0588 08                 1462 	.db #0x08	; 8
   0589 0C                 1463 	.db #0x0C	; 12
   058A 08                 1464 	.db #0x08	; 8
   058B 08                 1465 	.db #0x08	; 8
   058C 00                 1466 	.db #0x00	; 0
   058D 80                 1467 	.db #0x80	; 128
   058E 00                 1468 	.db #0x00	; 0
   058F 0C                 1469 	.db #0x0C	; 12
   0590 00                 1470 	.db #0x00	; 0
   0591 08                 1471 	.db #0x08	; 8
   0592 08                 1472 	.db #0x08	; 8
   0593 80                 1473 	.db #0x80	; 128
   0594 08                 1474 	.db #0x08	; 8
   0595 0C                 1475 	.db #0x0C	; 12
   0596 0C                 1476 	.db #0x0C	; 12
   0597 40                 1477 	.db #0x40	; 64
   0598 C0                 1478 	.db #0xC0	; 192
   0599 C0                 1479 	.db #0xC0	; 192
   059A C0                 1480 	.db #0xC0	; 192
   059B C0                 1481 	.db #0xC0	; 192
   059C C0                 1482 	.db #0xC0	; 192
   059D C0                 1483 	.db #0xC0	; 192
   059E 80                 1484 	.db #0x80	; 128
   059F 08                 1485 	.db #0x08	; 8
   05A0 08                 1486 	.db #0x08	; 8
   05A1 00                 1487 	.db #0x00	; 0
   05A2 C0                 1488 	.db #0xC0	; 192
   05A3 C0                 1489 	.db #0xC0	; 192
   05A4 C0                 1490 	.db #0xC0	; 192
   05A5 C0                 1491 	.db #0xC0	; 192
   05A6 C0                 1492 	.db #0xC0	; 192
   05A7 80                 1493 	.db #0x80	; 128
   05A8 04                 1494 	.db #0x04	; 4
   05A9 00                 1495 	.db #0x00	; 0
   05AA 40                 1496 	.db #0x40	; 64
   05AB C0                 1497 	.db #0xC0	; 192
   05AC 40                 1498 	.db #0x40	; 64
   05AD 04                 1499 	.db #0x04	; 4
   05AE 00                 1500 	.db #0x00	; 0
   05AF 40                 1501 	.db #0x40	; 64
   05B0 C0                 1502 	.db #0xC0	; 192
   05B1 04                 1503 	.db #0x04	; 4
   05B2 00                 1504 	.db #0x00	; 0
   05B3 0C                 1505 	.db #0x0C	; 12
   05B4 00                 1506 	.db #0x00	; 0
   05B5 40                 1507 	.db #0x40	; 64
   05B6 C0                 1508 	.db #0xC0	; 192
   05B7 04                 1509 	.db #0x04	; 4
   05B8 08                 1510 	.db #0x08	; 8
   05B9 00                 1511 	.db #0x00	; 0
   05BA C0                 1512 	.db #0xC0	; 192
   05BB C0                 1513 	.db #0xC0	; 192
   05BC C0                 1514 	.db #0xC0	; 192
   05BD C0                 1515 	.db #0xC0	; 192
   05BE C0                 1516 	.db #0xC0	; 192
   05BF 80                 1517 	.db #0x80	; 128
   05C0 04                 1518 	.db #0x04	; 4
   05C1 00                 1519 	.db #0x00	; 0
   05C2 40                 1520 	.db #0x40	; 64
   05C3 C0                 1521 	.db #0xC0	; 192
   05C4 04                 1522 	.db #0x04	; 4
   05C5 00                 1523 	.db #0x00	; 0
   05C6 0C                 1524 	.db #0x0C	; 12
   05C7 00                 1525 	.db #0x00	; 0
   05C8 40                 1526 	.db #0x40	; 64
   05C9 C0                 1527 	.db #0xC0	; 192
   05CA 40                 1528 	.db #0x40	; 64
   05CB 04                 1529 	.db #0x04	; 4
   05CC 04                 1530 	.db #0x04	; 4
   05CD 00                 1531 	.db #0x00	; 0
   05CE 40                 1532 	.db #0x40	; 64
   05CF C0                 1533 	.db #0xC0	; 192
   05D0 04                 1534 	.db #0x04	; 4
   05D1 00                 1535 	.db #0x00	; 0
   05D2 0C                 1536 	.db #0x0C	; 12
   05D3 00                 1537 	.db #0x00	; 0
   05D4 40                 1538 	.db #0x40	; 64
   05D5 C0                 1539 	.db #0xC0	; 192
   05D6 C0                 1540 	.db #0xC0	; 192
   05D7 C0                 1541 	.db #0xC0	; 192
   05D8 C0                 1542 	.db #0xC0	; 192
   05D9 C0                 1543 	.db #0xC0	; 192
   05DA 00                 1544 	.db #0x00	; 0
   05DB 08                 1545 	.db #0x08	; 8
   05DC 04                 1546 	.db #0x04	; 4
   05DD 08                 1547 	.db #0x08	; 8
   05DE 40                 1548 	.db #0x40	; 64
   05DF C0                 1549 	.db #0xC0	; 192
   05E0 C0                 1550 	.db #0xC0	; 192
   05E1 C0                 1551 	.db #0xC0	; 192
   05E2 80                 1552 	.db #0x80	; 128
   05E3 00                 1553 	.db #0x00	; 0
   05E4 0C                 1554 	.db #0x0C	; 12
   05E5 40                 1555 	.db #0x40	; 64
   05E6 C0                 1556 	.db #0xC0	; 192
   05E7 C0                 1557 	.db #0xC0	; 192
   05E8 C0                 1558 	.db #0xC0	; 192
   05E9 04                 1559 	.db #0x04	; 4
   05EA 00                 1560 	.db #0x00	; 0
   05EB C0                 1561 	.db #0xC0	; 192
   05EC C0                 1562 	.db #0xC0	; 192
   05ED C0                 1563 	.db #0xC0	; 192
   05EE 00                 1564 	.db #0x00	; 0
   05EF 0C                 1565 	.db #0x0C	; 12
   05F0 00                 1566 	.db #0x00	; 0
   05F1 C0                 1567 	.db #0xC0	; 192
   05F2 C0                 1568 	.db #0xC0	; 192
   05F3 C0                 1569 	.db #0xC0	; 192
   05F4 04                 1570 	.db #0x04	; 4
   05F5 08                 1571 	.db #0x08	; 8
   05F6 40                 1572 	.db #0x40	; 64
   05F7 C0                 1573 	.db #0xC0	; 192
   05F8 C0                 1574 	.db #0xC0	; 192
   05F9 C0                 1575 	.db #0xC0	; 192
   05FA 80                 1576 	.db #0x80	; 128
   05FB 00                 1577 	.db #0x00	; 0
   05FC 0C                 1578 	.db #0x0C	; 12
   05FD 00                 1579 	.db #0x00	; 0
   05FE C0                 1580 	.db #0xC0	; 192
   05FF C0                 1581 	.db #0xC0	; 192
   0600 C0                 1582 	.db #0xC0	; 192
   0601 00                 1583 	.db #0x00	; 0
   0602 0C                 1584 	.db #0x0C	; 12
   0603 40                 1585 	.db #0x40	; 64
   0604 C0                 1586 	.db #0xC0	; 192
   0605 C0                 1587 	.db #0xC0	; 192
   0606 C0                 1588 	.db #0xC0	; 192
   0607 04                 1589 	.db #0x04	; 4
   0608 04                 1590 	.db #0x04	; 4
   0609 00                 1591 	.db #0x00	; 0
   060A C0                 1592 	.db #0xC0	; 192
   060B C0                 1593 	.db #0xC0	; 192
   060C C0                 1594 	.db #0xC0	; 192
   060D 00                 1595 	.db #0x00	; 0
   060E 08                 1596 	.db #0x08	; 8
   060F 0C                 1597 	.db #0x0C	; 12
   0610 00                 1598 	.db #0x00	; 0
   0611 C0                 1599 	.db #0xC0	; 192
   0612 C0                 1600 	.db #0xC0	; 192
   0613 C0                 1601 	.db #0xC0	; 192
   0614 C0                 1602 	.db #0xC0	; 192
   0615 80                 1603 	.db #0x80	; 128
   0616 04                 1604 	.db #0x04	; 4
   0617 00                 1605 	.db #0x00	; 0
   0618 00                 1606 	.db #0x00	; 0
   0619 0C                 1607 	.db #0x0C	; 12
   061A 00                 1608 	.db #0x00	; 0
   061B 00                 1609 	.db #0x00	; 0
   061C 00                 1610 	.db #0x00	; 0
   061D 00                 1611 	.db #0x00	; 0
   061E 00                 1612 	.db #0x00	; 0
   061F 04                 1613 	.db #0x04	; 4
   0620 04                 1614 	.db #0x04	; 4
   0621 08                 1615 	.db #0x08	; 8
   0622 00                 1616 	.db #0x00	; 0
   0623 00                 1617 	.db #0x00	; 0
   0624 00                 1618 	.db #0x00	; 0
   0625 08                 1619 	.db #0x08	; 8
   0626 08                 1620 	.db #0x08	; 8
   0627 C0                 1621 	.db #0xC0	; 192
   0628 C0                 1622 	.db #0xC0	; 192
   0629 80                 1623 	.db #0x80	; 128
   062A 04                 1624 	.db #0x04	; 4
   062B 00                 1625 	.db #0x00	; 0
   062C 08                 1626 	.db #0x08	; 8
   062D C0                 1627 	.db #0xC0	; 192
   062E C0                 1628 	.db #0xC0	; 192
   062F 80                 1629 	.db #0x80	; 128
   0630 04                 1630 	.db #0x04	; 4
   0631 0C                 1631 	.db #0x0C	; 12
   0632 00                 1632 	.db #0x00	; 0
   0633 00                 1633 	.db #0x00	; 0
   0634 00                 1634 	.db #0x00	; 0
   0635 00                 1635 	.db #0x00	; 0
   0636 00                 1636 	.db #0x00	; 0
   0637 04                 1637 	.db #0x04	; 4
   0638 00                 1638 	.db #0x00	; 0
   0639 08                 1639 	.db #0x08	; 8
   063A C0                 1640 	.db #0xC0	; 192
   063B C0                 1641 	.db #0xC0	; 192
   063C 80                 1642 	.db #0x80	; 128
   063D 04                 1643 	.db #0x04	; 4
   063E 04                 1644 	.db #0x04	; 4
   063F 08                 1645 	.db #0x08	; 8
   0640 00                 1646 	.db #0x00	; 0
   0641 00                 1647 	.db #0x00	; 0
   0642 00                 1648 	.db #0x00	; 0
   0643 08                 1649 	.db #0x08	; 8
   0644 00                 1650 	.db #0x00	; 0
   0645 08                 1651 	.db #0x08	; 8
   0646 C0                 1652 	.db #0xC0	; 192
   0647 C0                 1653 	.db #0xC0	; 192
   0648 80                 1654 	.db #0x80	; 128
   0649 04                 1655 	.db #0x04	; 4
   064A 00                 1656 	.db #0x00	; 0
   064B 04                 1657 	.db #0x04	; 4
   064C 08                 1658 	.db #0x08	; 8
   064D 00                 1659 	.db #0x00	; 0
   064E 00                 1660 	.db #0x00	; 0
   064F 00                 1661 	.db #0x00	; 0
   0650 00                 1662 	.db #0x00	; 0
   0651 00                 1663 	.db #0x00	; 0
   0652 08                 1664 	.db #0x08	; 8
   0653 00                 1665 	.db #0x00	; 0
   0654 00                 1666 	.db #0x00	; 0
   0655 04                 1667 	.db #0x04	; 4
   0656 0C                 1668 	.db #0x0C	; 12
   0657 0C                 1669 	.db #0x0C	; 12
   0658 0C                 1670 	.db #0x0C	; 12
   0659 0C                 1671 	.db #0x0C	; 12
   065A 0C                 1672 	.db #0x0C	; 12
   065B 08                 1673 	.db #0x08	; 8
   065C 00                 1674 	.db #0x00	; 0
   065D 04                 1675 	.db #0x04	; 4
   065E 0C                 1676 	.db #0x0C	; 12
   065F 0C                 1677 	.db #0x0C	; 12
   0660 0C                 1678 	.db #0x0C	; 12
   0661 00                 1679 	.db #0x00	; 0
   0662 04                 1680 	.db #0x04	; 4
   0663 0C                 1681 	.db #0x0C	; 12
   0664 0C                 1682 	.db #0x0C	; 12
   0665 0C                 1683 	.db #0x0C	; 12
   0666 00                 1684 	.db #0x00	; 0
   0667 00                 1685 	.db #0x00	; 0
   0668 04                 1686 	.db #0x04	; 4
   0669 0C                 1687 	.db #0x0C	; 12
   066A 0C                 1688 	.db #0x0C	; 12
   066B 0C                 1689 	.db #0x0C	; 12
   066C 00                 1690 	.db #0x00	; 0
   066D 04                 1691 	.db #0x04	; 4
   066E 0C                 1692 	.db #0x0C	; 12
   066F 0C                 1693 	.db #0x0C	; 12
   0670 0C                 1694 	.db #0x0C	; 12
   0671 0C                 1695 	.db #0x0C	; 12
   0672 0C                 1696 	.db #0x0C	; 12
   0673 08                 1697 	.db #0x08	; 8
   0674 00                 1698 	.db #0x00	; 0
   0675 04                 1699 	.db #0x04	; 4
   0676 0C                 1700 	.db #0x0C	; 12
   0677 0C                 1701 	.db #0x0C	; 12
   0678 0C                 1702 	.db #0x0C	; 12
   0679 00                 1703 	.db #0x00	; 0
   067A 00                 1704 	.db #0x00	; 0
   067B 04                 1705 	.db #0x04	; 4
   067C 0C                 1706 	.db #0x0C	; 12
   067D 0C                 1707 	.db #0x0C	; 12
   067E 0C                 1708 	.db #0x0C	; 12
   067F 00                 1709 	.db #0x00	; 0
   0680 00                 1710 	.db #0x00	; 0
   0681 04                 1711 	.db #0x04	; 4
   0682 0C                 1712 	.db #0x0C	; 12
   0683 0C                 1713 	.db #0x0C	; 12
   0684 0C                 1714 	.db #0x0C	; 12
   0685 00                 1715 	.db #0x00	; 0
   0686 00                 1716 	.db #0x00	; 0
   0687 00                 1717 	.db #0x00	; 0
   0688 0C                 1718 	.db #0x0C	; 12
   0689 0C                 1719 	.db #0x0C	; 12
   068A 0C                 1720 	.db #0x0C	; 12
   068B 0C                 1721 	.db #0x0C	; 12
   068C 0C                 1722 	.db #0x0C	; 12
   068D 0C                 1723 	.db #0x0C	; 12
   068E 00                 1724 	.db #0x00	; 0
   068F 00                 1725 	.db #0x00	; 0
                           1726 	.area _INITIALIZER
                           1727 	.area _CABS (ABS)
