                              1 ;--------------------------------------------------------
                              2 ; File Created by SDCC : free open source ANSI-C Compiler
                              3 ; Version 3.5.0 #9253 (Sep 26 2015) (CYGWIN)
                              4 ; This file was generated Tue Sep 29 15:43:47 2015
                              5 ;--------------------------------------------------------
                              6 	.module gladis_quieto
                              7 	.optsdcc -mz80
                              8 	
                              9 ;--------------------------------------------------------
                             10 ; Public variables in this module
                             11 ;--------------------------------------------------------
                             12 	.globl _gladis_quieto_izda
                             13 	.globl _gladis_quieto_dcha
                             14 	.globl _g_tile_tileset
                             15 ;--------------------------------------------------------
                             16 ; special function registers
                             17 ;--------------------------------------------------------
                             18 ;--------------------------------------------------------
                             19 ; ram data
                             20 ;--------------------------------------------------------
                             21 	.area _DATA
                             22 ;--------------------------------------------------------
                             23 ; ram data
                             24 ;--------------------------------------------------------
                             25 	.area _INITIALIZED
                             26 ;--------------------------------------------------------
                             27 ; absolute external ram data
                             28 ;--------------------------------------------------------
                             29 	.area _DABS (ABS)
                             30 ;--------------------------------------------------------
                             31 ; global & static initialisations
                             32 ;--------------------------------------------------------
                             33 	.area _HOME
                             34 	.area _GSINIT
                             35 	.area _GSFINAL
                             36 	.area _GSINIT
                             37 ;--------------------------------------------------------
                             38 ; Home
                             39 ;--------------------------------------------------------
                             40 	.area _HOME
                             41 	.area _HOME
                             42 ;--------------------------------------------------------
                             43 ; code
                             44 ;--------------------------------------------------------
                             45 	.area _CODE
                             46 	.area _CODE
   0000                      47 _g_tile_tileset:
   0000r04r00                48 	.dw _gladis_quieto_dcha
   0002r84r00                49 	.dw _gladis_quieto_izda
   0004                      50 _gladis_quieto_dcha:
   0004 AA                   51 	.db #0xAA	; 170
   0005 40                   52 	.db #0x40	; 64
   0006 00                   53 	.db #0x00	; 0
   0007 C0                   54 	.db #0xC0	; 192
   0008 00                   55 	.db #0x00	; 0
   0009 C0                   56 	.db #0xC0	; 192
   000A FF                   57 	.db #0xFF	; 255
   000B 00                   58 	.db #0x00	; 0
   000C AA                   59 	.db #0xAA	; 170
   000D 40                   60 	.db #0x40	; 64
   000E 00                   61 	.db #0x00	; 0
   000F C0                   62 	.db #0xC0	; 192
   0010 00                   63 	.db #0x00	; 0
   0011 C0                   64 	.db #0xC0	; 192
   0012 FF                   65 	.db #0xFF	; 255
   0013 00                   66 	.db #0x00	; 0
   0014 AA                   67 	.db #0xAA	; 170
   0015 40                   68 	.db #0x40	; 64
   0016 AA                   69 	.db #0xAA	; 170
   0017 40                   70 	.db #0x40	; 64
   0018 AA                   71 	.db #0xAA	; 170
   0019 40                   72 	.db #0x40	; 64
   001A FF                   73 	.db #0xFF	; 255
   001B 00                   74 	.db #0x00	; 0
   001C AA                   75 	.db #0xAA	; 170
   001D 40                   76 	.db #0x40	; 64
   001E 00                   77 	.db #0x00	; 0
   001F C0                   78 	.db #0xC0	; 192
   0020 00                   79 	.db #0x00	; 0
   0021 C0                   80 	.db #0xC0	; 192
   0022 FF                   81 	.db #0xFF	; 255
   0023 00                   82 	.db #0x00	; 0
   0024 AA                   83 	.db #0xAA	; 170
   0025 40                   84 	.db #0x40	; 64
   0026 00                   85 	.db #0x00	; 0
   0027 C0                   86 	.db #0xC0	; 192
   0028 00                   87 	.db #0x00	; 0
   0029 C0                   88 	.db #0xC0	; 192
   002A FF                   89 	.db #0xFF	; 255
   002B 00                   90 	.db #0x00	; 0
   002C FF                   91 	.db #0xFF	; 255
   002D 00                   92 	.db #0x00	; 0
   002E 00                   93 	.db #0x00	; 0
   002F C0                   94 	.db #0xC0	; 192
   0030 55                   95 	.db #0x55	; 85	'U'
   0031 80                   96 	.db #0x80	; 128
   0032 FF                   97 	.db #0xFF	; 255
   0033 00                   98 	.db #0x00	; 0
   0034 AA                   99 	.db #0xAA	; 170
   0035 40                  100 	.db #0x40	; 64
   0036 00                  101 	.db #0x00	; 0
   0037 C0                  102 	.db #0xC0	; 192
   0038 00                  103 	.db #0x00	; 0
   0039 C0                  104 	.db #0xC0	; 192
   003A FF                  105 	.db #0xFF	; 255
   003B 00                  106 	.db #0x00	; 0
   003C AA                  107 	.db #0xAA	; 170
   003D 40                  108 	.db #0x40	; 64
   003E 00                  109 	.db #0x00	; 0
   003F C0                  110 	.db #0xC0	; 192
   0040 00                  111 	.db #0x00	; 0
   0041 C0                  112 	.db #0xC0	; 192
   0042 AA                  113 	.db #0xAA	; 170
   0043 40                  114 	.db #0x40	; 64
   0044 00                  115 	.db #0x00	; 0
   0045 C0                  116 	.db #0xC0	; 192
   0046 00                  117 	.db #0x00	; 0
   0047 C0                  118 	.db #0xC0	; 192
   0048 00                  119 	.db #0x00	; 0
   0049 C0                  120 	.db #0xC0	; 192
   004A 00                  121 	.db #0x00	; 0
   004B C0                  122 	.db #0xC0	; 192
   004C 00                  123 	.db #0x00	; 0
   004D C0                  124 	.db #0xC0	; 192
   004E 00                  125 	.db #0x00	; 0
   004F C0                  126 	.db #0xC0	; 192
   0050 00                  127 	.db #0x00	; 0
   0051 C0                  128 	.db #0xC0	; 192
   0052 FF                  129 	.db #0xFF	; 255
   0053 00                  130 	.db #0x00	; 0
   0054 00                  131 	.db #0x00	; 0
   0055 C0                  132 	.db #0xC0	; 192
   0056 00                  133 	.db #0x00	; 0
   0057 C0                  134 	.db #0xC0	; 192
   0058 00                  135 	.db #0x00	; 0
   0059 C0                  136 	.db #0xC0	; 192
   005A FF                  137 	.db #0xFF	; 255
   005B 00                  138 	.db #0x00	; 0
   005C AA                  139 	.db #0xAA	; 170
   005D 40                  140 	.db #0x40	; 64
   005E 00                  141 	.db #0x00	; 0
   005F C0                  142 	.db #0xC0	; 192
   0060 00                  143 	.db #0x00	; 0
   0061 C0                  144 	.db #0xC0	; 192
   0062 FF                  145 	.db #0xFF	; 255
   0063 00                  146 	.db #0x00	; 0
   0064 FF                  147 	.db #0xFF	; 255
   0065 00                  148 	.db #0x00	; 0
   0066 55                  149 	.db #0x55	; 85	'U'
   0067 80                  150 	.db #0x80	; 128
   0068 55                  151 	.db #0x55	; 85	'U'
   0069 80                  152 	.db #0x80	; 128
   006A FF                  153 	.db #0xFF	; 255
   006B 00                  154 	.db #0x00	; 0
   006C FF                  155 	.db #0xFF	; 255
   006D 00                  156 	.db #0x00	; 0
   006E 55                  157 	.db #0x55	; 85	'U'
   006F 80                  158 	.db #0x80	; 128
   0070 55                  159 	.db #0x55	; 85	'U'
   0071 80                  160 	.db #0x80	; 128
   0072 FF                  161 	.db #0xFF	; 255
   0073 00                  162 	.db #0x00	; 0
   0074 FF                  163 	.db #0xFF	; 255
   0075 00                  164 	.db #0x00	; 0
   0076 55                  165 	.db #0x55	; 85	'U'
   0077 80                  166 	.db #0x80	; 128
   0078 55                  167 	.db #0x55	; 85	'U'
   0079 80                  168 	.db #0x80	; 128
   007A FF                  169 	.db #0xFF	; 255
   007B 00                  170 	.db #0x00	; 0
   007C AA                  171 	.db #0xAA	; 170
   007D 40                  172 	.db #0x40	; 64
   007E 55                  173 	.db #0x55	; 85	'U'
   007F 80                  174 	.db #0x80	; 128
   0080 00                  175 	.db #0x00	; 0
   0081 C0                  176 	.db #0xC0	; 192
   0082 FF                  177 	.db #0xFF	; 255
   0083 00                  178 	.db #0x00	; 0
   0084                     179 _gladis_quieto_izda:
   0084 FF                  180 	.db #0xFF	; 255
   0085 00                  181 	.db #0x00	; 0
   0086 00                  182 	.db #0x00	; 0
   0087 C0                  183 	.db #0xC0	; 192
   0088 00                  184 	.db #0x00	; 0
   0089 C0                  185 	.db #0xC0	; 192
   008A 55                  186 	.db #0x55	; 85	'U'
   008B 80                  187 	.db #0x80	; 128
   008C FF                  188 	.db #0xFF	; 255
   008D 00                  189 	.db #0x00	; 0
   008E 00                  190 	.db #0x00	; 0
   008F C0                  191 	.db #0xC0	; 192
   0090 00                  192 	.db #0x00	; 0
   0091 C0                  193 	.db #0xC0	; 192
   0092 55                  194 	.db #0x55	; 85	'U'
   0093 80                  195 	.db #0x80	; 128
   0094 FF                  196 	.db #0xFF	; 255
   0095 00                  197 	.db #0x00	; 0
   0096 55                  198 	.db #0x55	; 85	'U'
   0097 80                  199 	.db #0x80	; 128
   0098 55                  200 	.db #0x55	; 85	'U'
   0099 80                  201 	.db #0x80	; 128
   009A 55                  202 	.db #0x55	; 85	'U'
   009B 80                  203 	.db #0x80	; 128
   009C FF                  204 	.db #0xFF	; 255
   009D 00                  205 	.db #0x00	; 0
   009E 00                  206 	.db #0x00	; 0
   009F C0                  207 	.db #0xC0	; 192
   00A0 00                  208 	.db #0x00	; 0
   00A1 C0                  209 	.db #0xC0	; 192
   00A2 55                  210 	.db #0x55	; 85	'U'
   00A3 80                  211 	.db #0x80	; 128
   00A4 FF                  212 	.db #0xFF	; 255
   00A5 00                  213 	.db #0x00	; 0
   00A6 00                  214 	.db #0x00	; 0
   00A7 C0                  215 	.db #0xC0	; 192
   00A8 00                  216 	.db #0x00	; 0
   00A9 C0                  217 	.db #0xC0	; 192
   00AA 55                  218 	.db #0x55	; 85	'U'
   00AB 80                  219 	.db #0x80	; 128
   00AC FF                  220 	.db #0xFF	; 255
   00AD 00                  221 	.db #0x00	; 0
   00AE AA                  222 	.db #0xAA	; 170
   00AF 40                  223 	.db #0x40	; 64
   00B0 00                  224 	.db #0x00	; 0
   00B1 C0                  225 	.db #0xC0	; 192
   00B2 FF                  226 	.db #0xFF	; 255
   00B3 00                  227 	.db #0x00	; 0
   00B4 FF                  228 	.db #0xFF	; 255
   00B5 00                  229 	.db #0x00	; 0
   00B6 00                  230 	.db #0x00	; 0
   00B7 C0                  231 	.db #0xC0	; 192
   00B8 00                  232 	.db #0x00	; 0
   00B9 C0                  233 	.db #0xC0	; 192
   00BA 55                  234 	.db #0x55	; 85	'U'
   00BB 80                  235 	.db #0x80	; 128
   00BC 55                  236 	.db #0x55	; 85	'U'
   00BD 80                  237 	.db #0x80	; 128
   00BE 00                  238 	.db #0x00	; 0
   00BF C0                  239 	.db #0xC0	; 192
   00C0 00                  240 	.db #0x00	; 0
   00C1 C0                  241 	.db #0xC0	; 192
   00C2 55                  242 	.db #0x55	; 85	'U'
   00C3 80                  243 	.db #0x80	; 128
   00C4 00                  244 	.db #0x00	; 0
   00C5 C0                  245 	.db #0xC0	; 192
   00C6 00                  246 	.db #0x00	; 0
   00C7 C0                  247 	.db #0xC0	; 192
   00C8 00                  248 	.db #0x00	; 0
   00C9 C0                  249 	.db #0xC0	; 192
   00CA 00                  250 	.db #0x00	; 0
   00CB C0                  251 	.db #0xC0	; 192
   00CC FF                  252 	.db #0xFF	; 255
   00CD 00                  253 	.db #0x00	; 0
   00CE 00                  254 	.db #0x00	; 0
   00CF C0                  255 	.db #0xC0	; 192
   00D0 00                  256 	.db #0x00	; 0
   00D1 C0                  257 	.db #0xC0	; 192
   00D2 00                  258 	.db #0x00	; 0
   00D3 C0                  259 	.db #0xC0	; 192
   00D4 FF                  260 	.db #0xFF	; 255
   00D5 00                  261 	.db #0x00	; 0
   00D6 00                  262 	.db #0x00	; 0
   00D7 C0                  263 	.db #0xC0	; 192
   00D8 00                  264 	.db #0x00	; 0
   00D9 C0                  265 	.db #0xC0	; 192
   00DA 00                  266 	.db #0x00	; 0
   00DB C0                  267 	.db #0xC0	; 192
   00DC FF                  268 	.db #0xFF	; 255
   00DD 00                  269 	.db #0x00	; 0
   00DE 00                  270 	.db #0x00	; 0
   00DF C0                  271 	.db #0xC0	; 192
   00E0 00                  272 	.db #0x00	; 0
   00E1 C0                  273 	.db #0xC0	; 192
   00E2 55                  274 	.db #0x55	; 85	'U'
   00E3 80                  275 	.db #0x80	; 128
   00E4 FF                  276 	.db #0xFF	; 255
   00E5 00                  277 	.db #0x00	; 0
   00E6 AA                  278 	.db #0xAA	; 170
   00E7 40                  279 	.db #0x40	; 64
   00E8 AA                  280 	.db #0xAA	; 170
   00E9 40                  281 	.db #0x40	; 64
   00EA FF                  282 	.db #0xFF	; 255
   00EB 00                  283 	.db #0x00	; 0
   00EC FF                  284 	.db #0xFF	; 255
   00ED 00                  285 	.db #0x00	; 0
   00EE AA                  286 	.db #0xAA	; 170
   00EF 40                  287 	.db #0x40	; 64
   00F0 AA                  288 	.db #0xAA	; 170
   00F1 40                  289 	.db #0x40	; 64
   00F2 FF                  290 	.db #0xFF	; 255
   00F3 00                  291 	.db #0x00	; 0
   00F4 FF                  292 	.db #0xFF	; 255
   00F5 00                  293 	.db #0x00	; 0
   00F6 AA                  294 	.db #0xAA	; 170
   00F7 40                  295 	.db #0x40	; 64
   00F8 AA                  296 	.db #0xAA	; 170
   00F9 40                  297 	.db #0x40	; 64
   00FA FF                  298 	.db #0xFF	; 255
   00FB 00                  299 	.db #0x00	; 0
   00FC FF                  300 	.db #0xFF	; 255
   00FD 00                  301 	.db #0x00	; 0
   00FE 00                  302 	.db #0x00	; 0
   00FF C0                  303 	.db #0xC0	; 192
   0100 AA                  304 	.db #0xAA	; 170
   0101 40                  305 	.db #0x40	; 64
   0102 55                  306 	.db #0x55	; 85	'U'
   0103 80                  307 	.db #0x80	; 128
                            308 	.area _INITIALIZER
                            309 	.area _CABS (ABS)
