                              1 ;--------------------------------------------------------
                              2 ; File Created by SDCC : free open source ANSI-C Compiler
                              3 ; Version 3.5.0 #9253 (Sep 26 2015) (CYGWIN)
                              4 ; This file was generated Mon Oct  5 18:28:38 2015
                              5 ;--------------------------------------------------------
                              6 	.module gladis_arriba
                              7 	.optsdcc -mz80
                              8 	
                              9 ;--------------------------------------------------------
                             10 ; Public variables in this module
                             11 ;--------------------------------------------------------
                             12 	.globl _gladis_arriba_izda
                             13 	.globl _gladis_arriba_dcha
                             14 ;--------------------------------------------------------
                             15 ; special function registers
                             16 ;--------------------------------------------------------
                             17 ;--------------------------------------------------------
                             18 ; ram data
                             19 ;--------------------------------------------------------
                             20 	.area _DATA
                             21 ;--------------------------------------------------------
                             22 ; ram data
                             23 ;--------------------------------------------------------
                             24 	.area _INITIALIZED
                             25 ;--------------------------------------------------------
                             26 ; absolute external ram data
                             27 ;--------------------------------------------------------
                             28 	.area _DABS (ABS)
                             29 ;--------------------------------------------------------
                             30 ; global & static initialisations
                             31 ;--------------------------------------------------------
                             32 	.area _HOME
                             33 	.area _GSINIT
                             34 	.area _GSFINAL
                             35 	.area _GSINIT
                             36 ;--------------------------------------------------------
                             37 ; Home
                             38 ;--------------------------------------------------------
                             39 	.area _HOME
                             40 	.area _HOME
                             41 ;--------------------------------------------------------
                             42 ; code
                             43 ;--------------------------------------------------------
                             44 	.area _CODE
                             45 	.area _CODE
   0000                      46 _gladis_arriba_dcha:
   0000 AA                   47 	.db #0xAA	; 170
   0001 40                   48 	.db #0x40	; 64
   0002 00                   49 	.db #0x00	; 0
   0003 C0                   50 	.db #0xC0	; 192
   0004 00                   51 	.db #0x00	; 0
   0005 C0                   52 	.db #0xC0	; 192
   0006 FF                   53 	.db #0xFF	; 255
   0007 00                   54 	.db #0x00	; 0
   0008 AA                   55 	.db #0xAA	; 170
   0009 40                   56 	.db #0x40	; 64
   000A 00                   57 	.db #0x00	; 0
   000B C0                   58 	.db #0xC0	; 192
   000C 00                   59 	.db #0x00	; 0
   000D C0                   60 	.db #0xC0	; 192
   000E FF                   61 	.db #0xFF	; 255
   000F 00                   62 	.db #0x00	; 0
   0010 AA                   63 	.db #0xAA	; 170
   0011 40                   64 	.db #0x40	; 64
   0012 00                   65 	.db #0x00	; 0
   0013 C0                   66 	.db #0xC0	; 192
   0014 00                   67 	.db #0x00	; 0
   0015 C0                   68 	.db #0xC0	; 192
   0016 FF                   69 	.db #0xFF	; 255
   0017 00                   70 	.db #0x00	; 0
   0018 AA                   71 	.db #0xAA	; 170
   0019 40                   72 	.db #0x40	; 64
   001A 00                   73 	.db #0x00	; 0
   001B C0                   74 	.db #0xC0	; 192
   001C 00                   75 	.db #0x00	; 0
   001D C0                   76 	.db #0xC0	; 192
   001E FF                   77 	.db #0xFF	; 255
   001F 00                   78 	.db #0x00	; 0
   0020 AA                   79 	.db #0xAA	; 170
   0021 40                   80 	.db #0x40	; 64
   0022 00                   81 	.db #0x00	; 0
   0023 C0                   82 	.db #0xC0	; 192
   0024 00                   83 	.db #0x00	; 0
   0025 C0                   84 	.db #0xC0	; 192
   0026 FF                   85 	.db #0xFF	; 255
   0027 00                   86 	.db #0x00	; 0
   0028 FF                   87 	.db #0xFF	; 255
   0029 00                   88 	.db #0x00	; 0
   002A 00                   89 	.db #0x00	; 0
   002B C0                   90 	.db #0xC0	; 192
   002C 55                   91 	.db #0x55	; 85	'U'
   002D 80                   92 	.db #0x80	; 128
   002E FF                   93 	.db #0xFF	; 255
   002F 00                   94 	.db #0x00	; 0
   0030 AA                   95 	.db #0xAA	; 170
   0031 40                   96 	.db #0x40	; 64
   0032 00                   97 	.db #0x00	; 0
   0033 C0                   98 	.db #0xC0	; 192
   0034 00                   99 	.db #0x00	; 0
   0035 C0                  100 	.db #0xC0	; 192
   0036 FF                  101 	.db #0xFF	; 255
   0037 00                  102 	.db #0x00	; 0
   0038 AA                  103 	.db #0xAA	; 170
   0039 40                  104 	.db #0x40	; 64
   003A 00                  105 	.db #0x00	; 0
   003B C0                  106 	.db #0xC0	; 192
   003C 00                  107 	.db #0x00	; 0
   003D C0                  108 	.db #0xC0	; 192
   003E AA                  109 	.db #0xAA	; 170
   003F 40                  110 	.db #0x40	; 64
   0040 00                  111 	.db #0x00	; 0
   0041 C0                  112 	.db #0xC0	; 192
   0042 00                  113 	.db #0x00	; 0
   0043 C0                  114 	.db #0xC0	; 192
   0044 00                  115 	.db #0x00	; 0
   0045 C0                  116 	.db #0xC0	; 192
   0046 00                  117 	.db #0x00	; 0
   0047 C0                  118 	.db #0xC0	; 192
   0048 00                  119 	.db #0x00	; 0
   0049 C0                  120 	.db #0xC0	; 192
   004A 00                  121 	.db #0x00	; 0
   004B C0                  122 	.db #0xC0	; 192
   004C 00                  123 	.db #0x00	; 0
   004D C0                  124 	.db #0xC0	; 192
   004E FF                  125 	.db #0xFF	; 255
   004F 00                  126 	.db #0x00	; 0
   0050 00                  127 	.db #0x00	; 0
   0051 C0                  128 	.db #0xC0	; 192
   0052 00                  129 	.db #0x00	; 0
   0053 C0                  130 	.db #0xC0	; 192
   0054 00                  131 	.db #0x00	; 0
   0055 C0                  132 	.db #0xC0	; 192
   0056 FF                  133 	.db #0xFF	; 255
   0057 00                  134 	.db #0x00	; 0
   0058 AA                  135 	.db #0xAA	; 170
   0059 40                  136 	.db #0x40	; 64
   005A 00                  137 	.db #0x00	; 0
   005B C0                  138 	.db #0xC0	; 192
   005C 00                  139 	.db #0x00	; 0
   005D C0                  140 	.db #0xC0	; 192
   005E FF                  141 	.db #0xFF	; 255
   005F 00                  142 	.db #0x00	; 0
   0060 FF                  143 	.db #0xFF	; 255
   0061 00                  144 	.db #0x00	; 0
   0062 55                  145 	.db #0x55	; 85	'U'
   0063 80                  146 	.db #0x80	; 128
   0064 55                  147 	.db #0x55	; 85	'U'
   0065 80                  148 	.db #0x80	; 128
   0066 FF                  149 	.db #0xFF	; 255
   0067 00                  150 	.db #0x00	; 0
   0068 FF                  151 	.db #0xFF	; 255
   0069 00                  152 	.db #0x00	; 0
   006A 55                  153 	.db #0x55	; 85	'U'
   006B 80                  154 	.db #0x80	; 128
   006C 55                  155 	.db #0x55	; 85	'U'
   006D 80                  156 	.db #0x80	; 128
   006E FF                  157 	.db #0xFF	; 255
   006F 00                  158 	.db #0x00	; 0
   0070 FF                  159 	.db #0xFF	; 255
   0071 00                  160 	.db #0x00	; 0
   0072 55                  161 	.db #0x55	; 85	'U'
   0073 80                  162 	.db #0x80	; 128
   0074 55                  163 	.db #0x55	; 85	'U'
   0075 80                  164 	.db #0x80	; 128
   0076 FF                  165 	.db #0xFF	; 255
   0077 00                  166 	.db #0x00	; 0
   0078 AA                  167 	.db #0xAA	; 170
   0079 40                  168 	.db #0x40	; 64
   007A 55                  169 	.db #0x55	; 85	'U'
   007B 80                  170 	.db #0x80	; 128
   007C 00                  171 	.db #0x00	; 0
   007D C0                  172 	.db #0xC0	; 192
   007E FF                  173 	.db #0xFF	; 255
   007F 00                  174 	.db #0x00	; 0
   0080                     175 _gladis_arriba_izda:
   0080 FF                  176 	.db #0xFF	; 255
   0081 00                  177 	.db #0x00	; 0
   0082 00                  178 	.db #0x00	; 0
   0083 C0                  179 	.db #0xC0	; 192
   0084 00                  180 	.db #0x00	; 0
   0085 C0                  181 	.db #0xC0	; 192
   0086 55                  182 	.db #0x55	; 85	'U'
   0087 80                  183 	.db #0x80	; 128
   0088 FF                  184 	.db #0xFF	; 255
   0089 00                  185 	.db #0x00	; 0
   008A 00                  186 	.db #0x00	; 0
   008B C0                  187 	.db #0xC0	; 192
   008C 00                  188 	.db #0x00	; 0
   008D C0                  189 	.db #0xC0	; 192
   008E 55                  190 	.db #0x55	; 85	'U'
   008F 80                  191 	.db #0x80	; 128
   0090 FF                  192 	.db #0xFF	; 255
   0091 00                  193 	.db #0x00	; 0
   0092 00                  194 	.db #0x00	; 0
   0093 C0                  195 	.db #0xC0	; 192
   0094 00                  196 	.db #0x00	; 0
   0095 C0                  197 	.db #0xC0	; 192
   0096 55                  198 	.db #0x55	; 85	'U'
   0097 80                  199 	.db #0x80	; 128
   0098 FF                  200 	.db #0xFF	; 255
   0099 00                  201 	.db #0x00	; 0
   009A 00                  202 	.db #0x00	; 0
   009B C0                  203 	.db #0xC0	; 192
   009C 00                  204 	.db #0x00	; 0
   009D C0                  205 	.db #0xC0	; 192
   009E 55                  206 	.db #0x55	; 85	'U'
   009F 80                  207 	.db #0x80	; 128
   00A0 FF                  208 	.db #0xFF	; 255
   00A1 00                  209 	.db #0x00	; 0
   00A2 00                  210 	.db #0x00	; 0
   00A3 C0                  211 	.db #0xC0	; 192
   00A4 00                  212 	.db #0x00	; 0
   00A5 C0                  213 	.db #0xC0	; 192
   00A6 55                  214 	.db #0x55	; 85	'U'
   00A7 80                  215 	.db #0x80	; 128
   00A8 FF                  216 	.db #0xFF	; 255
   00A9 00                  217 	.db #0x00	; 0
   00AA AA                  218 	.db #0xAA	; 170
   00AB 40                  219 	.db #0x40	; 64
   00AC 00                  220 	.db #0x00	; 0
   00AD C0                  221 	.db #0xC0	; 192
   00AE FF                  222 	.db #0xFF	; 255
   00AF 00                  223 	.db #0x00	; 0
   00B0 FF                  224 	.db #0xFF	; 255
   00B1 00                  225 	.db #0x00	; 0
   00B2 00                  226 	.db #0x00	; 0
   00B3 C0                  227 	.db #0xC0	; 192
   00B4 00                  228 	.db #0x00	; 0
   00B5 C0                  229 	.db #0xC0	; 192
   00B6 55                  230 	.db #0x55	; 85	'U'
   00B7 80                  231 	.db #0x80	; 128
   00B8 55                  232 	.db #0x55	; 85	'U'
   00B9 80                  233 	.db #0x80	; 128
   00BA 00                  234 	.db #0x00	; 0
   00BB C0                  235 	.db #0xC0	; 192
   00BC 00                  236 	.db #0x00	; 0
   00BD C0                  237 	.db #0xC0	; 192
   00BE 55                  238 	.db #0x55	; 85	'U'
   00BF 80                  239 	.db #0x80	; 128
   00C0 00                  240 	.db #0x00	; 0
   00C1 C0                  241 	.db #0xC0	; 192
   00C2 00                  242 	.db #0x00	; 0
   00C3 C0                  243 	.db #0xC0	; 192
   00C4 00                  244 	.db #0x00	; 0
   00C5 C0                  245 	.db #0xC0	; 192
   00C6 00                  246 	.db #0x00	; 0
   00C7 C0                  247 	.db #0xC0	; 192
   00C8 FF                  248 	.db #0xFF	; 255
   00C9 00                  249 	.db #0x00	; 0
   00CA 00                  250 	.db #0x00	; 0
   00CB C0                  251 	.db #0xC0	; 192
   00CC 00                  252 	.db #0x00	; 0
   00CD C0                  253 	.db #0xC0	; 192
   00CE 00                  254 	.db #0x00	; 0
   00CF C0                  255 	.db #0xC0	; 192
   00D0 FF                  256 	.db #0xFF	; 255
   00D1 00                  257 	.db #0x00	; 0
   00D2 00                  258 	.db #0x00	; 0
   00D3 C0                  259 	.db #0xC0	; 192
   00D4 00                  260 	.db #0x00	; 0
   00D5 C0                  261 	.db #0xC0	; 192
   00D6 00                  262 	.db #0x00	; 0
   00D7 C0                  263 	.db #0xC0	; 192
   00D8 FF                  264 	.db #0xFF	; 255
   00D9 00                  265 	.db #0x00	; 0
   00DA 00                  266 	.db #0x00	; 0
   00DB C0                  267 	.db #0xC0	; 192
   00DC 00                  268 	.db #0x00	; 0
   00DD C0                  269 	.db #0xC0	; 192
   00DE 55                  270 	.db #0x55	; 85	'U'
   00DF 80                  271 	.db #0x80	; 128
   00E0 FF                  272 	.db #0xFF	; 255
   00E1 00                  273 	.db #0x00	; 0
   00E2 AA                  274 	.db #0xAA	; 170
   00E3 40                  275 	.db #0x40	; 64
   00E4 AA                  276 	.db #0xAA	; 170
   00E5 40                  277 	.db #0x40	; 64
   00E6 FF                  278 	.db #0xFF	; 255
   00E7 00                  279 	.db #0x00	; 0
   00E8 FF                  280 	.db #0xFF	; 255
   00E9 00                  281 	.db #0x00	; 0
   00EA AA                  282 	.db #0xAA	; 170
   00EB 40                  283 	.db #0x40	; 64
   00EC AA                  284 	.db #0xAA	; 170
   00ED 40                  285 	.db #0x40	; 64
   00EE FF                  286 	.db #0xFF	; 255
   00EF 00                  287 	.db #0x00	; 0
   00F0 FF                  288 	.db #0xFF	; 255
   00F1 00                  289 	.db #0x00	; 0
   00F2 AA                  290 	.db #0xAA	; 170
   00F3 40                  291 	.db #0x40	; 64
   00F4 AA                  292 	.db #0xAA	; 170
   00F5 40                  293 	.db #0x40	; 64
   00F6 FF                  294 	.db #0xFF	; 255
   00F7 00                  295 	.db #0x00	; 0
   00F8 FF                  296 	.db #0xFF	; 255
   00F9 00                  297 	.db #0x00	; 0
   00FA 00                  298 	.db #0x00	; 0
   00FB C0                  299 	.db #0xC0	; 192
   00FC AA                  300 	.db #0xAA	; 170
   00FD 40                  301 	.db #0x40	; 64
   00FE 55                  302 	.db #0x55	; 85	'U'
   00FF 80                  303 	.db #0x80	; 128
                            304 	.area _INITIALIZER
                            305 	.area _CABS (ABS)
