                              1 ;--------------------------------------------------------
                              2 ; File Created by SDCC : free open source ANSI-C Compiler
                              3 ; Version 3.5.0 #9253 (Sep 26 2015) (CYGWIN)
                              4 ; This file was generated Tue Oct  6 09:57:32 2015
                              5 ;--------------------------------------------------------
                              6 	.module gladis
                              7 	.optsdcc -mz80
                              8 	
                              9 ;--------------------------------------------------------
                             10 ; Public variables in this module
                             11 ;--------------------------------------------------------
                             12 	.globl _gladis_arriba_izda
                             13 	.globl _gladis_arriba_dcha
                             14 	.globl _gladis_atk_izda
                             15 	.globl _gladis_atk_dcha
                             16 	.globl _gladis_quieto_izda
                             17 	.globl _gladis_quieto_dcha
                             18 ;--------------------------------------------------------
                             19 ; special function registers
                             20 ;--------------------------------------------------------
                             21 ;--------------------------------------------------------
                             22 ; ram data
                             23 ;--------------------------------------------------------
                             24 	.area _DATA
                             25 ;--------------------------------------------------------
                             26 ; ram data
                             27 ;--------------------------------------------------------
                             28 	.area _INITIALIZED
                             29 ;--------------------------------------------------------
                             30 ; absolute external ram data
                             31 ;--------------------------------------------------------
                             32 	.area _DABS (ABS)
                             33 ;--------------------------------------------------------
                             34 ; global & static initialisations
                             35 ;--------------------------------------------------------
                             36 	.area _HOME
                             37 	.area _GSINIT
                             38 	.area _GSFINAL
                             39 	.area _GSINIT
                             40 ;--------------------------------------------------------
                             41 ; Home
                             42 ;--------------------------------------------------------
                             43 	.area _HOME
                             44 	.area _HOME
                             45 ;--------------------------------------------------------
                             46 ; code
                             47 ;--------------------------------------------------------
                             48 	.area _CODE
                             49 	.area _CODE
   0000                      50 _gladis_quieto_dcha:
   0000 AA                   51 	.db #0xAA	; 170
   0001 40                   52 	.db #0x40	; 64
   0002 00                   53 	.db #0x00	; 0
   0003 C0                   54 	.db #0xC0	; 192
   0004 00                   55 	.db #0x00	; 0
   0005 C0                   56 	.db #0xC0	; 192
   0006 FF                   57 	.db #0xFF	; 255
   0007 00                   58 	.db #0x00	; 0
   0008 AA                   59 	.db #0xAA	; 170
   0009 40                   60 	.db #0x40	; 64
   000A 00                   61 	.db #0x00	; 0
   000B C0                   62 	.db #0xC0	; 192
   000C 00                   63 	.db #0x00	; 0
   000D C0                   64 	.db #0xC0	; 192
   000E FF                   65 	.db #0xFF	; 255
   000F 00                   66 	.db #0x00	; 0
   0010 AA                   67 	.db #0xAA	; 170
   0011 40                   68 	.db #0x40	; 64
   0012 AA                   69 	.db #0xAA	; 170
   0013 40                   70 	.db #0x40	; 64
   0014 AA                   71 	.db #0xAA	; 170
   0015 40                   72 	.db #0x40	; 64
   0016 FF                   73 	.db #0xFF	; 255
   0017 00                   74 	.db #0x00	; 0
   0018 AA                   75 	.db #0xAA	; 170
   0019 40                   76 	.db #0x40	; 64
   001A 00                   77 	.db #0x00	; 0
   001B C0                   78 	.db #0xC0	; 192
   001C 00                   79 	.db #0x00	; 0
   001D C0                   80 	.db #0xC0	; 192
   001E FF                   81 	.db #0xFF	; 255
   001F 00                   82 	.db #0x00	; 0
   0020 AA                   83 	.db #0xAA	; 170
   0021 40                   84 	.db #0x40	; 64
   0022 00                   85 	.db #0x00	; 0
   0023 C0                   86 	.db #0xC0	; 192
   0024 00                   87 	.db #0x00	; 0
   0025 C0                   88 	.db #0xC0	; 192
   0026 FF                   89 	.db #0xFF	; 255
   0027 00                   90 	.db #0x00	; 0
   0028 FF                   91 	.db #0xFF	; 255
   0029 00                   92 	.db #0x00	; 0
   002A 00                   93 	.db #0x00	; 0
   002B C0                   94 	.db #0xC0	; 192
   002C 55                   95 	.db #0x55	; 85	'U'
   002D 80                   96 	.db #0x80	; 128
   002E FF                   97 	.db #0xFF	; 255
   002F 00                   98 	.db #0x00	; 0
   0030 AA                   99 	.db #0xAA	; 170
   0031 40                  100 	.db #0x40	; 64
   0032 00                  101 	.db #0x00	; 0
   0033 C0                  102 	.db #0xC0	; 192
   0034 00                  103 	.db #0x00	; 0
   0035 C0                  104 	.db #0xC0	; 192
   0036 FF                  105 	.db #0xFF	; 255
   0037 00                  106 	.db #0x00	; 0
   0038 AA                  107 	.db #0xAA	; 170
   0039 40                  108 	.db #0x40	; 64
   003A 00                  109 	.db #0x00	; 0
   003B C0                  110 	.db #0xC0	; 192
   003C 00                  111 	.db #0x00	; 0
   003D C0                  112 	.db #0xC0	; 192
   003E AA                  113 	.db #0xAA	; 170
   003F 40                  114 	.db #0x40	; 64
   0040 00                  115 	.db #0x00	; 0
   0041 C0                  116 	.db #0xC0	; 192
   0042 00                  117 	.db #0x00	; 0
   0043 C0                  118 	.db #0xC0	; 192
   0044 00                  119 	.db #0x00	; 0
   0045 C0                  120 	.db #0xC0	; 192
   0046 00                  121 	.db #0x00	; 0
   0047 C0                  122 	.db #0xC0	; 192
   0048 00                  123 	.db #0x00	; 0
   0049 C0                  124 	.db #0xC0	; 192
   004A 00                  125 	.db #0x00	; 0
   004B C0                  126 	.db #0xC0	; 192
   004C 00                  127 	.db #0x00	; 0
   004D C0                  128 	.db #0xC0	; 192
   004E FF                  129 	.db #0xFF	; 255
   004F 00                  130 	.db #0x00	; 0
   0050 00                  131 	.db #0x00	; 0
   0051 C0                  132 	.db #0xC0	; 192
   0052 00                  133 	.db #0x00	; 0
   0053 C0                  134 	.db #0xC0	; 192
   0054 00                  135 	.db #0x00	; 0
   0055 C0                  136 	.db #0xC0	; 192
   0056 FF                  137 	.db #0xFF	; 255
   0057 00                  138 	.db #0x00	; 0
   0058 AA                  139 	.db #0xAA	; 170
   0059 40                  140 	.db #0x40	; 64
   005A 00                  141 	.db #0x00	; 0
   005B C0                  142 	.db #0xC0	; 192
   005C 00                  143 	.db #0x00	; 0
   005D C0                  144 	.db #0xC0	; 192
   005E FF                  145 	.db #0xFF	; 255
   005F 00                  146 	.db #0x00	; 0
   0060 FF                  147 	.db #0xFF	; 255
   0061 00                  148 	.db #0x00	; 0
   0062 55                  149 	.db #0x55	; 85	'U'
   0063 80                  150 	.db #0x80	; 128
   0064 55                  151 	.db #0x55	; 85	'U'
   0065 80                  152 	.db #0x80	; 128
   0066 FF                  153 	.db #0xFF	; 255
   0067 00                  154 	.db #0x00	; 0
   0068 FF                  155 	.db #0xFF	; 255
   0069 00                  156 	.db #0x00	; 0
   006A 55                  157 	.db #0x55	; 85	'U'
   006B 80                  158 	.db #0x80	; 128
   006C 55                  159 	.db #0x55	; 85	'U'
   006D 80                  160 	.db #0x80	; 128
   006E FF                  161 	.db #0xFF	; 255
   006F 00                  162 	.db #0x00	; 0
   0070 FF                  163 	.db #0xFF	; 255
   0071 00                  164 	.db #0x00	; 0
   0072 55                  165 	.db #0x55	; 85	'U'
   0073 80                  166 	.db #0x80	; 128
   0074 55                  167 	.db #0x55	; 85	'U'
   0075 80                  168 	.db #0x80	; 128
   0076 FF                  169 	.db #0xFF	; 255
   0077 00                  170 	.db #0x00	; 0
   0078 AA                  171 	.db #0xAA	; 170
   0079 40                  172 	.db #0x40	; 64
   007A 55                  173 	.db #0x55	; 85	'U'
   007B 80                  174 	.db #0x80	; 128
   007C 00                  175 	.db #0x00	; 0
   007D C0                  176 	.db #0xC0	; 192
   007E FF                  177 	.db #0xFF	; 255
   007F 00                  178 	.db #0x00	; 0
   0080                     179 _gladis_quieto_izda:
   0080 FF                  180 	.db #0xFF	; 255
   0081 00                  181 	.db #0x00	; 0
   0082 00                  182 	.db #0x00	; 0
   0083 C0                  183 	.db #0xC0	; 192
   0084 00                  184 	.db #0x00	; 0
   0085 C0                  185 	.db #0xC0	; 192
   0086 55                  186 	.db #0x55	; 85	'U'
   0087 80                  187 	.db #0x80	; 128
   0088 FF                  188 	.db #0xFF	; 255
   0089 00                  189 	.db #0x00	; 0
   008A 00                  190 	.db #0x00	; 0
   008B C0                  191 	.db #0xC0	; 192
   008C 00                  192 	.db #0x00	; 0
   008D C0                  193 	.db #0xC0	; 192
   008E 55                  194 	.db #0x55	; 85	'U'
   008F 80                  195 	.db #0x80	; 128
   0090 FF                  196 	.db #0xFF	; 255
   0091 00                  197 	.db #0x00	; 0
   0092 55                  198 	.db #0x55	; 85	'U'
   0093 80                  199 	.db #0x80	; 128
   0094 55                  200 	.db #0x55	; 85	'U'
   0095 80                  201 	.db #0x80	; 128
   0096 55                  202 	.db #0x55	; 85	'U'
   0097 80                  203 	.db #0x80	; 128
   0098 FF                  204 	.db #0xFF	; 255
   0099 00                  205 	.db #0x00	; 0
   009A 00                  206 	.db #0x00	; 0
   009B C0                  207 	.db #0xC0	; 192
   009C 00                  208 	.db #0x00	; 0
   009D C0                  209 	.db #0xC0	; 192
   009E 55                  210 	.db #0x55	; 85	'U'
   009F 80                  211 	.db #0x80	; 128
   00A0 FF                  212 	.db #0xFF	; 255
   00A1 00                  213 	.db #0x00	; 0
   00A2 00                  214 	.db #0x00	; 0
   00A3 C0                  215 	.db #0xC0	; 192
   00A4 00                  216 	.db #0x00	; 0
   00A5 C0                  217 	.db #0xC0	; 192
   00A6 55                  218 	.db #0x55	; 85	'U'
   00A7 80                  219 	.db #0x80	; 128
   00A8 FF                  220 	.db #0xFF	; 255
   00A9 00                  221 	.db #0x00	; 0
   00AA AA                  222 	.db #0xAA	; 170
   00AB 40                  223 	.db #0x40	; 64
   00AC 00                  224 	.db #0x00	; 0
   00AD C0                  225 	.db #0xC0	; 192
   00AE FF                  226 	.db #0xFF	; 255
   00AF 00                  227 	.db #0x00	; 0
   00B0 FF                  228 	.db #0xFF	; 255
   00B1 00                  229 	.db #0x00	; 0
   00B2 00                  230 	.db #0x00	; 0
   00B3 C0                  231 	.db #0xC0	; 192
   00B4 00                  232 	.db #0x00	; 0
   00B5 C0                  233 	.db #0xC0	; 192
   00B6 55                  234 	.db #0x55	; 85	'U'
   00B7 80                  235 	.db #0x80	; 128
   00B8 55                  236 	.db #0x55	; 85	'U'
   00B9 80                  237 	.db #0x80	; 128
   00BA 00                  238 	.db #0x00	; 0
   00BB C0                  239 	.db #0xC0	; 192
   00BC 00                  240 	.db #0x00	; 0
   00BD C0                  241 	.db #0xC0	; 192
   00BE 55                  242 	.db #0x55	; 85	'U'
   00BF 80                  243 	.db #0x80	; 128
   00C0 00                  244 	.db #0x00	; 0
   00C1 C0                  245 	.db #0xC0	; 192
   00C2 00                  246 	.db #0x00	; 0
   00C3 C0                  247 	.db #0xC0	; 192
   00C4 00                  248 	.db #0x00	; 0
   00C5 C0                  249 	.db #0xC0	; 192
   00C6 00                  250 	.db #0x00	; 0
   00C7 C0                  251 	.db #0xC0	; 192
   00C8 FF                  252 	.db #0xFF	; 255
   00C9 00                  253 	.db #0x00	; 0
   00CA 00                  254 	.db #0x00	; 0
   00CB C0                  255 	.db #0xC0	; 192
   00CC 00                  256 	.db #0x00	; 0
   00CD C0                  257 	.db #0xC0	; 192
   00CE 00                  258 	.db #0x00	; 0
   00CF C0                  259 	.db #0xC0	; 192
   00D0 FF                  260 	.db #0xFF	; 255
   00D1 00                  261 	.db #0x00	; 0
   00D2 00                  262 	.db #0x00	; 0
   00D3 C0                  263 	.db #0xC0	; 192
   00D4 00                  264 	.db #0x00	; 0
   00D5 C0                  265 	.db #0xC0	; 192
   00D6 00                  266 	.db #0x00	; 0
   00D7 C0                  267 	.db #0xC0	; 192
   00D8 FF                  268 	.db #0xFF	; 255
   00D9 00                  269 	.db #0x00	; 0
   00DA 00                  270 	.db #0x00	; 0
   00DB C0                  271 	.db #0xC0	; 192
   00DC 00                  272 	.db #0x00	; 0
   00DD C0                  273 	.db #0xC0	; 192
   00DE 55                  274 	.db #0x55	; 85	'U'
   00DF 80                  275 	.db #0x80	; 128
   00E0 FF                  276 	.db #0xFF	; 255
   00E1 00                  277 	.db #0x00	; 0
   00E2 AA                  278 	.db #0xAA	; 170
   00E3 40                  279 	.db #0x40	; 64
   00E4 AA                  280 	.db #0xAA	; 170
   00E5 40                  281 	.db #0x40	; 64
   00E6 FF                  282 	.db #0xFF	; 255
   00E7 00                  283 	.db #0x00	; 0
   00E8 FF                  284 	.db #0xFF	; 255
   00E9 00                  285 	.db #0x00	; 0
   00EA AA                  286 	.db #0xAA	; 170
   00EB 40                  287 	.db #0x40	; 64
   00EC AA                  288 	.db #0xAA	; 170
   00ED 40                  289 	.db #0x40	; 64
   00EE FF                  290 	.db #0xFF	; 255
   00EF 00                  291 	.db #0x00	; 0
   00F0 FF                  292 	.db #0xFF	; 255
   00F1 00                  293 	.db #0x00	; 0
   00F2 AA                  294 	.db #0xAA	; 170
   00F3 40                  295 	.db #0x40	; 64
   00F4 AA                  296 	.db #0xAA	; 170
   00F5 40                  297 	.db #0x40	; 64
   00F6 FF                  298 	.db #0xFF	; 255
   00F7 00                  299 	.db #0x00	; 0
   00F8 FF                  300 	.db #0xFF	; 255
   00F9 00                  301 	.db #0x00	; 0
   00FA 00                  302 	.db #0x00	; 0
   00FB C0                  303 	.db #0xC0	; 192
   00FC AA                  304 	.db #0xAA	; 170
   00FD 40                  305 	.db #0x40	; 64
   00FE 55                  306 	.db #0x55	; 85	'U'
   00FF 80                  307 	.db #0x80	; 128
   0100                     308 _gladis_atk_dcha:
   0100 FF                  309 	.db #0xFF	; 255
   0101 00                  310 	.db #0x00	; 0
   0102 FF                  311 	.db #0xFF	; 255
   0103 00                  312 	.db #0x00	; 0
   0104 FF                  313 	.db #0xFF	; 255
   0105 00                  314 	.db #0x00	; 0
   0106 FF                  315 	.db #0xFF	; 255
   0107 00                  316 	.db #0x00	; 0
   0108 FF                  317 	.db #0xFF	; 255
   0109 00                  318 	.db #0x00	; 0
   010A AA                  319 	.db #0xAA	; 170
   010B 40                  320 	.db #0x40	; 64
   010C 00                  321 	.db #0x00	; 0
   010D C0                  322 	.db #0xC0	; 192
   010E 55                  323 	.db #0x55	; 85	'U'
   010F 80                  324 	.db #0x80	; 128
   0110 FF                  325 	.db #0xFF	; 255
   0111 00                  326 	.db #0x00	; 0
   0112 FF                  327 	.db #0xFF	; 255
   0113 00                  328 	.db #0x00	; 0
   0114 AA                  329 	.db #0xAA	; 170
   0115 40                  330 	.db #0x40	; 64
   0116 00                  331 	.db #0x00	; 0
   0117 C0                  332 	.db #0xC0	; 192
   0118 55                  333 	.db #0x55	; 85	'U'
   0119 80                  334 	.db #0x80	; 128
   011A FF                  335 	.db #0xFF	; 255
   011B 00                  336 	.db #0x00	; 0
   011C FF                  337 	.db #0xFF	; 255
   011D 00                  338 	.db #0x00	; 0
   011E AA                  339 	.db #0xAA	; 170
   011F 40                  340 	.db #0x40	; 64
   0120 55                  341 	.db #0x55	; 85	'U'
   0121 80                  342 	.db #0x80	; 128
   0122 55                  343 	.db #0x55	; 85	'U'
   0123 80                  344 	.db #0x80	; 128
   0124 FF                  345 	.db #0xFF	; 255
   0125 00                  346 	.db #0x00	; 0
   0126 FF                  347 	.db #0xFF	; 255
   0127 00                  348 	.db #0x00	; 0
   0128 AA                  349 	.db #0xAA	; 170
   0129 40                  350 	.db #0x40	; 64
   012A 00                  351 	.db #0x00	; 0
   012B C0                  352 	.db #0xC0	; 192
   012C 55                  353 	.db #0x55	; 85	'U'
   012D 80                  354 	.db #0x80	; 128
   012E FF                  355 	.db #0xFF	; 255
   012F 00                  356 	.db #0x00	; 0
   0130 FF                  357 	.db #0xFF	; 255
   0131 00                  358 	.db #0x00	; 0
   0132 AA                  359 	.db #0xAA	; 170
   0133 40                  360 	.db #0x40	; 64
   0134 00                  361 	.db #0x00	; 0
   0135 C0                  362 	.db #0xC0	; 192
   0136 55                  363 	.db #0x55	; 85	'U'
   0137 80                  364 	.db #0x80	; 128
   0138 FF                  365 	.db #0xFF	; 255
   0139 00                  366 	.db #0x00	; 0
   013A AA                  367 	.db #0xAA	; 170
   013B 40                  368 	.db #0x40	; 64
   013C 55                  369 	.db #0x55	; 85	'U'
   013D 80                  370 	.db #0x80	; 128
   013E 00                  371 	.db #0x00	; 0
   013F C0                  372 	.db #0xC0	; 192
   0140 FF                  373 	.db #0xFF	; 255
   0141 00                  374 	.db #0x00	; 0
   0142 55                  375 	.db #0x55	; 85	'U'
   0143 80                  376 	.db #0x80	; 128
   0144 55                  377 	.db #0x55	; 85	'U'
   0145 80                  378 	.db #0x80	; 128
   0146 00                  379 	.db #0x00	; 0
   0147 C0                  380 	.db #0xC0	; 192
   0148 00                  381 	.db #0x00	; 0
   0149 C0                  382 	.db #0xC0	; 192
   014A 55                  383 	.db #0x55	; 85	'U'
   014B 80                  384 	.db #0x80	; 128
   014C AA                  385 	.db #0xAA	; 170
   014D 40                  386 	.db #0x40	; 64
   014E FF                  387 	.db #0xFF	; 255
   014F 00                  388 	.db #0x00	; 0
   0150 00                  389 	.db #0x00	; 0
   0151 C0                  390 	.db #0xC0	; 192
   0152 00                  391 	.db #0x00	; 0
   0153 C0                  392 	.db #0xC0	; 192
   0154 00                  393 	.db #0x00	; 0
   0155 C0                  394 	.db #0xC0	; 192
   0156 55                  395 	.db #0x55	; 85	'U'
   0157 80                  396 	.db #0x80	; 128
   0158 55                  397 	.db #0x55	; 85	'U'
   0159 80                  398 	.db #0x80	; 128
   015A AA                  399 	.db #0xAA	; 170
   015B 40                  400 	.db #0x40	; 64
   015C 00                  401 	.db #0x00	; 0
   015D C0                  402 	.db #0xC0	; 192
   015E 55                  403 	.db #0x55	; 85	'U'
   015F 80                  404 	.db #0x80	; 128
   0160 FF                  405 	.db #0xFF	; 255
   0161 00                  406 	.db #0x00	; 0
   0162 FF                  407 	.db #0xFF	; 255
   0163 00                  408 	.db #0x00	; 0
   0164 AA                  409 	.db #0xAA	; 170
   0165 40                  410 	.db #0x40	; 64
   0166 00                  411 	.db #0x00	; 0
   0167 C0                  412 	.db #0xC0	; 192
   0168 55                  413 	.db #0x55	; 85	'U'
   0169 80                  414 	.db #0x80	; 128
   016A FF                  415 	.db #0xFF	; 255
   016B 00                  416 	.db #0x00	; 0
   016C FF                  417 	.db #0xFF	; 255
   016D 00                  418 	.db #0x00	; 0
   016E AA                  419 	.db #0xAA	; 170
   016F 40                  420 	.db #0x40	; 64
   0170 00                  421 	.db #0x00	; 0
   0171 C0                  422 	.db #0xC0	; 192
   0172 55                  423 	.db #0x55	; 85	'U'
   0173 80                  424 	.db #0x80	; 128
   0174 FF                  425 	.db #0xFF	; 255
   0175 00                  426 	.db #0x00	; 0
   0176 FF                  427 	.db #0xFF	; 255
   0177 00                  428 	.db #0x00	; 0
   0178 AA                  429 	.db #0xAA	; 170
   0179 40                  430 	.db #0x40	; 64
   017A FF                  431 	.db #0xFF	; 255
   017B 00                  432 	.db #0x00	; 0
   017C 55                  433 	.db #0x55	; 85	'U'
   017D 80                  434 	.db #0x80	; 128
   017E FF                  435 	.db #0xFF	; 255
   017F 00                  436 	.db #0x00	; 0
   0180 FF                  437 	.db #0xFF	; 255
   0181 00                  438 	.db #0x00	; 0
   0182 00                  439 	.db #0x00	; 0
   0183 C0                  440 	.db #0xC0	; 192
   0184 FF                  441 	.db #0xFF	; 255
   0185 00                  442 	.db #0x00	; 0
   0186 00                  443 	.db #0x00	; 0
   0187 C0                  444 	.db #0xC0	; 192
   0188 FF                  445 	.db #0xFF	; 255
   0189 00                  446 	.db #0x00	; 0
   018A FF                  447 	.db #0xFF	; 255
   018B 00                  448 	.db #0x00	; 0
   018C 55                  449 	.db #0x55	; 85	'U'
   018D 80                  450 	.db #0x80	; 128
   018E FF                  451 	.db #0xFF	; 255
   018F 00                  452 	.db #0x00	; 0
   0190 AA                  453 	.db #0xAA	; 170
   0191 40                  454 	.db #0x40	; 64
   0192 FF                  455 	.db #0xFF	; 255
   0193 00                  456 	.db #0x00	; 0
   0194 FF                  457 	.db #0xFF	; 255
   0195 00                  458 	.db #0x00	; 0
   0196 00                  459 	.db #0x00	; 0
   0197 C0                  460 	.db #0xC0	; 192
   0198 FF                  461 	.db #0xFF	; 255
   0199 00                  462 	.db #0x00	; 0
   019A AA                  463 	.db #0xAA	; 170
   019B 40                  464 	.db #0x40	; 64
   019C 55                  465 	.db #0x55	; 85	'U'
   019D 80                  466 	.db #0x80	; 128
   019E FF                  467 	.db #0xFF	; 255
   019F 00                  468 	.db #0x00	; 0
   01A0                     469 _gladis_atk_izda:
   01A0 FF                  470 	.db #0xFF	; 255
   01A1 00                  471 	.db #0x00	; 0
   01A2 FF                  472 	.db #0xFF	; 255
   01A3 00                  473 	.db #0x00	; 0
   01A4 FF                  474 	.db #0xFF	; 255
   01A5 00                  475 	.db #0x00	; 0
   01A6 FF                  476 	.db #0xFF	; 255
   01A7 00                  477 	.db #0x00	; 0
   01A8 FF                  478 	.db #0xFF	; 255
   01A9 00                  479 	.db #0x00	; 0
   01AA FF                  480 	.db #0xFF	; 255
   01AB 00                  481 	.db #0x00	; 0
   01AC FF                  482 	.db #0xFF	; 255
   01AD 00                  483 	.db #0x00	; 0
   01AE AA                  484 	.db #0xAA	; 170
   01AF 40                  485 	.db #0x40	; 64
   01B0 00                  486 	.db #0x00	; 0
   01B1 C0                  487 	.db #0xC0	; 192
   01B2 55                  488 	.db #0x55	; 85	'U'
   01B3 80                  489 	.db #0x80	; 128
   01B4 FF                  490 	.db #0xFF	; 255
   01B5 00                  491 	.db #0x00	; 0
   01B6 FF                  492 	.db #0xFF	; 255
   01B7 00                  493 	.db #0x00	; 0
   01B8 AA                  494 	.db #0xAA	; 170
   01B9 40                  495 	.db #0x40	; 64
   01BA 00                  496 	.db #0x00	; 0
   01BB C0                  497 	.db #0xC0	; 192
   01BC 55                  498 	.db #0x55	; 85	'U'
   01BD 80                  499 	.db #0x80	; 128
   01BE FF                  500 	.db #0xFF	; 255
   01BF 00                  501 	.db #0x00	; 0
   01C0 FF                  502 	.db #0xFF	; 255
   01C1 00                  503 	.db #0x00	; 0
   01C2 AA                  504 	.db #0xAA	; 170
   01C3 40                  505 	.db #0x40	; 64
   01C4 AA                  506 	.db #0xAA	; 170
   01C5 40                  507 	.db #0x40	; 64
   01C6 55                  508 	.db #0x55	; 85	'U'
   01C7 80                  509 	.db #0x80	; 128
   01C8 FF                  510 	.db #0xFF	; 255
   01C9 00                  511 	.db #0x00	; 0
   01CA FF                  512 	.db #0xFF	; 255
   01CB 00                  513 	.db #0x00	; 0
   01CC AA                  514 	.db #0xAA	; 170
   01CD 40                  515 	.db #0x40	; 64
   01CE 00                  516 	.db #0x00	; 0
   01CF C0                  517 	.db #0xC0	; 192
   01D0 55                  518 	.db #0x55	; 85	'U'
   01D1 80                  519 	.db #0x80	; 128
   01D2 55                  520 	.db #0x55	; 85	'U'
   01D3 80                  521 	.db #0x80	; 128
   01D4 FF                  522 	.db #0xFF	; 255
   01D5 00                  523 	.db #0x00	; 0
   01D6 AA                  524 	.db #0xAA	; 170
   01D7 40                  525 	.db #0x40	; 64
   01D8 00                  526 	.db #0x00	; 0
   01D9 C0                  527 	.db #0xC0	; 192
   01DA 55                  528 	.db #0x55	; 85	'U'
   01DB 80                  529 	.db #0x80	; 128
   01DC AA                  530 	.db #0xAA	; 170
   01DD 40                  531 	.db #0x40	; 64
   01DE AA                  532 	.db #0xAA	; 170
   01DF 40                  533 	.db #0x40	; 64
   01E0 FF                  534 	.db #0xFF	; 255
   01E1 00                  535 	.db #0x00	; 0
   01E2 00                  536 	.db #0x00	; 0
   01E3 C0                  537 	.db #0xC0	; 192
   01E4 AA                  538 	.db #0xAA	; 170
   01E5 40                  539 	.db #0x40	; 64
   01E6 FF                  540 	.db #0xFF	; 255
   01E7 00                  541 	.db #0x00	; 0
   01E8 55                  542 	.db #0x55	; 85	'U'
   01E9 80                  543 	.db #0x80	; 128
   01EA AA                  544 	.db #0xAA	; 170
   01EB 40                  545 	.db #0x40	; 64
   01EC 00                  546 	.db #0x00	; 0
   01ED C0                  547 	.db #0xC0	; 192
   01EE 00                  548 	.db #0x00	; 0
   01EF C0                  549 	.db #0xC0	; 192
   01F0 AA                  550 	.db #0xAA	; 170
   01F1 40                  551 	.db #0x40	; 64
   01F2 AA                  552 	.db #0xAA	; 170
   01F3 40                  553 	.db #0x40	; 64
   01F4 00                  554 	.db #0x00	; 0
   01F5 C0                  555 	.db #0xC0	; 192
   01F6 00                  556 	.db #0x00	; 0
   01F7 C0                  557 	.db #0xC0	; 192
   01F8 00                  558 	.db #0x00	; 0
   01F9 C0                  559 	.db #0xC0	; 192
   01FA FF                  560 	.db #0xFF	; 255
   01FB 00                  561 	.db #0x00	; 0
   01FC FF                  562 	.db #0xFF	; 255
   01FD 00                  563 	.db #0x00	; 0
   01FE AA                  564 	.db #0xAA	; 170
   01FF 40                  565 	.db #0x40	; 64
   0200 00                  566 	.db #0x00	; 0
   0201 C0                  567 	.db #0xC0	; 192
   0202 55                  568 	.db #0x55	; 85	'U'
   0203 80                  569 	.db #0x80	; 128
   0204 FF                  570 	.db #0xFF	; 255
   0205 00                  571 	.db #0x00	; 0
   0206 FF                  572 	.db #0xFF	; 255
   0207 00                  573 	.db #0x00	; 0
   0208 AA                  574 	.db #0xAA	; 170
   0209 40                  575 	.db #0x40	; 64
   020A 00                  576 	.db #0x00	; 0
   020B C0                  577 	.db #0xC0	; 192
   020C 55                  578 	.db #0x55	; 85	'U'
   020D 80                  579 	.db #0x80	; 128
   020E FF                  580 	.db #0xFF	; 255
   020F 00                  581 	.db #0x00	; 0
   0210 FF                  582 	.db #0xFF	; 255
   0211 00                  583 	.db #0x00	; 0
   0212 AA                  584 	.db #0xAA	; 170
   0213 40                  585 	.db #0x40	; 64
   0214 00                  586 	.db #0x00	; 0
   0215 C0                  587 	.db #0xC0	; 192
   0216 55                  588 	.db #0x55	; 85	'U'
   0217 80                  589 	.db #0x80	; 128
   0218 FF                  590 	.db #0xFF	; 255
   0219 00                  591 	.db #0x00	; 0
   021A FF                  592 	.db #0xFF	; 255
   021B 00                  593 	.db #0x00	; 0
   021C AA                  594 	.db #0xAA	; 170
   021D 40                  595 	.db #0x40	; 64
   021E FF                  596 	.db #0xFF	; 255
   021F 00                  597 	.db #0x00	; 0
   0220 55                  598 	.db #0x55	; 85	'U'
   0221 80                  599 	.db #0x80	; 128
   0222 FF                  600 	.db #0xFF	; 255
   0223 00                  601 	.db #0x00	; 0
   0224 FF                  602 	.db #0xFF	; 255
   0225 00                  603 	.db #0x00	; 0
   0226 00                  604 	.db #0x00	; 0
   0227 C0                  605 	.db #0xC0	; 192
   0228 FF                  606 	.db #0xFF	; 255
   0229 00                  607 	.db #0x00	; 0
   022A 00                  608 	.db #0x00	; 0
   022B C0                  609 	.db #0xC0	; 192
   022C FF                  610 	.db #0xFF	; 255
   022D 00                  611 	.db #0x00	; 0
   022E FF                  612 	.db #0xFF	; 255
   022F 00                  613 	.db #0x00	; 0
   0230 55                  614 	.db #0x55	; 85	'U'
   0231 80                  615 	.db #0x80	; 128
   0232 FF                  616 	.db #0xFF	; 255
   0233 00                  617 	.db #0x00	; 0
   0234 AA                  618 	.db #0xAA	; 170
   0235 40                  619 	.db #0x40	; 64
   0236 FF                  620 	.db #0xFF	; 255
   0237 00                  621 	.db #0x00	; 0
   0238 AA                  622 	.db #0xAA	; 170
   0239 40                  623 	.db #0x40	; 64
   023A 55                  624 	.db #0x55	; 85	'U'
   023B 80                  625 	.db #0x80	; 128
   023C FF                  626 	.db #0xFF	; 255
   023D 00                  627 	.db #0x00	; 0
   023E 00                  628 	.db #0x00	; 0
   023F C0                  629 	.db #0xC0	; 192
   0240                     630 _gladis_arriba_dcha:
   0240 AA                  631 	.db #0xAA	; 170
   0241 40                  632 	.db #0x40	; 64
   0242 00                  633 	.db #0x00	; 0
   0243 C0                  634 	.db #0xC0	; 192
   0244 00                  635 	.db #0x00	; 0
   0245 C0                  636 	.db #0xC0	; 192
   0246 FF                  637 	.db #0xFF	; 255
   0247 00                  638 	.db #0x00	; 0
   0248 AA                  639 	.db #0xAA	; 170
   0249 40                  640 	.db #0x40	; 64
   024A 00                  641 	.db #0x00	; 0
   024B C0                  642 	.db #0xC0	; 192
   024C 00                  643 	.db #0x00	; 0
   024D C0                  644 	.db #0xC0	; 192
   024E FF                  645 	.db #0xFF	; 255
   024F 00                  646 	.db #0x00	; 0
   0250 AA                  647 	.db #0xAA	; 170
   0251 40                  648 	.db #0x40	; 64
   0252 00                  649 	.db #0x00	; 0
   0253 C0                  650 	.db #0xC0	; 192
   0254 00                  651 	.db #0x00	; 0
   0255 C0                  652 	.db #0xC0	; 192
   0256 FF                  653 	.db #0xFF	; 255
   0257 00                  654 	.db #0x00	; 0
   0258 AA                  655 	.db #0xAA	; 170
   0259 40                  656 	.db #0x40	; 64
   025A 00                  657 	.db #0x00	; 0
   025B C0                  658 	.db #0xC0	; 192
   025C 00                  659 	.db #0x00	; 0
   025D C0                  660 	.db #0xC0	; 192
   025E FF                  661 	.db #0xFF	; 255
   025F 00                  662 	.db #0x00	; 0
   0260 AA                  663 	.db #0xAA	; 170
   0261 40                  664 	.db #0x40	; 64
   0262 00                  665 	.db #0x00	; 0
   0263 C0                  666 	.db #0xC0	; 192
   0264 00                  667 	.db #0x00	; 0
   0265 C0                  668 	.db #0xC0	; 192
   0266 FF                  669 	.db #0xFF	; 255
   0267 00                  670 	.db #0x00	; 0
   0268 FF                  671 	.db #0xFF	; 255
   0269 00                  672 	.db #0x00	; 0
   026A 00                  673 	.db #0x00	; 0
   026B C0                  674 	.db #0xC0	; 192
   026C 55                  675 	.db #0x55	; 85	'U'
   026D 80                  676 	.db #0x80	; 128
   026E FF                  677 	.db #0xFF	; 255
   026F 00                  678 	.db #0x00	; 0
   0270 AA                  679 	.db #0xAA	; 170
   0271 40                  680 	.db #0x40	; 64
   0272 00                  681 	.db #0x00	; 0
   0273 C0                  682 	.db #0xC0	; 192
   0274 00                  683 	.db #0x00	; 0
   0275 C0                  684 	.db #0xC0	; 192
   0276 FF                  685 	.db #0xFF	; 255
   0277 00                  686 	.db #0x00	; 0
   0278 AA                  687 	.db #0xAA	; 170
   0279 40                  688 	.db #0x40	; 64
   027A 00                  689 	.db #0x00	; 0
   027B C0                  690 	.db #0xC0	; 192
   027C 00                  691 	.db #0x00	; 0
   027D C0                  692 	.db #0xC0	; 192
   027E AA                  693 	.db #0xAA	; 170
   027F 40                  694 	.db #0x40	; 64
   0280 00                  695 	.db #0x00	; 0
   0281 C0                  696 	.db #0xC0	; 192
   0282 00                  697 	.db #0x00	; 0
   0283 C0                  698 	.db #0xC0	; 192
   0284 00                  699 	.db #0x00	; 0
   0285 C0                  700 	.db #0xC0	; 192
   0286 00                  701 	.db #0x00	; 0
   0287 C0                  702 	.db #0xC0	; 192
   0288 00                  703 	.db #0x00	; 0
   0289 C0                  704 	.db #0xC0	; 192
   028A 00                  705 	.db #0x00	; 0
   028B C0                  706 	.db #0xC0	; 192
   028C 00                  707 	.db #0x00	; 0
   028D C0                  708 	.db #0xC0	; 192
   028E FF                  709 	.db #0xFF	; 255
   028F 00                  710 	.db #0x00	; 0
   0290 00                  711 	.db #0x00	; 0
   0291 C0                  712 	.db #0xC0	; 192
   0292 00                  713 	.db #0x00	; 0
   0293 C0                  714 	.db #0xC0	; 192
   0294 00                  715 	.db #0x00	; 0
   0295 C0                  716 	.db #0xC0	; 192
   0296 FF                  717 	.db #0xFF	; 255
   0297 00                  718 	.db #0x00	; 0
   0298 AA                  719 	.db #0xAA	; 170
   0299 40                  720 	.db #0x40	; 64
   029A 00                  721 	.db #0x00	; 0
   029B C0                  722 	.db #0xC0	; 192
   029C 00                  723 	.db #0x00	; 0
   029D C0                  724 	.db #0xC0	; 192
   029E FF                  725 	.db #0xFF	; 255
   029F 00                  726 	.db #0x00	; 0
   02A0 FF                  727 	.db #0xFF	; 255
   02A1 00                  728 	.db #0x00	; 0
   02A2 55                  729 	.db #0x55	; 85	'U'
   02A3 80                  730 	.db #0x80	; 128
   02A4 55                  731 	.db #0x55	; 85	'U'
   02A5 80                  732 	.db #0x80	; 128
   02A6 FF                  733 	.db #0xFF	; 255
   02A7 00                  734 	.db #0x00	; 0
   02A8 FF                  735 	.db #0xFF	; 255
   02A9 00                  736 	.db #0x00	; 0
   02AA 55                  737 	.db #0x55	; 85	'U'
   02AB 80                  738 	.db #0x80	; 128
   02AC 55                  739 	.db #0x55	; 85	'U'
   02AD 80                  740 	.db #0x80	; 128
   02AE FF                  741 	.db #0xFF	; 255
   02AF 00                  742 	.db #0x00	; 0
   02B0 FF                  743 	.db #0xFF	; 255
   02B1 00                  744 	.db #0x00	; 0
   02B2 55                  745 	.db #0x55	; 85	'U'
   02B3 80                  746 	.db #0x80	; 128
   02B4 55                  747 	.db #0x55	; 85	'U'
   02B5 80                  748 	.db #0x80	; 128
   02B6 FF                  749 	.db #0xFF	; 255
   02B7 00                  750 	.db #0x00	; 0
   02B8 AA                  751 	.db #0xAA	; 170
   02B9 40                  752 	.db #0x40	; 64
   02BA 55                  753 	.db #0x55	; 85	'U'
   02BB 80                  754 	.db #0x80	; 128
   02BC 00                  755 	.db #0x00	; 0
   02BD C0                  756 	.db #0xC0	; 192
   02BE FF                  757 	.db #0xFF	; 255
   02BF 00                  758 	.db #0x00	; 0
   02C0                     759 _gladis_arriba_izda:
   02C0 FF                  760 	.db #0xFF	; 255
   02C1 00                  761 	.db #0x00	; 0
   02C2 00                  762 	.db #0x00	; 0
   02C3 C0                  763 	.db #0xC0	; 192
   02C4 00                  764 	.db #0x00	; 0
   02C5 C0                  765 	.db #0xC0	; 192
   02C6 55                  766 	.db #0x55	; 85	'U'
   02C7 80                  767 	.db #0x80	; 128
   02C8 FF                  768 	.db #0xFF	; 255
   02C9 00                  769 	.db #0x00	; 0
   02CA 00                  770 	.db #0x00	; 0
   02CB C0                  771 	.db #0xC0	; 192
   02CC 00                  772 	.db #0x00	; 0
   02CD C0                  773 	.db #0xC0	; 192
   02CE 55                  774 	.db #0x55	; 85	'U'
   02CF 80                  775 	.db #0x80	; 128
   02D0 FF                  776 	.db #0xFF	; 255
   02D1 00                  777 	.db #0x00	; 0
   02D2 00                  778 	.db #0x00	; 0
   02D3 C0                  779 	.db #0xC0	; 192
   02D4 00                  780 	.db #0x00	; 0
   02D5 C0                  781 	.db #0xC0	; 192
   02D6 55                  782 	.db #0x55	; 85	'U'
   02D7 80                  783 	.db #0x80	; 128
   02D8 FF                  784 	.db #0xFF	; 255
   02D9 00                  785 	.db #0x00	; 0
   02DA 00                  786 	.db #0x00	; 0
   02DB C0                  787 	.db #0xC0	; 192
   02DC 00                  788 	.db #0x00	; 0
   02DD C0                  789 	.db #0xC0	; 192
   02DE 55                  790 	.db #0x55	; 85	'U'
   02DF 80                  791 	.db #0x80	; 128
   02E0 FF                  792 	.db #0xFF	; 255
   02E1 00                  793 	.db #0x00	; 0
   02E2 00                  794 	.db #0x00	; 0
   02E3 C0                  795 	.db #0xC0	; 192
   02E4 00                  796 	.db #0x00	; 0
   02E5 C0                  797 	.db #0xC0	; 192
   02E6 55                  798 	.db #0x55	; 85	'U'
   02E7 80                  799 	.db #0x80	; 128
   02E8 FF                  800 	.db #0xFF	; 255
   02E9 00                  801 	.db #0x00	; 0
   02EA AA                  802 	.db #0xAA	; 170
   02EB 40                  803 	.db #0x40	; 64
   02EC 00                  804 	.db #0x00	; 0
   02ED C0                  805 	.db #0xC0	; 192
   02EE FF                  806 	.db #0xFF	; 255
   02EF 00                  807 	.db #0x00	; 0
   02F0 FF                  808 	.db #0xFF	; 255
   02F1 00                  809 	.db #0x00	; 0
   02F2 00                  810 	.db #0x00	; 0
   02F3 C0                  811 	.db #0xC0	; 192
   02F4 00                  812 	.db #0x00	; 0
   02F5 C0                  813 	.db #0xC0	; 192
   02F6 55                  814 	.db #0x55	; 85	'U'
   02F7 80                  815 	.db #0x80	; 128
   02F8 55                  816 	.db #0x55	; 85	'U'
   02F9 80                  817 	.db #0x80	; 128
   02FA 00                  818 	.db #0x00	; 0
   02FB C0                  819 	.db #0xC0	; 192
   02FC 00                  820 	.db #0x00	; 0
   02FD C0                  821 	.db #0xC0	; 192
   02FE 55                  822 	.db #0x55	; 85	'U'
   02FF 80                  823 	.db #0x80	; 128
   0300 00                  824 	.db #0x00	; 0
   0301 C0                  825 	.db #0xC0	; 192
   0302 00                  826 	.db #0x00	; 0
   0303 C0                  827 	.db #0xC0	; 192
   0304 00                  828 	.db #0x00	; 0
   0305 C0                  829 	.db #0xC0	; 192
   0306 00                  830 	.db #0x00	; 0
   0307 C0                  831 	.db #0xC0	; 192
   0308 FF                  832 	.db #0xFF	; 255
   0309 00                  833 	.db #0x00	; 0
   030A 00                  834 	.db #0x00	; 0
   030B C0                  835 	.db #0xC0	; 192
   030C 00                  836 	.db #0x00	; 0
   030D C0                  837 	.db #0xC0	; 192
   030E 00                  838 	.db #0x00	; 0
   030F C0                  839 	.db #0xC0	; 192
   0310 FF                  840 	.db #0xFF	; 255
   0311 00                  841 	.db #0x00	; 0
   0312 00                  842 	.db #0x00	; 0
   0313 C0                  843 	.db #0xC0	; 192
   0314 00                  844 	.db #0x00	; 0
   0315 C0                  845 	.db #0xC0	; 192
   0316 00                  846 	.db #0x00	; 0
   0317 C0                  847 	.db #0xC0	; 192
   0318 FF                  848 	.db #0xFF	; 255
   0319 00                  849 	.db #0x00	; 0
   031A 00                  850 	.db #0x00	; 0
   031B C0                  851 	.db #0xC0	; 192
   031C 00                  852 	.db #0x00	; 0
   031D C0                  853 	.db #0xC0	; 192
   031E 55                  854 	.db #0x55	; 85	'U'
   031F 80                  855 	.db #0x80	; 128
   0320 FF                  856 	.db #0xFF	; 255
   0321 00                  857 	.db #0x00	; 0
   0322 AA                  858 	.db #0xAA	; 170
   0323 40                  859 	.db #0x40	; 64
   0324 AA                  860 	.db #0xAA	; 170
   0325 40                  861 	.db #0x40	; 64
   0326 FF                  862 	.db #0xFF	; 255
   0327 00                  863 	.db #0x00	; 0
   0328 FF                  864 	.db #0xFF	; 255
   0329 00                  865 	.db #0x00	; 0
   032A AA                  866 	.db #0xAA	; 170
   032B 40                  867 	.db #0x40	; 64
   032C AA                  868 	.db #0xAA	; 170
   032D 40                  869 	.db #0x40	; 64
   032E FF                  870 	.db #0xFF	; 255
   032F 00                  871 	.db #0x00	; 0
   0330 FF                  872 	.db #0xFF	; 255
   0331 00                  873 	.db #0x00	; 0
   0332 AA                  874 	.db #0xAA	; 170
   0333 40                  875 	.db #0x40	; 64
   0334 AA                  876 	.db #0xAA	; 170
   0335 40                  877 	.db #0x40	; 64
   0336 FF                  878 	.db #0xFF	; 255
   0337 00                  879 	.db #0x00	; 0
   0338 FF                  880 	.db #0xFF	; 255
   0339 00                  881 	.db #0x00	; 0
   033A 00                  882 	.db #0x00	; 0
   033B C0                  883 	.db #0xC0	; 192
   033C AA                  884 	.db #0xAA	; 170
   033D 40                  885 	.db #0x40	; 64
   033E 55                  886 	.db #0x55	; 85	'U'
   033F 80                  887 	.db #0x80	; 128
                            888 	.area _INITIALIZER
                            889 	.area _CABS (ABS)
