                              1 ;--------------------------------------------------------
                              2 ; File Created by SDCC : free open source ANSI-C Compiler
                              3 ; Version 3.5.0 #9253 (Sep 22 2015) (CYGWIN)
                              4 ; This file was generated Fri Oct 23 15:18:26 2015
                              5 ;--------------------------------------------------------
                              6 	.module marcador
                              7 	.optsdcc -mz80
                              8 	
                              9 ;--------------------------------------------------------
                             10 ; Public variables in this module
                             11 ;--------------------------------------------------------
                             12 	.globl _marcador
                             13 ;--------------------------------------------------------
                             14 ; special function registers
                             15 ;--------------------------------------------------------
                             16 ;--------------------------------------------------------
                             17 ; ram data
                             18 ;--------------------------------------------------------
                             19 	.area _DATA
                             20 ;--------------------------------------------------------
                             21 ; ram data
                             22 ;--------------------------------------------------------
                             23 	.area _INITIALIZED
                             24 ;--------------------------------------------------------
                             25 ; absolute external ram data
                             26 ;--------------------------------------------------------
                             27 	.area _DABS (ABS)
                             28 ;--------------------------------------------------------
                             29 ; global & static initialisations
                             30 ;--------------------------------------------------------
                             31 	.area _HOME
                             32 	.area _GSINIT
                             33 	.area _GSFINAL
                             34 	.area _GSINIT
                             35 ;--------------------------------------------------------
                             36 ; Home
                             37 ;--------------------------------------------------------
                             38 	.area _HOME
                             39 	.area _HOME
                             40 ;--------------------------------------------------------
                             41 ; code
                             42 ;--------------------------------------------------------
                             43 	.area _CODE
                             44 	.area _CODE
   0000                      45 _marcador:
   0000 0C                   46 	.db #0x0C	; 12
   0001 0C                   47 	.db #0x0C	; 12
   0002 0C                   48 	.db #0x0C	; 12
   0003 0C                   49 	.db #0x0C	; 12
   0004 0C                   50 	.db #0x0C	; 12
   0005 0C                   51 	.db #0x0C	; 12
   0006 0C                   52 	.db #0x0C	; 12
   0007 0C                   53 	.db #0x0C	; 12
   0008 0C                   54 	.db #0x0C	; 12
   0009 0C                   55 	.db #0x0C	; 12
   000A 0C                   56 	.db #0x0C	; 12
   000B 0C                   57 	.db #0x0C	; 12
   000C 0C                   58 	.db #0x0C	; 12
   000D 0C                   59 	.db #0x0C	; 12
   000E 0C                   60 	.db #0x0C	; 12
   000F 0C                   61 	.db #0x0C	; 12
                             62 	.area _INITIALIZER
                             63 	.area _CABS (ABS)
