                              1 ;--------------------------------------------------------
                              2 ; File Created by SDCC : free open source ANSI-C Compiler
                              3 ; Version 3.5.0 #9253 (Sep 26 2015) (CYGWIN)
                              4 ; This file was generated Fri Oct 23 10:38:18 2015
                              5 ;--------------------------------------------------------
                              6 	.module puerta
                              7 	.optsdcc -mz80
                              8 	
                              9 ;--------------------------------------------------------
                             10 ; Public variables in this module
                             11 ;--------------------------------------------------------
                             12 	.globl _g_tile_puerta_1
                             13 	.globl _g_tile_puerta_0
                             14 ;--------------------------------------------------------
                             15 ; special function registers
                             16 ;--------------------------------------------------------
                             17 ;--------------------------------------------------------
                             18 ; ram data
                             19 ;--------------------------------------------------------
                             20 	.area _DATA
                             21 ;--------------------------------------------------------
                             22 ; ram data
                             23 ;--------------------------------------------------------
                             24 	.area _INITIALIZED
                             25 ;--------------------------------------------------------
                             26 ; absolute external ram data
                             27 ;--------------------------------------------------------
                             28 	.area _DABS (ABS)
                             29 ;--------------------------------------------------------
                             30 ; global & static initialisations
                             31 ;--------------------------------------------------------
                             32 	.area _HOME
                             33 	.area _GSINIT
                             34 	.area _GSFINAL
                             35 	.area _GSINIT
                             36 ;--------------------------------------------------------
                             37 ; Home
                             38 ;--------------------------------------------------------
                             39 	.area _HOME
                             40 	.area _HOME
                             41 ;--------------------------------------------------------
                             42 ; code
                             43 ;--------------------------------------------------------
                             44 	.area _CODE
                             45 	.area _CODE
   0000                      46 _g_tile_puerta_0:
   0000 30                   47 	.db #0x30	; 48	'0'
   0001 30                   48 	.db #0x30	; 48	'0'
   0002 30                   49 	.db #0x30	; 48	'0'
   0003 30                   50 	.db #0x30	; 48	'0'
   0004 30                   51 	.db #0x30	; 48	'0'
   0005 30                   52 	.db #0x30	; 48	'0'
   0006 30                   53 	.db #0x30	; 48	'0'
   0007 30                   54 	.db #0x30	; 48	'0'
   0008 30                   55 	.db #0x30	; 48	'0'
   0009 30                   56 	.db #0x30	; 48	'0'
   000A 30                   57 	.db #0x30	; 48	'0'
   000B 30                   58 	.db #0x30	; 48	'0'
   000C 30                   59 	.db #0x30	; 48	'0'
   000D 30                   60 	.db #0x30	; 48	'0'
   000E 30                   61 	.db #0x30	; 48	'0'
   000F 30                   62 	.db #0x30	; 48	'0'
   0010 30                   63 	.db #0x30	; 48	'0'
   0011 30                   64 	.db #0x30	; 48	'0'
   0012 30                   65 	.db #0x30	; 48	'0'
   0013 30                   66 	.db #0x30	; 48	'0'
   0014 30                   67 	.db #0x30	; 48	'0'
   0015 30                   68 	.db #0x30	; 48	'0'
   0016 30                   69 	.db #0x30	; 48	'0'
   0017 F0                   70 	.db #0xF0	; 240
   0018 30                   71 	.db #0x30	; 48	'0'
   0019 30                   72 	.db #0x30	; 48	'0'
   001A 70                   73 	.db #0x70	; 112	'p'
   001B F0                   74 	.db #0xF0	; 240
   001C 30                   75 	.db #0x30	; 48	'0'
   001D 30                   76 	.db #0x30	; 48	'0'
   001E F0                   77 	.db #0xF0	; 240
   001F F0                   78 	.db #0xF0	; 240
   0020 30                   79 	.db #0x30	; 48	'0'
   0021 30                   80 	.db #0x30	; 48	'0'
   0022 F0                   81 	.db #0xF0	; 240
   0023 F0                   82 	.db #0xF0	; 240
   0024 30                   83 	.db #0x30	; 48	'0'
   0025 30                   84 	.db #0x30	; 48	'0'
   0026 70                   85 	.db #0x70	; 112	'p'
   0027 F0                   86 	.db #0xF0	; 240
   0028 30                   87 	.db #0x30	; 48	'0'
   0029 30                   88 	.db #0x30	; 48	'0'
   002A 30                   89 	.db #0x30	; 48	'0'
   002B F0                   90 	.db #0xF0	; 240
   002C 30                   91 	.db #0x30	; 48	'0'
   002D 30                   92 	.db #0x30	; 48	'0'
   002E 30                   93 	.db #0x30	; 48	'0'
   002F 30                   94 	.db #0x30	; 48	'0'
   0030 30                   95 	.db #0x30	; 48	'0'
   0031 30                   96 	.db #0x30	; 48	'0'
   0032 30                   97 	.db #0x30	; 48	'0'
   0033 30                   98 	.db #0x30	; 48	'0'
   0034 30                   99 	.db #0x30	; 48	'0'
   0035 30                  100 	.db #0x30	; 48	'0'
   0036 30                  101 	.db #0x30	; 48	'0'
   0037 30                  102 	.db #0x30	; 48	'0'
   0038 30                  103 	.db #0x30	; 48	'0'
   0039 30                  104 	.db #0x30	; 48	'0'
   003A 30                  105 	.db #0x30	; 48	'0'
   003B 30                  106 	.db #0x30	; 48	'0'
   003C 30                  107 	.db #0x30	; 48	'0'
   003D 30                  108 	.db #0x30	; 48	'0'
   003E 30                  109 	.db #0x30	; 48	'0'
   003F 30                  110 	.db #0x30	; 48	'0'
   0040                     111 _g_tile_puerta_1:
   0040 30                  112 	.db #0x30	; 48	'0'
   0041 30                  113 	.db #0x30	; 48	'0'
   0042 30                  114 	.db #0x30	; 48	'0'
   0043 30                  115 	.db #0x30	; 48	'0'
   0044 30                  116 	.db #0x30	; 48	'0'
   0045 30                  117 	.db #0x30	; 48	'0'
   0046 30                  118 	.db #0x30	; 48	'0'
   0047 30                  119 	.db #0x30	; 48	'0'
   0048 30                  120 	.db #0x30	; 48	'0'
   0049 30                  121 	.db #0x30	; 48	'0'
   004A 30                  122 	.db #0x30	; 48	'0'
   004B 30                  123 	.db #0x30	; 48	'0'
   004C 30                  124 	.db #0x30	; 48	'0'
   004D 30                  125 	.db #0x30	; 48	'0'
   004E 30                  126 	.db #0x30	; 48	'0'
   004F 30                  127 	.db #0x30	; 48	'0'
   0050 30                  128 	.db #0x30	; 48	'0'
   0051 30                  129 	.db #0x30	; 48	'0'
   0052 30                  130 	.db #0x30	; 48	'0'
   0053 30                  131 	.db #0x30	; 48	'0'
   0054 F0                  132 	.db #0xF0	; 240
   0055 30                  133 	.db #0x30	; 48	'0'
   0056 30                  134 	.db #0x30	; 48	'0'
   0057 30                  135 	.db #0x30	; 48	'0'
   0058 F0                  136 	.db #0xF0	; 240
   0059 B0                  137 	.db #0xB0	; 176
   005A 30                  138 	.db #0x30	; 48	'0'
   005B 30                  139 	.db #0x30	; 48	'0'
   005C F0                  140 	.db #0xF0	; 240
   005D F0                  141 	.db #0xF0	; 240
   005E 30                  142 	.db #0x30	; 48	'0'
   005F 30                  143 	.db #0x30	; 48	'0'
   0060 F0                  144 	.db #0xF0	; 240
   0061 F0                  145 	.db #0xF0	; 240
   0062 30                  146 	.db #0x30	; 48	'0'
   0063 30                  147 	.db #0x30	; 48	'0'
   0064 F0                  148 	.db #0xF0	; 240
   0065 B0                  149 	.db #0xB0	; 176
   0066 30                  150 	.db #0x30	; 48	'0'
   0067 30                  151 	.db #0x30	; 48	'0'
   0068 F0                  152 	.db #0xF0	; 240
   0069 30                  153 	.db #0x30	; 48	'0'
   006A 30                  154 	.db #0x30	; 48	'0'
   006B 30                  155 	.db #0x30	; 48	'0'
   006C 30                  156 	.db #0x30	; 48	'0'
   006D 30                  157 	.db #0x30	; 48	'0'
   006E 30                  158 	.db #0x30	; 48	'0'
   006F 30                  159 	.db #0x30	; 48	'0'
   0070 30                  160 	.db #0x30	; 48	'0'
   0071 30                  161 	.db #0x30	; 48	'0'
   0072 30                  162 	.db #0x30	; 48	'0'
   0073 30                  163 	.db #0x30	; 48	'0'
   0074 30                  164 	.db #0x30	; 48	'0'
   0075 30                  165 	.db #0x30	; 48	'0'
   0076 30                  166 	.db #0x30	; 48	'0'
   0077 30                  167 	.db #0x30	; 48	'0'
   0078 30                  168 	.db #0x30	; 48	'0'
   0079 30                  169 	.db #0x30	; 48	'0'
   007A 30                  170 	.db #0x30	; 48	'0'
   007B 30                  171 	.db #0x30	; 48	'0'
   007C 30                  172 	.db #0x30	; 48	'0'
   007D 30                  173 	.db #0x30	; 48	'0'
   007E 30                  174 	.db #0x30	; 48	'0'
   007F 30                  175 	.db #0x30	; 48	'0'
                            176 	.area _INITIALIZER
                            177 	.area _CABS (ABS)
