                              1 ;--------------------------------------------------------
                              2 ; File Created by SDCC : free open source ANSI-C Compiler
                              3 ; Version 3.5.0 #9253 (Sep 22 2015) (CYGWIN)
                              4 ; This file was generated Fri Oct 23 09:13:18 2015
                              5 ;--------------------------------------------------------
                              6 	.module vida
                              7 	.optsdcc -mz80
                              8 	
                              9 ;--------------------------------------------------------
                             10 ; Public variables in this module
                             11 ;--------------------------------------------------------
                             12 	.globl _fatiga_full
                             13 	.globl _fatiga_nor
                             14 	.globl _corazon_roto
                             15 	.globl _corazon_lleno
                             16 ;--------------------------------------------------------
                             17 ; special function registers
                             18 ;--------------------------------------------------------
                             19 ;--------------------------------------------------------
                             20 ; ram data
                             21 ;--------------------------------------------------------
                             22 	.area _DATA
                             23 ;--------------------------------------------------------
                             24 ; ram data
                             25 ;--------------------------------------------------------
                             26 	.area _INITIALIZED
                             27 ;--------------------------------------------------------
                             28 ; absolute external ram data
                             29 ;--------------------------------------------------------
                             30 	.area _DABS (ABS)
                             31 ;--------------------------------------------------------
                             32 ; global & static initialisations
                             33 ;--------------------------------------------------------
                             34 	.area _HOME
                             35 	.area _GSINIT
                             36 	.area _GSFINAL
                             37 	.area _GSINIT
                             38 ;--------------------------------------------------------
                             39 ; Home
                             40 ;--------------------------------------------------------
                             41 	.area _HOME
                             42 	.area _HOME
                             43 ;--------------------------------------------------------
                             44 ; code
                             45 ;--------------------------------------------------------
                             46 	.area _CODE
                             47 	.area _CODE
   0000                      48 _corazon_lleno:
   0000 AA                   49 	.db #0xAA	; 170
   0001 04                   50 	.db #0x04	; 4
   0002 55                   51 	.db #0x55	; 85	'U'
   0003 08                   52 	.db #0x08	; 8
   0004 AA                   53 	.db #0xAA	; 170
   0005 04                   54 	.db #0x04	; 4
   0006 55                   55 	.db #0x55	; 85	'U'
   0007 08                   56 	.db #0x08	; 8
   0008 00                   57 	.db #0x00	; 0
   0009 0C                   58 	.db #0x0C	; 12
   000A 00                   59 	.db #0x00	; 0
   000B 0C                   60 	.db #0x0C	; 12
   000C 00                   61 	.db #0x00	; 0
   000D 0C                   62 	.db #0x0C	; 12
   000E 00                   63 	.db #0x00	; 0
   000F 0C                   64 	.db #0x0C	; 12
   0010 00                   65 	.db #0x00	; 0
   0011 0C                   66 	.db #0x0C	; 12
   0012 00                   67 	.db #0x00	; 0
   0013 0C                   68 	.db #0x0C	; 12
   0014 00                   69 	.db #0x00	; 0
   0015 0C                   70 	.db #0x0C	; 12
   0016 00                   71 	.db #0x00	; 0
   0017 0C                   72 	.db #0x0C	; 12
   0018 00                   73 	.db #0x00	; 0
   0019 0C                   74 	.db #0x0C	; 12
   001A 00                   75 	.db #0x00	; 0
   001B 0C                   76 	.db #0x0C	; 12
   001C 00                   77 	.db #0x00	; 0
   001D 0C                   78 	.db #0x0C	; 12
   001E 00                   79 	.db #0x00	; 0
   001F 0C                   80 	.db #0x0C	; 12
   0020 00                   81 	.db #0x00	; 0
   0021 0C                   82 	.db #0x0C	; 12
   0022 00                   83 	.db #0x00	; 0
   0023 0C                   84 	.db #0x0C	; 12
   0024 00                   85 	.db #0x00	; 0
   0025 0C                   86 	.db #0x0C	; 12
   0026 00                   87 	.db #0x00	; 0
   0027 0C                   88 	.db #0x0C	; 12
   0028 AA                   89 	.db #0xAA	; 170
   0029 04                   90 	.db #0x04	; 4
   002A 00                   91 	.db #0x00	; 0
   002B 0C                   92 	.db #0x0C	; 12
   002C 00                   93 	.db #0x00	; 0
   002D 0C                   94 	.db #0x0C	; 12
   002E 55                   95 	.db #0x55	; 85	'U'
   002F 08                   96 	.db #0x08	; 8
   0030 FF                   97 	.db #0xFF	; 255
   0031 00                   98 	.db #0x00	; 0
   0032 00                   99 	.db #0x00	; 0
   0033 0C                  100 	.db #0x0C	; 12
   0034 00                  101 	.db #0x00	; 0
   0035 0C                  102 	.db #0x0C	; 12
   0036 FF                  103 	.db #0xFF	; 255
   0037 00                  104 	.db #0x00	; 0
   0038 FF                  105 	.db #0xFF	; 255
   0039 00                  106 	.db #0x00	; 0
   003A AA                  107 	.db #0xAA	; 170
   003B 04                  108 	.db #0x04	; 4
   003C 55                  109 	.db #0x55	; 85	'U'
   003D 08                  110 	.db #0x08	; 8
   003E FF                  111 	.db #0xFF	; 255
   003F 00                  112 	.db #0x00	; 0
   0040                     113 _corazon_roto:
   0040 AA                  114 	.db #0xAA	; 170
   0041 04                  115 	.db #0x04	; 4
   0042 55                  116 	.db #0x55	; 85	'U'
   0043 08                  117 	.db #0x08	; 8
   0044 AA                  118 	.db #0xAA	; 170
   0045 04                  119 	.db #0x04	; 4
   0046 55                  120 	.db #0x55	; 85	'U'
   0047 08                  121 	.db #0x08	; 8
   0048 55                  122 	.db #0x55	; 85	'U'
   0049 08                  123 	.db #0x08	; 8
   004A AA                  124 	.db #0xAA	; 170
   004B 04                  125 	.db #0x04	; 4
   004C AA                  126 	.db #0xAA	; 170
   004D 04                  127 	.db #0x04	; 4
   004E AA                  128 	.db #0xAA	; 170
   004F 04                  129 	.db #0x04	; 4
   0050 55                  130 	.db #0x55	; 85	'U'
   0051 08                  131 	.db #0x08	; 8
   0052 55                  132 	.db #0x55	; 85	'U'
   0053 08                  133 	.db #0x08	; 8
   0054 AA                  134 	.db #0xAA	; 170
   0055 04                  135 	.db #0x04	; 4
   0056 AA                  136 	.db #0xAA	; 170
   0057 04                  137 	.db #0x04	; 4
   0058 55                  138 	.db #0x55	; 85	'U'
   0059 08                  139 	.db #0x08	; 8
   005A 55                  140 	.db #0x55	; 85	'U'
   005B 08                  141 	.db #0x08	; 8
   005C 55                  142 	.db #0x55	; 85	'U'
   005D 08                  143 	.db #0x08	; 8
   005E AA                  144 	.db #0xAA	; 170
   005F 04                  145 	.db #0x04	; 4
   0060 55                  146 	.db #0x55	; 85	'U'
   0061 08                  147 	.db #0x08	; 8
   0062 55                  148 	.db #0x55	; 85	'U'
   0063 08                  149 	.db #0x08	; 8
   0064 AA                  150 	.db #0xAA	; 170
   0065 04                  151 	.db #0x04	; 4
   0066 AA                  152 	.db #0xAA	; 170
   0067 04                  153 	.db #0x04	; 4
   0068 AA                  154 	.db #0xAA	; 170
   0069 04                  155 	.db #0x04	; 4
   006A AA                  156 	.db #0xAA	; 170
   006B 04                  157 	.db #0x04	; 4
   006C AA                  158 	.db #0xAA	; 170
   006D 04                  159 	.db #0x04	; 4
   006E 55                  160 	.db #0x55	; 85	'U'
   006F 08                  161 	.db #0x08	; 8
   0070 FF                  162 	.db #0xFF	; 255
   0071 00                  163 	.db #0x00	; 0
   0072 00                  164 	.db #0x00	; 0
   0073 0C                  165 	.db #0x0C	; 12
   0074 AA                  166 	.db #0xAA	; 170
   0075 04                  167 	.db #0x04	; 4
   0076 FF                  168 	.db #0xFF	; 255
   0077 00                  169 	.db #0x00	; 0
   0078 FF                  170 	.db #0xFF	; 255
   0079 00                  171 	.db #0x00	; 0
   007A AA                  172 	.db #0xAA	; 170
   007B 04                  173 	.db #0x04	; 4
   007C FF                  174 	.db #0xFF	; 255
   007D 00                  175 	.db #0x00	; 0
   007E FF                  176 	.db #0xFF	; 255
   007F 00                  177 	.db #0x00	; 0
   0080                     178 _fatiga_nor:
   0080 AA                  179 	.db #0xAA	; 170
   0081 40                  180 	.db #0x40	; 64
   0082 FF                  181 	.db #0xFF	; 255
   0083 00                  182 	.db #0x00	; 0
   0084 AA                  183 	.db #0xAA	; 170
   0085 40                  184 	.db #0x40	; 64
   0086 FF                  185 	.db #0xFF	; 255
   0087 00                  186 	.db #0x00	; 0
   0088 AA                  187 	.db #0xAA	; 170
   0089 40                  188 	.db #0x40	; 64
   008A FF                  189 	.db #0xFF	; 255
   008B 00                  190 	.db #0x00	; 0
   008C AA                  191 	.db #0xAA	; 170
   008D 40                  192 	.db #0x40	; 64
   008E FF                  193 	.db #0xFF	; 255
   008F 00                  194 	.db #0x00	; 0
   0090 AA                  195 	.db #0xAA	; 170
   0091 40                  196 	.db #0x40	; 64
   0092 FF                  197 	.db #0xFF	; 255
   0093 00                  198 	.db #0x00	; 0
   0094 00                  199 	.db #0x00	; 0
   0095 C0                  200 	.db #0xC0	; 192
   0096 55                  201 	.db #0x55	; 85	'U'
   0097 80                  202 	.db #0x80	; 128
   0098 AA                  203 	.db #0xAA	; 170
   0099 40                  204 	.db #0x40	; 64
   009A FF                  205 	.db #0xFF	; 255
   009B 00                  206 	.db #0x00	; 0
   009C AA                  207 	.db #0xAA	; 170
   009D 40                  208 	.db #0x40	; 64
   009E FF                  209 	.db #0xFF	; 255
   009F 00                  210 	.db #0x00	; 0
   00A0                     211 _fatiga_full:
   00A0 AA                  212 	.db #0xAA	; 170
   00A1 04                  213 	.db #0x04	; 4
   00A2 FF                  214 	.db #0xFF	; 255
   00A3 00                  215 	.db #0x00	; 0
   00A4 AA                  216 	.db #0xAA	; 170
   00A5 04                  217 	.db #0x04	; 4
   00A6 FF                  218 	.db #0xFF	; 255
   00A7 00                  219 	.db #0x00	; 0
   00A8 AA                  220 	.db #0xAA	; 170
   00A9 04                  221 	.db #0x04	; 4
   00AA FF                  222 	.db #0xFF	; 255
   00AB 00                  223 	.db #0x00	; 0
   00AC AA                  224 	.db #0xAA	; 170
   00AD 04                  225 	.db #0x04	; 4
   00AE FF                  226 	.db #0xFF	; 255
   00AF 00                  227 	.db #0x00	; 0
   00B0 AA                  228 	.db #0xAA	; 170
   00B1 04                  229 	.db #0x04	; 4
   00B2 FF                  230 	.db #0xFF	; 255
   00B3 00                  231 	.db #0x00	; 0
   00B4 00                  232 	.db #0x00	; 0
   00B5 0C                  233 	.db #0x0C	; 12
   00B6 55                  234 	.db #0x55	; 85	'U'
   00B7 08                  235 	.db #0x08	; 8
   00B8 AA                  236 	.db #0xAA	; 170
   00B9 04                  237 	.db #0x04	; 4
   00BA FF                  238 	.db #0xFF	; 255
   00BB 00                  239 	.db #0x00	; 0
   00BC AA                  240 	.db #0xAA	; 170
   00BD 04                  241 	.db #0x04	; 4
   00BE FF                  242 	.db #0xFF	; 255
   00BF 00                  243 	.db #0x00	; 0
                            244 	.area _INITIALIZER
                            245 	.area _CABS (ABS)
